2023-03-24 16:56:37,240 [INFO] Activator:176 - 


2023-03-24 16:56:37,242 [INFO] Activator:177 - !SESSION log4j initialized
2023-03-24 16:56:43,771 [INFO] LogOutputStream:77 - [STDOUT_REDIRECT] 
2023-03-24 16:57:05,249 [INFO] ApplicationProperties:184 - Using Application install path: C:\ST\STM32CubeIDE_1.12.0\STM32CubeIDE\plugins\com.st.stm32cube.common.mx_6.8.0.202302231600
2023-03-24 16:57:05,275 [INFO] DbMcusXml:78 - Set database path to: C:\ST\STM32CubeIDE_1.12.0\STM32CubeIDE\plugins\com.st.stm32cube.common.mx_6.8.0.202302231600\\db\/mcu/
2023-03-24 16:57:05,276 [INFO] ApiDb:274 - Set plugin database path to: C:\ST\STM32CubeIDE_1.12.0\STM32CubeIDE\plugins\com.st.stm32cube.common.mx_6.8.0.202302231600\\db\/plugins/boardmanager/
2023-03-24 16:57:05,293 [WARN] ApiDb:259 - Overriding images path with different value:  => C:\ST\STM32CubeIDE_1.12.0\STM32CubeIDE\plugins\com.st.stm32cube.common.mx_6.8.0.202302231600\\db\/plugins/mcufinder/images/
2023-03-24 16:57:06,279 [ERROR] LogOutputStream:75 - [STDERR_REDIRECT] SLF4J: Failed to load class "org.slf4j.impl.StaticLoggerBinder".
2023-03-24 16:57:06,279 [ERROR] LogOutputStream:75 - [STDERR_REDIRECT] SLF4J: Defaulting to no-operation (NOP) logger implementation
2023-03-24 16:57:06,282 [ERROR] LogOutputStream:75 - [STDERR_REDIRECT] SLF4J: See http://www.slf4j.org/codes.html#StaticLoggerBinder for further details.
2023-03-24 16:57:07,059 [WARN] ApiFinderProperties:113 - C:\Users\user\.stmcufinder\plugins\mcufinder\mcu\mcuFinder.mfd doesn't exist
2023-03-24 16:57:07,061 [INFO] ApiDb:250 - Set database path to: C:\Users\user\.stmcufinder\plugins\mcufinder//mcu/
2023-03-24 16:57:07,062 [INFO] DbMcusAds:125 - Set database path to: C:\Users\user\.stmcufinder\plugins\mcufinder//mcu/
2023-03-24 16:57:07,363 [INFO] CrossReferenceDbSqlite:203 - Set database path to: C:\Users\user\.stmcufinder\plugins\mcufinder//mcu/cs/
2023-03-24 16:57:07,468 [INFO] RulesReader:64 - Compatibility file has been processed (293 Rules)
2023-03-24 16:57:07,567 [INFO] DbMcusXml:78 - Set database path to: C:\ST\STM32CubeIDE_1.12.0\STM32CubeIDE\plugins\com.st.stm32cube.common.mx_6.8.0.202302231600\\db\/mcu/
2023-03-24 16:57:07,567 [INFO] ApiDb:274 - Set plugin database path to: C:\ST\STM32CubeIDE_1.12.0\STM32CubeIDE\plugins\com.st.stm32cube.common.mx_6.8.0.202302231600\\db\/plugins/boardmanager/
2023-03-24 16:57:07,568 [INFO] ApiDb:261 - Set plugin images path to: C:\ST\STM32CubeIDE_1.12.0\STM32CubeIDE\plugins\com.st.stm32cube.common.mx_6.8.0.202302231600\\db\/plugins/mcufinder/images/
2023-03-24 16:57:07,568 [WARN] DbFile:41 - Overriding database path with different value: C:\Users\user\.stmcufinder\plugins\mcufinder/ => C:\Users\user\.stmcufinder\plugins\mcufinder
2023-03-24 16:57:07,568 [INFO] ApiDb:250 - Set database path to: C:\Users\user\.stmcufinder\plugins\mcufinder//mcu/
2023-03-24 16:57:07,568 [WARN] DbFile:41 - Overriding database path with different value: C:\Users\user\.stmcufinder\plugins\mcufinder/ => C:\Users\user\.stmcufinder\plugins\mcufinder
2023-03-24 16:57:07,569 [INFO] DbMcusAds:125 - Set database path to: C:\Users\user\.stmcufinder\plugins\mcufinder//mcu/
2023-03-24 16:57:07,569 [WARN] DbFile:41 - Overriding database path with different value: C:\Users\user\.stmcufinder\plugins\mcufinder/ => C:\Users\user\.stmcufinder\plugins\mcufinder
2023-03-24 16:57:07,569 [WARN] DbFile:41 - Overriding database path with different value: C:\Users\user\.stmcufinder\plugins\mcufinder/ => C:\Users\user\.stmcufinder\plugins\mcufinder
2023-03-24 16:57:07,569 [INFO] CrossReferenceDbSqlite:203 - Set database path to: C:\Users\user\.stmcufinder\plugins\mcufinder//mcu/cs/
2023-03-24 16:57:07,658 [INFO] MainPanel:253 - HeapMemory: 268435456
2023-03-24 16:57:07,749 [INFO] DbMcusXml:78 - Set database path to: C:\ST\STM32CubeIDE_1.12.0\STM32CubeIDE\plugins\com.st.stm32cube.common.mx_6.8.0.202302231600\\db\/mcu/
2023-03-24 16:57:07,750 [INFO] ApiDb:274 - Set plugin database path to: C:\ST\STM32CubeIDE_1.12.0\STM32CubeIDE\plugins\com.st.stm32cube.common.mx_6.8.0.202302231600\\db\/plugins/boardmanager/
2023-03-24 16:57:07,750 [INFO] ApiDb:261 - Set plugin images path to: C:\ST\STM32CubeIDE_1.12.0\STM32CubeIDE\plugins\com.st.stm32cube.common.mx_6.8.0.202302231600\\db\/plugins/mcufinder/images/
2023-03-24 16:57:07,750 [WARN] DbFile:41 - Overriding database path with different value: C:\Users\user\.stmcufinder\plugins\mcufinder/ => C:\Users\user\.stmcufinder\plugins\mcufinder
2023-03-24 16:57:07,751 [INFO] ApiDb:250 - Set database path to: C:\Users\user\.stmcufinder\plugins\mcufinder//mcu/
2023-03-24 16:57:07,751 [WARN] DbFile:41 - Overriding database path with different value: C:\Users\user\.stmcufinder\plugins\mcufinder/ => C:\Users\user\.stmcufinder\plugins\mcufinder
2023-03-24 16:57:07,751 [INFO] DbMcusAds:125 - Set database path to: C:\Users\user\.stmcufinder\plugins\mcufinder//mcu/
2023-03-24 16:57:07,751 [WARN] DbFile:41 - Overriding database path with different value: C:\Users\user\.stmcufinder\plugins\mcufinder/ => C:\Users\user\.stmcufinder\plugins\mcufinder
2023-03-24 16:57:07,751 [WARN] DbFile:41 - Overriding database path with different value: C:\Users\user\.stmcufinder\plugins\mcufinder/ => C:\Users\user\.stmcufinder\plugins\mcufinder
2023-03-24 16:57:07,751 [INFO] CrossReferenceDbSqlite:203 - Set database path to: C:\Users\user\.stmcufinder\plugins\mcufinder//mcu/cs/
2023-03-24 16:57:07,771 [INFO] ApplicationProperties:184 - Using Application install path: C:\ST\STM32CubeIDE_1.12.0\STM32CubeIDE\plugins\com.st.stm32cube.common.mx_6.8.0.202302231600
2023-03-24 16:57:07,773 [INFO] PluginManage:196 - Search for loadable plugins [exclusion list=, ]
2023-03-24 16:57:07,774 [INFO] PluginManage:310 - Check plugin analytics
2023-03-24 16:57:07,949 [INFO] AnalyticsPlugin:253 - Accepted Software Licenses: 
2023-03-24 16:57:07,950 [INFO] AnalyticsPlugin:255 - Accepted CMSIS Pack Licenses: 
2023-03-24 16:57:07,951 [INFO] AnalyticsPlugin:257 - Accepted Firmware Licenses: 
2023-03-24 16:57:07,960 [INFO] PluginManage:359 - Loaded plugin analytics (category:tool,tabindex:-1)
2023-03-24 16:57:07,961 [INFO] PluginManage:310 - Check plugin cadmodel
2023-03-24 16:57:07,966 [INFO] CADModel:105 - Init CAD model plugin
2023-03-24 16:57:07,966 [INFO] PluginManage:359 - Loaded plugin cadmodel (category:power,tabindex:5)
2023-03-24 16:57:07,966 [INFO] PluginManage:310 - Check plugin clock
2023-03-24 16:57:07,977 [INFO] PluginManage:359 - Loaded plugin clock (category:base,tabindex:2)
2023-03-24 16:57:07,977 [INFO] PluginManage:310 - Check plugin ddr
2023-03-24 16:57:07,980 [INFO] PluginManage:359 - Loaded plugin ddr (category:tool,tabindex:6)
2023-03-24 16:57:07,981 [INFO] PluginManage:310 - Check plugin filemanager
2023-03-24 16:57:08,121 [INFO] PluginManage:359 - Loaded plugin filemanager (category:base,tabindex:10)
2023-03-24 16:57:08,121 [INFO] PluginManage:310 - Check plugin ipmanager
2023-03-24 16:57:08,129 [INFO] PluginManage:359 - Loaded plugin ipmanager (category:base,tabindex:5)
2023-03-24 16:57:08,130 [INFO] PluginManage:310 - Check plugin lpbam
2023-03-24 16:57:08,140 [INFO] PluginManage:359 - Loaded plugin lpbam (category:base,tabindex:0)
2023-03-24 16:57:08,140 [INFO] PluginManage:310 - Check plugin pinoutandconfiguration
2023-03-24 16:57:08,147 [INFO] PluginManage:359 - Loaded plugin pinoutandconfiguration (category:base,tabindex:1)
2023-03-24 16:57:08,148 [INFO] PluginManage:310 - Check plugin pinoutconfig
2023-03-24 16:57:08,225 [WARN] SupportedApi:132 - Cannot load RTOS API schema: s4s-elt-must-match.1: The content of 'definitions' must match (annotation?, (simpleType | complexType)?, (unique | key | keyref)*)). A problem was found starting at: attribute.
2023-03-24 16:57:08,369 [INFO] PluginManage:359 - Loaded plugin pinoutconfig (category:base,tabindex:0)
2023-03-24 16:57:08,370 [INFO] PluginManage:310 - Check plugin power
2023-03-24 16:57:08,382 [INFO] PluginManage:359 - Loaded plugin power (category:power,tabindex:4)
2023-03-24 16:57:08,382 [INFO] PluginManage:310 - Check plugin projectmanager
2023-03-24 16:57:08,405 [INFO] PluginManage:359 - Loaded plugin projectmanager (category:projectmanager,tabindex:3)
2023-03-24 16:57:08,405 [INFO] PluginManage:310 - Check plugin thirdparty
2023-03-24 16:57:08,543 [INFO] PluginManage:359 - Loaded plugin thirdparty (category:base,tabindex:-1)
2023-03-24 16:57:08,543 [WARN] IntegrityCheckThread:84 - waiting for thirdparty lock release [integrity check]
2023-03-24 16:57:08,544 [INFO] PluginManage:310 - Check plugin tools
2023-03-24 16:57:08,544 [INFO] IntegrityCheckThread:86 - entering critical section [integrity check]
2023-03-24 16:57:08,547 [INFO] PluginManage:359 - Loaded plugin tools (category:base,tabindex:7)
2023-03-24 16:57:08,547 [INFO] ThirdPartyUpdaterWithRetryManager:70 - Updater plugin not ready yet. [1/15]
2023-03-24 16:57:08,547 [INFO] PluginManage:310 - Check plugin tutovideos
2023-03-24 16:57:08,806 [INFO] PluginManage:359 - Loaded plugin tutovideos (category:base,tabindex:-1)
2023-03-24 16:57:08,807 [INFO] PluginManage:310 - Check plugin updater
2023-03-24 16:57:08,821 [INFO] PluginManage:359 - Loaded plugin updater (category:base,tabindex:12)
2023-03-24 16:57:08,822 [INFO] PluginManage:283 - PluginManage : Loaded plugins [15]
2023-03-24 16:57:09,090 [INFO] PinOutPanel:1499 - setPackage(No Configuration,No Configuration)
2023-03-24 16:57:09,161 [INFO] CADModel:165 - CPN selected for project level
2023-03-24 16:57:09,161 [INFO] CADModel:114 - Register for checkConnection events
2023-03-24 16:57:09,181 [INFO] IPUIPlugin:80 - create IPUIPlugin
2023-03-24 16:57:09,181 [INFO] PluginManager:220 - loadIPPluginJar : add adc
2023-03-24 16:57:09,184 [INFO] IPUIPlugin:80 - create IPUIPlugin
2023-03-24 16:57:09,185 [INFO] PluginManager:220 - loadIPPluginJar : add aes
2023-03-24 16:57:09,187 [INFO] IPUIPlugin:80 - create IPUIPlugin
2023-03-24 16:57:09,188 [INFO] PluginManager:220 - loadIPPluginJar : add can
2023-03-24 16:57:09,189 [INFO] IPUIPlugin:80 - create IPUIPlugin
2023-03-24 16:57:09,189 [INFO] PluginManager:220 - loadIPPluginJar : add comp
2023-03-24 16:57:09,192 [INFO] IPUIPlugin:80 - create IPUIPlugin
2023-03-24 16:57:09,192 [INFO] PluginManager:220 - loadIPPluginJar : add cryp
2023-03-24 16:57:09,194 [INFO] IPUIPlugin:80 - create IPUIPlugin
2023-03-24 16:57:09,194 [INFO] PluginManager:220 - loadIPPluginJar : add dfsdm
2023-03-24 16:57:09,200 [INFO] IPUIPlugin:80 - create IPUIPlugin
2023-03-24 16:57:09,201 [INFO] PluginManager:220 - loadIPPluginJar : add dma
2023-03-24 16:57:09,204 [INFO] IPUIPlugin:80 - create IPUIPlugin
2023-03-24 16:57:09,204 [INFO] PluginManager:220 - loadIPPluginJar : add dma3
2023-03-24 16:57:09,207 [INFO] IPUIPlugin:80 - create IPUIPlugin
2023-03-24 16:57:09,207 [INFO] PluginManager:220 - loadIPPluginJar : add fatfs
2023-03-24 16:57:09,212 [INFO] IPUIPlugin:80 - create IPUIPlugin
2023-03-24 16:57:09,212 [INFO] PluginManager:220 - loadIPPluginJar : add fmc
2023-03-24 16:57:09,218 [INFO] IPUIPlugin:80 - create IPUIPlugin
2023-03-24 16:57:09,218 [INFO] PluginManager:220 - loadIPPluginJar : add freertos
2023-03-24 16:57:09,221 [INFO] IPUIPlugin:80 - create IPUIPlugin
2023-03-24 16:57:09,221 [INFO] PluginManager:220 - loadIPPluginJar : add genericplugin
2023-03-24 16:57:09,223 [INFO] IPUIPlugin:80 - create IPUIPlugin
2023-03-24 16:57:09,223 [INFO] PluginManager:220 - loadIPPluginJar : add gfxmmu
2023-03-24 16:57:09,227 [INFO] IPUIPlugin:80 - create IPUIPlugin
2023-03-24 16:57:09,228 [INFO] PluginManager:220 - loadIPPluginJar : add gic
2023-03-24 16:57:09,231 [INFO] IPUIPlugin:80 - create IPUIPlugin
2023-03-24 16:57:09,231 [INFO] PluginManager:220 - loadIPPluginJar : add gpio
2023-03-24 16:57:09,234 [INFO] IPUIPlugin:80 - create IPUIPlugin
2023-03-24 16:57:09,234 [INFO] PluginManager:220 - loadIPPluginJar : add gtzc
2023-03-24 16:57:09,237 [INFO] IPUIPlugin:80 - create IPUIPlugin
2023-03-24 16:57:09,237 [INFO] PluginManager:220 - loadIPPluginJar : add hash
2023-03-24 16:57:09,240 [INFO] IPUIPlugin:80 - create IPUIPlugin
2023-03-24 16:57:09,240 [INFO] PluginManager:220 - loadIPPluginJar : add i2c
2023-03-24 16:57:09,242 [INFO] IPUIPlugin:80 - create IPUIPlugin
2023-03-24 16:57:09,243 [INFO] PluginManager:220 - loadIPPluginJar : add i2s
2023-03-24 16:57:09,246 [INFO] IPUIPlugin:80 - create IPUIPlugin
2023-03-24 16:57:09,246 [INFO] PluginManager:220 - loadIPPluginJar : add i3c
2023-03-24 16:57:09,250 [INFO] IPUIPlugin:80 - create IPUIPlugin
2023-03-24 16:57:09,250 [INFO] PluginManager:220 - loadIPPluginJar : add ipddr
2023-03-24 16:57:09,258 [INFO] IPUIPlugin:80 - create IPUIPlugin
2023-03-24 16:57:09,258 [INFO] PluginManager:220 - loadIPPluginJar : add linkedlist
2023-03-24 16:57:09,261 [INFO] IPUIPlugin:80 - create IPUIPlugin
2023-03-24 16:57:09,261 [INFO] PluginManager:220 - loadIPPluginJar : add lorawan
2023-03-24 16:57:09,263 [INFO] IPUIPlugin:80 - create IPUIPlugin
2023-03-24 16:57:09,263 [INFO] PluginManager:220 - loadIPPluginJar : add ltdc
2023-03-24 16:57:09,269 [INFO] IPUIPlugin:80 - create IPUIPlugin
2023-03-24 16:57:09,269 [INFO] PluginManager:220 - loadIPPluginJar : add mdma
2023-03-24 16:57:09,273 [INFO] IPUIPlugin:80 - create IPUIPlugin
2023-03-24 16:57:09,273 [INFO] PluginManager:220 - loadIPPluginJar : add nvic
2023-03-24 16:57:09,276 [INFO] IPUIPlugin:80 - create IPUIPlugin
2023-03-24 16:57:09,277 [INFO] PluginManager:220 - loadIPPluginJar : add opamp
2023-03-24 16:57:09,280 [INFO] IPUIPlugin:80 - create IPUIPlugin
2023-03-24 16:57:09,280 [INFO] PluginManager:220 - loadIPPluginJar : add openamp
2023-03-24 16:57:09,285 [INFO] IPUIPlugin:80 - create IPUIPlugin
2023-03-24 16:57:09,285 [INFO] PluginManager:220 - loadIPPluginJar : add pdm2pcm
2023-03-24 16:57:09,292 [INFO] IPUIPlugin:80 - create IPUIPlugin
2023-03-24 16:57:09,295 [INFO] PluginManager:220 - loadIPPluginJar : add plateformsettings
2023-03-24 16:57:09,297 [INFO] IPUIPlugin:80 - create IPUIPlugin
2023-03-24 16:57:09,297 [INFO] PluginManager:220 - loadIPPluginJar : add quadspi
2023-03-24 16:57:09,300 [INFO] IPUIPlugin:80 - create IPUIPlugin
2023-03-24 16:57:09,300 [INFO] PluginManager:220 - loadIPPluginJar : add resmgrutility
2023-03-24 16:57:09,304 [INFO] IPUIPlugin:80 - create IPUIPlugin
2023-03-24 16:57:09,304 [INFO] PluginManager:220 - loadIPPluginJar : add sai
2023-03-24 16:57:09,306 [INFO] IPUIPlugin:80 - create IPUIPlugin
2023-03-24 16:57:09,306 [INFO] PluginManager:220 - loadIPPluginJar : add spi
2023-03-24 16:57:09,311 [INFO] IPUIPlugin:80 - create IPUIPlugin
2023-03-24 16:57:09,312 [INFO] PluginManager:220 - loadIPPluginJar : add stm32_wpan
2023-03-24 16:57:09,314 [INFO] IPUIPlugin:80 - create IPUIPlugin
2023-03-24 16:57:09,314 [INFO] PluginManager:220 - loadIPPluginJar : add tim
2023-03-24 16:57:09,317 [INFO] IPUIPlugin:80 - create IPUIPlugin
2023-03-24 16:57:09,317 [INFO] PluginManager:220 - loadIPPluginJar : add touchsensing
2023-03-24 16:57:09,319 [INFO] IPUIPlugin:80 - create IPUIPlugin
2023-03-24 16:57:09,319 [INFO] PluginManager:220 - loadIPPluginJar : add tracer_emb
2023-03-24 16:57:09,321 [INFO] IPUIPlugin:80 - create IPUIPlugin
2023-03-24 16:57:09,321 [INFO] PluginManager:220 - loadIPPluginJar : add ts
2023-03-24 16:57:09,323 [INFO] IPUIPlugin:80 - create IPUIPlugin
2023-03-24 16:57:09,323 [INFO] PluginManager:220 - loadIPPluginJar : add tsc
2023-03-24 16:57:09,325 [INFO] IPUIPlugin:80 - create IPUIPlugin
2023-03-24 16:57:09,325 [INFO] PluginManager:220 - loadIPPluginJar : add ucpd
2023-03-24 16:57:09,328 [INFO] IPUIPlugin:80 - create IPUIPlugin
2023-03-24 16:57:09,328 [INFO] PluginManager:220 - loadIPPluginJar : add usart
2023-03-24 16:57:09,331 [INFO] IPUIPlugin:80 - create IPUIPlugin
2023-03-24 16:57:09,331 [INFO] PluginManager:220 - loadIPPluginJar : add usbx
2023-03-24 16:57:09,471 [INFO] CADModel:165 - CPN selected for project level
2023-03-24 16:57:09,472 [INFO] CADModel:114 - Register for checkConnection events
2023-03-24 16:57:09,472 [FATAL] Updater:308 - Updater called before beeing initialized
2023-03-24 16:57:09,472 [ERROR] CADModel:125 - Updater not yet initialized, retry later 
2023-03-24 16:57:09,615 [INFO] CADModel:165 - CPN selected for project level
2023-03-24 16:57:09,616 [INFO] CADModel:114 - Register for checkConnection events
2023-03-24 16:57:09,616 [FATAL] Updater:308 - Updater called before beeing initialized
2023-03-24 16:57:09,616 [ERROR] CADModel:125 - Updater not yet initialized, retry later 
2023-03-24 16:57:09,620 [FATAL] Updater:308 - Updater called before beeing initialized
2023-03-24 16:57:09,759 [FATAL] Updater:308 - Updater called before beeing initialized
2023-03-24 16:57:09,767 [INFO] DbMcusAds:53 - JSON generation date=Thu Sep 30 09:55:09 MSK 2021 (1632984909247)
2023-03-24 16:57:09,768 [FATAL] Updater:308 - Updater called before beeing initialized
2023-03-24 16:57:09,812 [WARN] DetailPanel:346 - Failed to get advertising image, set to default
2023-03-24 16:57:09,939 [FATAL] Updater:308 - Updater called before beeing initialized
2023-03-24 16:57:09,941 [FATAL] Updater:308 - Updater called before beeing initialized
2023-03-24 16:57:09,941 [FATAL] Updater:308 - Updater called before beeing initialized
2023-03-24 16:57:09,941 [WARN] DetailPanel:346 - Failed to get advertising image, set to default
2023-03-24 16:57:09,942 [FATAL] Updater:308 - Updater called before beeing initialized
2023-03-24 16:57:09,994 [ERROR] Updater:1120 - MainUpdater not yet initialized. External WinMGr cannot be set.
2023-03-24 16:57:09,996 [INFO] Updater:1056 - Updater Version found : 6.8.0
2023-03-24 16:57:10,015 [INFO] ApplicationProperties:184 - Using Application install path: C:\ST\STM32CubeIDE_1.12.0\STM32CubeIDE\plugins\com.st.stm32cube.common.mx_6.8.0.202302231600
2023-03-24 16:57:10,049 [INFO] MainUpdater:519 - Copy updater definitions from MX database
2023-03-24 16:57:10,082 [INFO] MainUpdater:552 - Copy flag file definitions from MX database
2023-03-24 16:57:10,084 [INFO] MainUpdater:568 - Copy thirdparty index definitions from MX database
2023-03-24 16:57:10,086 [INFO] MainUpdater:587 - Copy default thirdparty db definitions from MX database
2023-03-24 16:57:11,559 [INFO] ThirdPartyUpdaterWithRetryManager:70 - Updater plugin not ready yet. [2/15]
2023-03-24 16:57:11,602 [INFO] MainUpdater:2854 - connection check result : 10
2023-03-24 16:57:11,602 [INFO] MainUpdater:3548 - Updater definition file requires update
2023-03-24 16:57:11,604 [INFO] MainUpdater:283 - Updater Check For Update Now.
2023-03-24 16:57:11,605 [INFO] MicroXplorer:498 - Change Database Version : DB.6.0.80
2023-03-24 16:57:12,228 [INFO] ServerAccessManage:473 - Download File updaters.zip
2023-03-24 16:57:13,201 [INFO] FileExtend:240 - Unzip File : updaters.zip
2023-03-24 16:57:13,201 [INFO] FileExtend:255 - Standard Zip Deflate
2023-03-24 16:57:14,417 [INFO] ServerAccessManage:473 - Download File PacksControlFlags.xml
2023-03-24 16:57:14,572 [WARN] MainUpdater:1187 - Updater busy. Cannot search thirdparties
2023-03-24 16:57:14,573 [INFO] ThirdPartyUpdaterWithRetryManager:96 - Updater plugin is busy. [1/15]
2023-03-24 16:57:14,822 [INFO] ServerAccessManage:473 - Download File cubemx.pidx
2023-03-24 16:57:15,476 [INFO] ServerAccessManage:473 - Download File STMicroelectronics.FP-ATR-ASTRA1.pdsc
2023-03-24 16:57:17,494 [INFO] ServerAccessManage:473 - Download File STMicroelectronics.FP-ATR-SIGFOX1.pdsc
2023-03-24 16:57:17,588 [WARN] MainUpdater:1187 - Updater busy. Cannot search thirdparties
2023-03-24 16:57:17,588 [INFO] ThirdPartyUpdaterWithRetryManager:96 - Updater plugin is busy. [2/15]
2023-03-24 16:57:18,161 [INFO] ServerAccessManage:473 - Download File STMicroelectronics.X-CUBE-AI.pdsc
2023-03-24 16:57:20,596 [WARN] MainUpdater:1187 - Updater busy. Cannot search thirdparties
2023-03-24 16:57:20,596 [INFO] ThirdPartyUpdaterWithRetryManager:96 - Updater plugin is busy. [3/15]
2023-03-24 16:57:23,599 [WARN] MainUpdater:1187 - Updater busy. Cannot search thirdparties
2023-03-24 16:57:23,599 [INFO] ThirdPartyUpdaterWithRetryManager:96 - Updater plugin is busy. [4/15]
2023-03-24 16:57:24,041 [INFO] ServerAccessManage:473 - Download File STMicroelectronics.X-CUBE-ALS.pdsc
2023-03-24 16:57:25,463 [INFO] ServerAccessManage:473 - Download File STMicroelectronics.X-CUBE-BLE1.pdsc
2023-03-24 16:57:26,607 [WARN] MainUpdater:1187 - Updater busy. Cannot search thirdparties
2023-03-24 16:57:26,607 [INFO] ThirdPartyUpdaterWithRetryManager:96 - Updater plugin is busy. [5/15]
2023-03-24 16:57:29,614 [WARN] MainUpdater:1187 - Updater busy. Cannot search thirdparties
2023-03-24 16:57:29,614 [INFO] ThirdPartyUpdaterWithRetryManager:96 - Updater plugin is busy. [6/15]
2023-03-24 16:57:32,130 [INFO] MainUpdater:2854 - connection check result : 10
2023-03-24 16:57:32,627 [WARN] MainUpdater:1187 - Updater busy. Cannot search thirdparties
2023-03-24 16:57:32,627 [INFO] ThirdPartyUpdaterWithRetryManager:96 - Updater plugin is busy. [7/15]
2023-03-24 16:57:32,833 [ERROR] ServerAccessManage:1089 - Problem, file not found on Server
2023-03-24 16:57:32,942 [INFO] ServerAccessManage:473 - Download File STMicroelectronics.X-CUBE-BLE2.pdsc
2023-03-24 16:57:34,586 [INFO] ServerAccessManage:473 - Download File STMicroelectronics.X-CUBE-BLEMGR.pdsc
2023-03-24 16:57:35,612 [INFO] ServerAccessManage:473 - Download File STMicroelectronics.X-CUBE-DISPLAY.pdsc
2023-03-24 16:57:35,635 [WARN] MainUpdater:1187 - Updater busy. Cannot search thirdparties
2023-03-24 16:57:35,635 [INFO] ThirdPartyUpdaterWithRetryManager:96 - Updater plugin is busy. [8/15]
2023-03-24 16:57:37,671 [INFO] ServerAccessManage:473 - Download File STMicroelectronics.X-CUBE-EEPRMA1.pdsc
2023-03-24 16:57:38,022 [ERROR] ServerAccessManage:1089 - Problem, file not found on Server
2023-03-24 16:57:38,643 [WARN] MainUpdater:1187 - Updater busy. Cannot search thirdparties
2023-03-24 16:57:38,643 [INFO] ThirdPartyUpdaterWithRetryManager:96 - Updater plugin is busy. [9/15]
2023-03-24 16:57:39,774 [INFO] ServerAccessManage:473 - Download File STMicroelectronics.X-CUBE-FREERTOS.pdsc
2023-03-24 16:57:40,057 [INFO] ServerAccessManage:473 - Download File STMicroelectronics.X-CUBE-GNSS1.pdsc
2023-03-24 16:57:41,647 [WARN] MainUpdater:1187 - Updater busy. Cannot search thirdparties
2023-03-24 16:57:41,647 [INFO] ThirdPartyUpdaterWithRetryManager:96 - Updater plugin is busy. [10/15]
2023-03-24 16:57:42,425 [ERROR] ServerAccessManage:1089 - Problem, file not found on Server
2023-03-24 16:57:42,597 [ERROR] ServerAccessManage:1089 - Problem, file not found on Server
2023-03-24 16:57:42,814 [ERROR] ServerAccessManage:1089 - Problem, file not found on Server
2023-03-24 16:57:43,001 [ERROR] ServerAccessManage:1089 - Problem, file not found on Server
2023-03-24 16:57:43,192 [ERROR] ServerAccessManage:1089 - Problem, file not found on Server
2023-03-24 16:57:43,377 [ERROR] ServerAccessManage:1089 - Problem, file not found on Server
2023-03-24 16:57:43,482 [INFO] ServerAccessManage:473 - Download File STMicroelectronics.X-CUBE-ISPU.pdsc
2023-03-24 16:57:43,861 [INFO] ServerAccessManage:473 - Download File STMicroelectronics.X-CUBE-MEMS1.pdsc
2023-03-24 16:57:44,661 [WARN] MainUpdater:1187 - Updater busy. Cannot search thirdparties
2023-03-24 16:57:44,661 [INFO] ThirdPartyUpdaterWithRetryManager:96 - Updater plugin is busy. [11/15]
2023-03-24 16:57:47,676 [WARN] MainUpdater:1187 - Updater busy. Cannot search thirdparties
2023-03-24 16:57:47,676 [INFO] ThirdPartyUpdaterWithRetryManager:96 - Updater plugin is busy. [12/15]
2023-03-24 16:57:48,016 [INFO] ServerAccessManage:473 - Download File STMicroelectronics.X-CUBE-NFC4.pdsc
2023-03-24 16:57:49,832 [INFO] ServerAccessManage:473 - Download File STMicroelectronics.X-CUBE-NFC7.pdsc
2023-03-24 16:57:50,344 [INFO] ServerAccessManage:473 - Download File STMicroelectronics.X-CUBE-SFXS2LP1.pdsc
2023-03-24 16:57:50,686 [WARN] MainUpdater:1187 - Updater busy. Cannot search thirdparties
2023-03-24 16:57:50,686 [INFO] ThirdPartyUpdaterWithRetryManager:96 - Updater plugin is busy. [13/15]
2023-03-24 16:57:52,754 [INFO] ApiDb:581 - Connected to CubeFinder SQLite database (C:\Users\user\.stmcufinder\plugins\mcufinder\mcu\cube-finder-db.db)
2023-03-24 16:57:52,770 [INFO] ServerAccessManage:473 - Download File STMicroelectronics.X-CUBE-SUBG2.pdsc
2023-03-24 16:57:52,819 [INFO] ApiDb:668 - CubeFinder database Data Model version=2.1
2023-03-24 16:57:52,819 [INFO] ApiDb:669 - CubeFinder database Configuration version=3.0.35
2023-03-24 16:57:52,820 [INFO] ApiDb:670 - CubeFinder database generation date=2023-02-21 (1676964986)
2023-03-24 16:57:52,820 [INFO] ApiDb:671 - CubeFinder database FW Pack versions=[FP-ATR-ASTRA1_V1.1.1, STM32Cube_FW_C0_V1.0.1, STM32Cube_FW_F0_V1.11.4, STM32Cube_FW_F3_V1.11.4, STM32Cube_FW_F4_V1.27.1, STM32Cube_FW_F7_V1.17.0, STM32Cube_FW_G0_V1.6.1, STM32Cube_FW_G4_V1.5.1, STM32Cube_FW_H5_V0.5.1, STM32Cube_FW_H5_V1.0.0, STM32Cube_FW_H7_V1.11.0, STM32Cube_FW_L0_V1.12.2, STM32Cube_FW_L5_V1.5.0, STM32Cube_FW_U5_V1.2.0, STM32Cube_FW_WBA_V1.0.0, STM32Cube_FW_WBA_V1.0.0RC1, STM32Cube_FW_WBA_V1.0.0RC3, STM32Cube_FW_WB_V1.15.0RC1, STM32Cube_FW_WB_V1.16.0, STM32Cube_FW_WB_V1.16.0RC2, STM32Cube_FW_WL_V1.3.0, X-CUBE-ALGOBUILD_V1.3.0, X-CUBE-ALS_V1.0.1, X-CUBE-AZRTOS-F4_V1.1.0, X-CUBE-AZRTOS-F7_V1.1.0, X-CUBE-AZRTOS-G0_V1.1.0, X-CUBE-AZRTOS-G4_V1.0.0, X-CUBE-AZRTOS-H7_V3.0.0, X-CUBE-AZRTOS-L4_V1.0.0, X-CUBE-AZRTOS-L5_V1.1.0, X-CUBE-AZRTOS-WB_V1.1.0, X-CUBE-AZRTOS-WL_V1.0.0, X-CUBE-BLE1_V6.2.4, X-CUBE-BLE2_V3.3.0, X-CUBE-BLEMGR_V1.3.0, X-CUBE-EEPRMA1_V4.1.0, X-CUBE-GNSS1_V6.0.0, X-CUBE-MEMS1_V9.1.0, X-CUBE-MEMS1_V9.4.0, X-CUBE-MEMS1_V9.5.0, X-CUBE-NFC4_V3.0.0, X-CUBE-NFC7_V1.0.0, X-CUBE-SFXS2LP1_V4.0.0, X-CUBE-SUBG2_V5.0.0]
2023-03-24 16:57:52,920 [INFO] DbBoardsSqlite:226 - include board P-NUCLEO-WB55-NUCLEO as a kit item of type 'Nucleo-64'
2023-03-24 16:57:52,920 [INFO] DbBoardsSqlite:226 - include board P-NUCLEO-WB55-USBDONGLE as a kit item of type 'Nucleo USB Dongle'
2023-03-24 16:57:52,921 [INFO] DbBoardsSqlite:226 - include board STEVAL-IDP005V1 as a kit item of type 'Evaluation Board'
2023-03-24 16:57:52,921 [INFO] DbBoardsSqlite:226 - include board STEVAL-IDP005V2 as a kit item of type 'Evaluation Board'
2023-03-24 16:57:52,990 [INFO] ApiDb:240 - Found 297 in-development CPN: [B-G473E-ZEST1S, B-WB1M-WPAN1, B-WL5M-SUBG1, NUCLEO-C031C6, NUCLEO-H503RB, NUCLEO-H563ZI, NUCLEO-U545RE-Q, NUCLEO-U5A5ZJ-Q, NUCLEO-WBA52CG, STEVAL-PROTEUS1, STEVAL-STWINBX1, STM320518-EVAL, STM32C0116-DK, STM32C011D6Y3TR, STM32C011D6Y6TR, STM32C011F4P3, STM32C011F4P6, STM32C011F4U3, STM32C011F4U6TR, STM32C011F6P3, STM32C011F6P6, STM32C011F6U3, STM32C011F6U6TR, STM32C011J4M3, STM32C011J4M6, STM32C011J6M3, STM32C011J6M6, STM32C0316-DK, STM32C031C4T3, STM32C031C4T6, STM32C031C4U3, STM32C031C4U6, STM32C031C6T3, STM32C031C6T6, STM32C031C6U3, STM32C031C6U6, STM32C031F4P3, STM32C031F4P6, STM32C031F6P3, STM32C031F6P6, STM32C031G4U3, STM32C031G4U6, STM32C031G6U3, STM32C031G6U6, STM32C031K4T3, STM32C031K4T6, STM32C031K4U3, STM32C031K4U6, STM32C031K6T3, STM32C031K6T6, STM32C031K6U3, STM32C031K6U6, STM32G071K8TXN, STM32G071K8UXN, STM32G081GBU6N, STM32G081KBT6N, STM32G081KBUXN, STM32G0B1CCT6N, STM32G0B1KCT6, STM32G0B1NEY6TR, STM32G0B1RCT6N, STM32G0C1CCT6, STM32G0C1CCT6N, STM32G0C1CCU6N, STM32G0C1CET6N, STM32G0C1CEU6N, STM32G0C1KCT6, STM32G0C1NEY6TR, STM32G0C1RCI6N, STM32G0C1RCT6N, STM32G0C1REI6N, STM32G0C1RET6N, STM32G0C1VCI6, STM32G0C1VEI6, STM32G471CCT6, STM32G471CCU6, STM32G471CET3, STM32G471CET6, STM32G471CEU3, STM32G471CEU6, STM32G471MCT6, STM32G471MET3, STM32G471MET6, STM32G471MEY6TR, STM32G471QCT6, STM32G471QET3, STM32G471RCT6, STM32G471RET3, STM32G471RET6, STM32G471VCH6, STM32G471VCI6, STM32G471VCT6, STM32G471VEH3, STM32G471VEH6, STM32G471VEI3, STM32G471VEI6, STM32G471VET3, STM32G471VET6, STM32G474CCT6, STM32H503CBT6, STM32H503CBU6, STM32H503EBY6TR, STM32H503KBU6, STM32H503RBT6, STM32H562AGI6, STM32H562AII6, STM32H562IGK6, STM32H562IGT6, STM32H562IIK6, STM32H562IIT6, STM32H562RGT6, STM32H562RGV6, STM32H562RIT6, STM32H562RIV6, STM32H562VGT6, STM32H562VIT6, STM32H562ZGT6, STM32H562ZIT6, STM32H563AGI6, STM32H563AII3Q, STM32H563AII6, STM32H563IGK6, STM32H563IGT6, STM32H563IIK3Q, STM32H563IIK6, STM32H563IIT3Q, STM32H563IIT6, STM32H563MIY3QTR, STM32H563RGT6, STM32H563RGV6, STM32H563RIT6, STM32H563RIV6, STM32H563VGT6, STM32H563VIT3Q, STM32H563VIT6, STM32H563ZGT6, STM32H563ZIT3Q, STM32H563ZIT6, STM32H573AII3Q, STM32H573AII6, STM32H573I-DK, STM32H573IIK3Q, STM32H573IIK6, STM32H573IIT3Q, STM32H573IIT6, STM32H573MIY3QTR, STM32H573RIT6, STM32H573RIV6, STM32H573VIT3Q, STM32H573VIT6, STM32H573ZIT3Q, STM32H573ZIT6, STM32L4R5QGI6STR, STM32MP131AAE3, STM32MP131AAF3, STM32MP131AAG3, STM32MP131CAE3, STM32MP131CAF3, STM32MP131CAG3, STM32MP131DAE7, STM32MP131DAF7, STM32MP131DAG7, STM32MP131FAE7, STM32MP131FAF7, STM32MP131FAG7, STM32MP133AAE3, STM32MP133AAF3, STM32MP133AAG3, STM32MP133CAE3, STM32MP133CAF3, STM32MP133CAG3, STM32MP133DAE7, STM32MP133DAF7, STM32MP133DAG7, STM32MP133FAE7, STM32MP133FAF7, STM32MP133FAG7, STM32MP135AAE3, STM32MP135AAF3, STM32MP135AAG3, STM32MP135CAE3, STM32MP135CAF3, STM32MP135CAG3, STM32MP135DAE7, STM32MP135DAF7, STM32MP135DAG7, STM32MP135F-DK, STM32MP135FAE7, STM32MP135FAF7, STM32MP135FAF7T, STM32MP135FAF7U, STM32MP135FAG7, STM32U535CBT6, STM32U535CBT6Q, STM32U535CBU6, STM32U535CBU6Q, STM32U535CCT6, STM32U535CCT6Q, STM32U535CCU6, STM32U535CCU6Q, STM32U535CET6, STM32U535CET6Q, STM32U535CEU6, STM32U535CEU6Q, STM32U535JEY6QTR, STM32U535NCY6QTR, STM32U535NEY6QTR, STM32U535RBI6, STM32U535RBI6Q, STM32U535RBT6, STM32U535RBT6Q, STM32U535RCI6, STM32U535RCI6Q, STM32U535RCT6, STM32U535RCT6Q, STM32U535REI6, STM32U535REI6Q, STM32U535RET6, STM32U535RET6Q, STM32U535VCI6, STM32U535VCI6Q, STM32U535VCT6, STM32U535VCT6Q, STM32U535VEI6, STM32U535VEI6Q, STM32U535VET6, STM32U535VET6Q, STM32U545CET6, STM32U545CET6Q, STM32U545CEU6, STM32U545CEU6Q, STM32U545JEY6QTR, STM32U545NEY6QTR, STM32U545REI6, STM32U545REI6Q, STM32U545RET6, STM32U545RET6Q, STM32U545VEI6, STM32U545VEI6Q, STM32U545VET6, STM32U545VET6Q, STM32U595AIH6, STM32U595AIH6Q, STM32U595AJH6, STM32U595AJH6Q, STM32U595QII6, STM32U595QII6Q, STM32U595QJI6, STM32U595QJI6Q, STM32U595RIT6, STM32U595RIT6Q, STM32U595RJT6, STM32U595RJT6Q, STM32U595VIT6, STM32U595VIT6Q, STM32U595VJT6, STM32U595VJT6Q, STM32U595ZIT6, STM32U595ZIT6Q, STM32U595ZIY6QTR, STM32U595ZJT6, STM32U595ZJT6Q, STM32U595ZJY6QTR, STM32U599BJY6QTR, STM32U599NIH6Q, STM32U599NJH6Q, STM32U599VIT6Q, STM32U599VJT6, STM32U599VJT6Q, STM32U599ZIT6Q, STM32U599ZIY6QTR, STM32U599ZJT6Q, STM32U599ZJY6QTR, STM32U5A5AJH6, STM32U5A5AJH6Q, STM32U5A5QJI6, STM32U5A5QJI6Q, STM32U5A5RJT6, STM32U5A5RJT6Q, STM32U5A5VJT6, STM32U5A5VJT6Q, STM32U5A5ZJT6, STM32U5A5ZJT6Q, STM32U5A5ZJY6QTR, STM32U5A9BJY6QTR, STM32U5A9J-DK, STM32U5A9NJH6Q, STM32U5A9VJT6Q, STM32U5A9ZJT6Q, STM32U5A9ZJY6QTR, STM32WB1MMCH6, STM32WBA52CEU6, STM32WBA52CEU6T, STM32WBA52CGU6, STM32WBA52CGU6T, STM32WL5MOCH6, STM32WL5MOCH6TR]
2023-03-24 16:57:53,152 [INFO] BoardInfo:880 - No configuration file found for board P-NUCLEO-WB55
2023-03-24 16:57:53,152 [INFO] DbBoards:157 - Kit is not supported: P-NUCLEO-WB55
2023-03-24 16:57:53,157 [INFO] BoardInfo:880 - No configuration file found for board STEVAL-BFA001V1B
2023-03-24 16:57:53,157 [INFO] DbBoards:157 - Kit is not supported: STEVAL-BFA001V1B
2023-03-24 16:57:53,158 [INFO] BoardInfo:880 - No configuration file found for board STEVAL-BFA001V2B
2023-03-24 16:57:53,158 [INFO] DbBoards:157 - Kit is not supported: STEVAL-BFA001V2B
2023-03-24 16:57:53,298 [INFO] DbBoards:161 - Found 187 boards, 184 are supported
2023-03-24 16:57:53,302 [INFO] ApiDb:668 - CubeFinder database Data Model version=2.1
2023-03-24 16:57:53,302 [INFO] ApiDb:669 - CubeFinder database Configuration version=3.0.35
2023-03-24 16:57:53,302 [INFO] ApiDb:670 - CubeFinder database generation date=2023-02-21 (1676964986)
2023-03-24 16:57:53,302 [INFO] ApiDb:671 - CubeFinder database FW Pack versions=[FP-ATR-ASTRA1_V1.1.1, STM32Cube_FW_C0_V1.0.1, STM32Cube_FW_F0_V1.11.4, STM32Cube_FW_F3_V1.11.4, STM32Cube_FW_F4_V1.27.1, STM32Cube_FW_F7_V1.17.0, STM32Cube_FW_G0_V1.6.1, STM32Cube_FW_G4_V1.5.1, STM32Cube_FW_H5_V0.5.1, STM32Cube_FW_H5_V1.0.0, STM32Cube_FW_H7_V1.11.0, STM32Cube_FW_L0_V1.12.2, STM32Cube_FW_L5_V1.5.0, STM32Cube_FW_U5_V1.2.0, STM32Cube_FW_WBA_V1.0.0, STM32Cube_FW_WBA_V1.0.0RC1, STM32Cube_FW_WBA_V1.0.0RC3, STM32Cube_FW_WB_V1.15.0RC1, STM32Cube_FW_WB_V1.16.0, STM32Cube_FW_WB_V1.16.0RC2, STM32Cube_FW_WL_V1.3.0, X-CUBE-ALGOBUILD_V1.3.0, X-CUBE-ALS_V1.0.1, X-CUBE-AZRTOS-F4_V1.1.0, X-CUBE-AZRTOS-F7_V1.1.0, X-CUBE-AZRTOS-G0_V1.1.0, X-CUBE-AZRTOS-G4_V1.0.0, X-CUBE-AZRTOS-H7_V3.0.0, X-CUBE-AZRTOS-L4_V1.0.0, X-CUBE-AZRTOS-L5_V1.1.0, X-CUBE-AZRTOS-WB_V1.1.0, X-CUBE-AZRTOS-WL_V1.0.0, X-CUBE-BLE1_V6.2.4, X-CUBE-BLE2_V3.3.0, X-CUBE-BLEMGR_V1.3.0, X-CUBE-EEPRMA1_V4.1.0, X-CUBE-GNSS1_V6.0.0, X-CUBE-MEMS1_V9.1.0, X-CUBE-MEMS1_V9.4.0, X-CUBE-MEMS1_V9.5.0, X-CUBE-NFC4_V3.0.0, X-CUBE-NFC7_V1.0.0, X-CUBE-SFXS2LP1_V4.0.0, X-CUBE-SUBG2_V5.0.0]
2023-03-24 16:57:53,697 [WARN] MainUpdater:1187 - Updater busy. Cannot search thirdparties
2023-03-24 16:57:53,697 [INFO] ThirdPartyUpdaterWithRetryManager:96 - Updater plugin is busy. [14/15]
2023-03-24 16:57:55,038 [INFO] ApiDb:240 - Found 297 in-development CPN: [B-G473E-ZEST1S, B-WB1M-WPAN1, B-WL5M-SUBG1, NUCLEO-C031C6, NUCLEO-H503RB, NUCLEO-H563ZI, NUCLEO-U545RE-Q, NUCLEO-U5A5ZJ-Q, NUCLEO-WBA52CG, STEVAL-PROTEUS1, STEVAL-STWINBX1, STM320518-EVAL, STM32C0116-DK, STM32C011D6Y3TR, STM32C011D6Y6TR, STM32C011F4P3, STM32C011F4P6, STM32C011F4U3, STM32C011F4U6TR, STM32C011F6P3, STM32C011F6P6, STM32C011F6U3, STM32C011F6U6TR, STM32C011J4M3, STM32C011J4M6, STM32C011J6M3, STM32C011J6M6, STM32C0316-DK, STM32C031C4T3, STM32C031C4T6, STM32C031C4U3, STM32C031C4U6, STM32C031C6T3, STM32C031C6T6, STM32C031C6U3, STM32C031C6U6, STM32C031F4P3, STM32C031F4P6, STM32C031F6P3, STM32C031F6P6, STM32C031G4U3, STM32C031G4U6, STM32C031G6U3, STM32C031G6U6, STM32C031K4T3, STM32C031K4T6, STM32C031K4U3, STM32C031K4U6, STM32C031K6T3, STM32C031K6T6, STM32C031K6U3, STM32C031K6U6, STM32G071K8TXN, STM32G071K8UXN, STM32G081GBU6N, STM32G081KBT6N, STM32G081KBUXN, STM32G0B1CCT6N, STM32G0B1KCT6, STM32G0B1NEY6TR, STM32G0B1RCT6N, STM32G0C1CCT6, STM32G0C1CCT6N, STM32G0C1CCU6N, STM32G0C1CET6N, STM32G0C1CEU6N, STM32G0C1KCT6, STM32G0C1NEY6TR, STM32G0C1RCI6N, STM32G0C1RCT6N, STM32G0C1REI6N, STM32G0C1RET6N, STM32G0C1VCI6, STM32G0C1VEI6, STM32G471CCT6, STM32G471CCU6, STM32G471CET3, STM32G471CET6, STM32G471CEU3, STM32G471CEU6, STM32G471MCT6, STM32G471MET3, STM32G471MET6, STM32G471MEY6TR, STM32G471QCT6, STM32G471QET3, STM32G471RCT6, STM32G471RET3, STM32G471RET6, STM32G471VCH6, STM32G471VCI6, STM32G471VCT6, STM32G471VEH3, STM32G471VEH6, STM32G471VEI3, STM32G471VEI6, STM32G471VET3, STM32G471VET6, STM32G474CCT6, STM32H503CBT6, STM32H503CBU6, STM32H503EBY6TR, STM32H503KBU6, STM32H503RBT6, STM32H562AGI6, STM32H562AII6, STM32H562IGK6, STM32H562IGT6, STM32H562IIK6, STM32H562IIT6, STM32H562RGT6, STM32H562RGV6, STM32H562RIT6, STM32H562RIV6, STM32H562VGT6, STM32H562VIT6, STM32H562ZGT6, STM32H562ZIT6, STM32H563AGI6, STM32H563AII3Q, STM32H563AII6, STM32H563IGK6, STM32H563IGT6, STM32H563IIK3Q, STM32H563IIK6, STM32H563IIT3Q, STM32H563IIT6, STM32H563MIY3QTR, STM32H563RGT6, STM32H563RGV6, STM32H563RIT6, STM32H563RIV6, STM32H563VGT6, STM32H563VIT3Q, STM32H563VIT6, STM32H563ZGT6, STM32H563ZIT3Q, STM32H563ZIT6, STM32H573AII3Q, STM32H573AII6, STM32H573I-DK, STM32H573IIK3Q, STM32H573IIK6, STM32H573IIT3Q, STM32H573IIT6, STM32H573MIY3QTR, STM32H573RIT6, STM32H573RIV6, STM32H573VIT3Q, STM32H573VIT6, STM32H573ZIT3Q, STM32H573ZIT6, STM32L4R5QGI6STR, STM32MP131AAE3, STM32MP131AAF3, STM32MP131AAG3, STM32MP131CAE3, STM32MP131CAF3, STM32MP131CAG3, STM32MP131DAE7, STM32MP131DAF7, STM32MP131DAG7, STM32MP131FAE7, STM32MP131FAF7, STM32MP131FAG7, STM32MP133AAE3, STM32MP133AAF3, STM32MP133AAG3, STM32MP133CAE3, STM32MP133CAF3, STM32MP133CAG3, STM32MP133DAE7, STM32MP133DAF7, STM32MP133DAG7, STM32MP133FAE7, STM32MP133FAF7, STM32MP133FAG7, STM32MP135AAE3, STM32MP135AAF3, STM32MP135AAG3, STM32MP135CAE3, STM32MP135CAF3, STM32MP135CAG3, STM32MP135DAE7, STM32MP135DAF7, STM32MP135DAG7, STM32MP135F-DK, STM32MP135FAE7, STM32MP135FAF7, STM32MP135FAF7T, STM32MP135FAF7U, STM32MP135FAG7, STM32U535CBT6, STM32U535CBT6Q, STM32U535CBU6, STM32U535CBU6Q, STM32U535CCT6, STM32U535CCT6Q, STM32U535CCU6, STM32U535CCU6Q, STM32U535CET6, STM32U535CET6Q, STM32U535CEU6, STM32U535CEU6Q, STM32U535JEY6QTR, STM32U535NCY6QTR, STM32U535NEY6QTR, STM32U535RBI6, STM32U535RBI6Q, STM32U535RBT6, STM32U535RBT6Q, STM32U535RCI6, STM32U535RCI6Q, STM32U535RCT6, STM32U535RCT6Q, STM32U535REI6, STM32U535REI6Q, STM32U535RET6, STM32U535RET6Q, STM32U535VCI6, STM32U535VCI6Q, STM32U535VCT6, STM32U535VCT6Q, STM32U535VEI6, STM32U535VEI6Q, STM32U535VET6, STM32U535VET6Q, STM32U545CET6, STM32U545CET6Q, STM32U545CEU6, STM32U545CEU6Q, STM32U545JEY6QTR, STM32U545NEY6QTR, STM32U545REI6, STM32U545REI6Q, STM32U545RET6, STM32U545RET6Q, STM32U545VEI6, STM32U545VEI6Q, STM32U545VET6, STM32U545VET6Q, STM32U595AIH6, STM32U595AIH6Q, STM32U595AJH6, STM32U595AJH6Q, STM32U595QII6, STM32U595QII6Q, STM32U595QJI6, STM32U595QJI6Q, STM32U595RIT6, STM32U595RIT6Q, STM32U595RJT6, STM32U595RJT6Q, STM32U595VIT6, STM32U595VIT6Q, STM32U595VJT6, STM32U595VJT6Q, STM32U595ZIT6, STM32U595ZIT6Q, STM32U595ZIY6QTR, STM32U595ZJT6, STM32U595ZJT6Q, STM32U595ZJY6QTR, STM32U599BJY6QTR, STM32U599NIH6Q, STM32U599NJH6Q, STM32U599VIT6Q, STM32U599VJT6, STM32U599VJT6Q, STM32U599ZIT6Q, STM32U599ZIY6QTR, STM32U599ZJT6Q, STM32U599ZJY6QTR, STM32U5A5AJH6, STM32U5A5AJH6Q, STM32U5A5QJI6, STM32U5A5QJI6Q, STM32U5A5RJT6, STM32U5A5RJT6Q, STM32U5A5VJT6, STM32U5A5VJT6Q, STM32U5A5ZJT6, STM32U5A5ZJT6Q, STM32U5A5ZJY6QTR, STM32U5A9BJY6QTR, STM32U5A9J-DK, STM32U5A9NJH6Q, STM32U5A9VJT6Q, STM32U5A9ZJT6Q, STM32U5A9ZJY6QTR, STM32WB1MMCH6, STM32WBA52CEU6, STM32WBA52CEU6T, STM32WBA52CGU6, STM32WBA52CGU6T, STM32WL5MOCH6, STM32WL5MOCH6TR]
2023-03-24 16:57:55,043 [INFO] DbMcus:216 - Found 3772 MCUs, 3772 are supported
2023-03-24 16:57:55,044 [INFO] ApiDb:414 - User favorites file not found: C:\Users\user/.stm32cubeide/favorites.mcus.txt
2023-03-24 16:57:55,044 [INFO] DbMcus:222 - Set 0 / 0 favorites MCUs
2023-03-24 16:57:55,324 [INFO] ApiDb:414 - User favorites file not found: C:\Users\user/.stm32cubeide/favorites.boards.txt
2023-03-24 16:57:55,325 [INFO] DbBoards:190 - Set 0 / 0 favorites Boards
2023-03-24 16:57:55,325 [INFO] McuFinderGlobals:66 - Set McuFinderConnectedMode to true
2023-03-24 16:57:55,331 [INFO] MultiScanPanel:200 - Auto-refresh data requested => check proxy status ongoing
2023-03-24 16:57:55,334 [INFO] FinderPluginLoader:95 - Searching for filters in installed packs
2023-03-24 16:57:56,707 [WARN] MainUpdater:1187 - Updater busy. Cannot search thirdparties
2023-03-24 16:57:56,707 [INFO] ThirdPartyUpdaterWithRetryManager:96 - Updater plugin is busy. [15/15]
2023-03-24 16:57:56,708 [ERROR] IntegrityCheckThread:130 - Cannot retrieve database content from updater: error -1
2023-03-24 16:57:56,708 [INFO] ThirdParty:978 - Integrity check success = false
2023-03-24 16:57:56,708 [INFO] IntegrityCheckThread:100 - exiting critical section [integrity check]
2023-03-24 16:57:56,708 [INFO] IntegrityCheckThread:103 - End integrity checks thread
2023-03-24 16:57:56,828 [INFO] ServerAccessManage:473 - Download File STMicroelectronics.X-CUBE-TOF1.pdsc
2023-03-24 16:57:56,931 [ERROR] WebUtils:388 - Updater is busy
2023-03-24 16:57:56,931 [WARN] DetailPanel:346 - Failed to get advertising image, set to default
2023-03-24 16:57:58,544 [ERROR] ServerAccessManage:1089 - Problem, file not found on Server
2023-03-24 16:57:58,874 [INFO] ServerAccessManage:473 - Download File STMicroelectronics.X-CUBE-TOUCHGFX.pdsc
2023-03-24 16:58:05,879 [INFO] ServerAccessManage:473 - Download File STMicroelectronics.X-CUBE-ALGOBUILD.pdsc
2023-03-24 16:58:10,535 [INFO] ServerAccessManage:473 - Download File STMicroelectronics.X-CUBE-AZRTOS-H7.pdsc
2023-03-24 16:58:12,206 [INFO] ServerAccessManage:473 - Download File STMicroelectronics.X-CUBE-AZRTOS-F4.pdsc
2023-03-24 16:58:14,116 [INFO] ServerAccessManage:473 - Download File STMicroelectronics.X-CUBE-AZRTOS-F7.pdsc
2023-03-24 16:58:14,721 [INFO] ServerAccessManage:473 - Download File STMicroelectronics.X-CUBE-AZRTOS-L4.pdsc
2023-03-24 16:58:15,304 [INFO] ServerAccessManage:473 - Download File STMicroelectronics.X-CUBE-AZRTOS-L5.pdsc
2023-03-24 16:58:16,774 [INFO] ServerAccessManage:473 - Download File STMicroelectronics.X-CUBE-AZRTOS-G0.pdsc
2023-03-24 16:58:17,503 [INFO] ServerAccessManage:473 - Download File STMicroelectronics.X-CUBE-AZRTOS-G4.pdsc
2023-03-24 16:58:19,816 [INFO] ServerAccessManage:473 - Download File STMicroelectronics.X-CUBE-AZRTOS-WB.pdsc
2023-03-24 16:58:20,753 [INFO] ServerAccessManage:473 - Download File STMicroelectronics.X-CUBE-AZRTOS-WL.pdsc
2023-03-24 16:58:22,277 [INFO] ServerAccessManage:473 - Download File wolfSSL.I-CUBE-wolfSSL.pdsc
2023-03-24 16:58:27,455 [ERROR] ServerAccessManage:1089 - Problem, file not found on Server
2023-03-24 16:58:28,027 [ERROR] ServerAccessManage:1089 - Problem, file not found on Server
2023-03-24 16:58:28,570 [ERROR] ServerAccessManage:1089 - Problem, file not found on Server
2023-03-24 16:58:29,310 [INFO] ServerAccessManage:473 - Download File RoweBots.I-CUBE-UNISONRTOS.pdsc
2023-03-24 16:58:30,190 [ERROR] ServerAccessManage:1089 - Problem, file not found on Server
2023-03-24 16:58:30,663 [ERROR] ServerAccessManage:1089 - Problem, file not found on Server
2023-03-24 16:58:31,185 [ERROR] ServerAccessManage:1089 - Problem, file not found on Server
2023-03-24 16:58:31,698 [ERROR] ServerAccessManage:1089 - Problem, file not found on Server
2023-03-24 16:58:32,030 [INFO] ServerAccessManage:473 - Download File SEGGER.I-CUBE-embOS.pdsc
2023-03-24 16:58:33,149 [INFO] ServerAccessManage:473 - Download File portGmbH.I-Cube-SoM-uGOAL.pdsc
2023-03-24 16:58:33,895 [ERROR] ServerAccessManage:1089 - Problem, file not found on Server
2023-03-24 16:58:33,968 [ERROR] ServerAccessManage:1089 - Problem, file not found on Server
2023-03-24 16:58:34,054 [ERROR] ServerAccessManage:1089 - Problem, file not found on Server
2023-03-24 16:58:34,483 [INFO] ServerAccessManage:473 - Download File emotas.I-CUBE-CANOPEN.pdsc
2023-03-24 16:58:35,979 [INFO] ServerAccessManage:473 - Download File WES.I-CUBE-Cesium.pdsc
2023-03-24 16:58:38,304 [ERROR] ServerAccessManage:1089 - Problem, file not found on Server
2023-03-24 16:58:39,067 [ERROR] ServerAccessManage:1089 - Problem, file not found on Server
2023-03-24 16:58:39,146 [WARN] CheckServerUpdateThread:151 - Open CheckUpdateFile Fail
2023-03-24 16:58:39,152 [WARN] PackLoader:240 - Cannot read IP mode file for STMicroelectronics.FP-ATR-ASTRA1.1.1.1
2023-03-24 16:58:39,165 [WARN] PackLoader:240 - Cannot read IP mode file for STMicroelectronics.FP-ATR-SIGFOX1.3.2.0
2023-03-24 16:58:39,173 [WARN] PackLoader:240 - Cannot read IP mode file for STMicroelectronics.X-CUBE-AI.8.0.0
2023-03-24 16:58:39,182 [WARN] PackLoader:240 - Cannot read IP mode file for STMicroelectronics.X-CUBE-ALS.1.0.1
2023-03-24 16:58:39,194 [WARN] PackLoader:240 - Cannot read IP mode file for STMicroelectronics.X-CUBE-BLE1.6.2.4
2023-03-24 16:58:39,203 [WARN] PackLoader:240 - Cannot read IP mode file for STMicroelectronics.X-CUBE-BLE2.3.3.0
2023-03-24 16:58:39,232 [WARN] PackLoader:240 - Cannot read IP mode file for STMicroelectronics.X-CUBE-BLEMGR.2.0.0
2023-03-24 16:58:39,260 [WARN] PackLoader:240 - Cannot read IP mode file for STMicroelectronics.X-CUBE-DISPLAY.3.0.0
2023-03-24 16:58:39,282 [WARN] PackLoader:240 - Cannot read IP mode file for STMicroelectronics.X-CUBE-EEPRMA1.4.1.0
2023-03-24 16:58:39,297 [WARN] PackLoader:240 - Cannot read IP mode file for STMicroelectronics.X-CUBE-FREERTOS.1.0.0
2023-03-24 16:58:39,304 [INFO] CheckServerUpdateThread:120 - End of CheckServer Thread
2023-03-24 16:58:39,319 [WARN] PackLoader:240 - Cannot read IP mode file for STMicroelectronics.X-CUBE-GNSS1.6.0.0
2023-03-24 16:58:39,329 [WARN] PackLoader:240 - Cannot read IP mode file for STMicroelectronics.X-CUBE-ISPU.1.1.0
2023-03-24 16:58:39,440 [WARN] PackLoader:240 - Cannot read IP mode file for STMicroelectronics.X-CUBE-MEMS1.9.5.0
2023-03-24 16:58:39,765 [WARN] PackLoader:240 - Cannot read IP mode file for STMicroelectronics.X-CUBE-NFC4.3.0.0
2023-03-24 16:58:39,778 [WARN] PackLoader:240 - Cannot read IP mode file for STMicroelectronics.X-CUBE-NFC7.1.0.0
2023-03-24 16:58:39,794 [WARN] PackLoader:240 - Cannot read IP mode file for STMicroelectronics.X-CUBE-SFXS2LP1.4.0.0
2023-03-24 16:58:39,814 [WARN] PackLoader:240 - Cannot read IP mode file for STMicroelectronics.X-CUBE-SUBG2.5.0.0
2023-03-24 16:58:39,843 [WARN] PackLoader:240 - Cannot read IP mode file for STMicroelectronics.X-CUBE-TOF1.3.2.0
2023-03-24 16:58:39,863 [WARN] PackLoader:240 - Cannot read IP mode file for STMicroelectronics.X-CUBE-TOUCHGFX.4.21.1
2023-03-24 16:58:39,871 [WARN] PackLoader:240 - Cannot read IP mode file for STMicroelectronics.X-CUBE-ALGOBUILD.1.3.0
2023-03-24 16:58:39,927 [WARN] PackLoader:240 - Cannot read IP mode file for STMicroelectronics.X-CUBE-AZRTOS-H7.3.0.0
2023-03-24 16:58:39,990 [WARN] PackLoader:240 - Cannot read IP mode file for STMicroelectronics.X-CUBE-AZRTOS-F4.1.1.0
2023-03-24 16:58:40,030 [WARN] PackLoader:240 - Cannot read IP mode file for STMicroelectronics.X-CUBE-AZRTOS-F7.1.1.0
2023-03-24 16:58:40,067 [WARN] PackLoader:240 - Cannot read IP mode file for STMicroelectronics.X-CUBE-AZRTOS-L4.1.0.0
2023-03-24 16:58:40,094 [WARN] PackLoader:240 - Cannot read IP mode file for STMicroelectronics.X-CUBE-AZRTOS-L5.1.1.0
2023-03-24 16:58:40,126 [WARN] PackLoader:240 - Cannot read IP mode file for STMicroelectronics.X-CUBE-AZRTOS-G0.1.1.0
2023-03-24 16:58:40,156 [WARN] PackLoader:240 - Cannot read IP mode file for STMicroelectronics.X-CUBE-AZRTOS-G4.1.0.0
2023-03-24 16:58:40,202 [WARN] PackLoader:240 - Cannot read IP mode file for STMicroelectronics.X-CUBE-AZRTOS-WB.1.1.0
2023-03-24 16:58:40,221 [WARN] PackLoader:240 - Cannot read IP mode file for STMicroelectronics.X-CUBE-AZRTOS-WL.1.0.0
2023-03-24 16:58:40,229 [WARN] PackLoader:240 - Cannot read IP mode file for wolfSSL.I-CUBE-wolfSSL.5.5.4
2023-03-24 16:58:40,242 [WARN] PackLoader:240 - Cannot read IP mode file for RoweBots.I-CUBE-UNISONRTOS.5.5.0-4
2023-03-24 16:58:40,330 [WARN] PackLoader:240 - Cannot read IP mode file for SEGGER.I-CUBE-embOS.1.3.1
2023-03-24 16:58:40,427 [WARN] PackLoader:240 - Cannot read IP mode file for portGmbH.I-Cube-SoM-uGOAL.1.1.0
2023-03-24 16:58:40,444 [WARN] PackLoader:240 - Cannot read IP mode file for emotas.I-CUBE-CANOPEN.1.1.3
2023-03-24 16:58:40,454 [WARN] PackLoader:240 - Cannot read IP mode file for WES.I-CUBE-Cesium.1.3.0
2023-03-24 16:58:40,455 [INFO] PopulateThirdPartyThread:66 - Ending populate Thread
2023-03-24 16:58:40,461 [INFO] ThirdParty:1030 - CMSIS Pack Vendor :STMicroelectronics X-CUBE-ISPU 1.1.0
2023-03-24 16:58:40,462 [INFO] ThirdParty:1030 - CMSIS Pack Vendor :STMicroelectronics X-CUBE-DISPLAY 3.0.0
2023-03-24 16:58:40,462 [INFO] ThirdParty:1030 - CMSIS Pack Vendor :RoweBots I-CUBE-UNISONRTOS 5.5.0-4
2023-03-24 16:58:40,463 [INFO] ThirdParty:1030 - CMSIS Pack Vendor :STMicroelectronics X-CUBE-GNSS1 6.0.0
2023-03-24 16:58:40,463 [INFO] ThirdParty:1030 - CMSIS Pack Vendor :STMicroelectronics X-CUBE-AZRTOS-F4 1.1.0
2023-03-24 16:58:40,463 [INFO] ThirdParty:1030 - CMSIS Pack Vendor :STMicroelectronics FP-ATR-SIGFOX1 3.2.0
2023-03-24 16:58:40,463 [INFO] ThirdParty:1030 - CMSIS Pack Vendor :STMicroelectronics X-CUBE-AZRTOS-G4 1.0.0
2023-03-24 16:58:40,463 [INFO] ThirdParty:1030 - CMSIS Pack Vendor :wolfSSL I-CUBE-wolfSSL 5.5.4
2023-03-24 16:58:40,463 [INFO] ThirdParty:1030 - CMSIS Pack Vendor :STMicroelectronics X-CUBE-AZRTOS-L4 1.0.0
2023-03-24 16:58:40,463 [INFO] ThirdParty:1030 - CMSIS Pack Vendor :STMicroelectronics X-CUBE-AI 8.0.0
2023-03-24 16:58:40,463 [INFO] ThirdParty:1030 - CMSIS Pack Vendor :STMicroelectronics X-CUBE-FREERTOS 1.0.0
2023-03-24 16:58:40,463 [INFO] ThirdParty:1030 - CMSIS Pack Vendor :STMicroelectronics X-CUBE-TOUCHGFX 4.21.1
2023-03-24 16:58:40,463 [INFO] ThirdParty:1030 - CMSIS Pack Vendor :STMicroelectronics X-CUBE-NFC7 1.0.0
2023-03-24 16:58:40,463 [INFO] ThirdParty:1030 - CMSIS Pack Vendor :STMicroelectronics X-CUBE-AZRTOS-WL 1.0.0
2023-03-24 16:58:40,464 [INFO] ThirdParty:1030 - CMSIS Pack Vendor :STMicroelectronics X-CUBE-AZRTOS-F7 1.1.0
2023-03-24 16:58:40,464 [INFO] ThirdParty:1030 - CMSIS Pack Vendor :STMicroelectronics X-CUBE-ALS 1.0.1
2023-03-24 16:58:40,464 [INFO] ThirdParty:1030 - CMSIS Pack Vendor :STMicroelectronics X-CUBE-EEPRMA1 4.1.0
2023-03-24 16:58:40,464 [INFO] ThirdParty:1030 - CMSIS Pack Vendor :portGmbH I-Cube-SoM-uGOAL 1.1.0
2023-03-24 16:58:40,464 [INFO] ThirdParty:1030 - CMSIS Pack Vendor :STMicroelectronics X-CUBE-MEMS1 9.5.0
2023-03-24 16:58:40,464 [INFO] ThirdParty:1030 - CMSIS Pack Vendor :STMicroelectronics X-CUBE-AZRTOS-WB 1.1.0
2023-03-24 16:58:40,464 [INFO] ThirdParty:1030 - CMSIS Pack Vendor :STMicroelectronics X-CUBE-ALGOBUILD 1.3.0
2023-03-24 16:58:40,464 [INFO] ThirdParty:1030 - CMSIS Pack Vendor :SEGGER I-CUBE-embOS 1.3.1
2023-03-24 16:58:40,464 [INFO] ThirdParty:1030 - CMSIS Pack Vendor :STMicroelectronics X-CUBE-BLE1 6.2.4
2023-03-24 16:58:40,464 [INFO] ThirdParty:1030 - CMSIS Pack Vendor :STMicroelectronics X-CUBE-AZRTOS-L5 1.1.0
2023-03-24 16:58:40,465 [INFO] ThirdParty:1030 - CMSIS Pack Vendor :STMicroelectronics X-CUBE-AZRTOS-G0 1.1.0
2023-03-24 16:58:40,465 [INFO] ThirdParty:1030 - CMSIS Pack Vendor :emotas I-CUBE-CANOPEN 1.1.3
2023-03-24 16:58:40,465 [INFO] ThirdParty:1030 - CMSIS Pack Vendor :STMicroelectronics X-CUBE-BLEMGR 2.0.0
2023-03-24 16:58:40,465 [INFO] ThirdParty:1030 - CMSIS Pack Vendor :STMicroelectronics X-CUBE-NFC4 3.0.0
2023-03-24 16:58:40,465 [INFO] ThirdParty:1030 - CMSIS Pack Vendor :STMicroelectronics X-CUBE-SUBG2 5.0.0
2023-03-24 16:58:40,465 [INFO] ThirdParty:1030 - CMSIS Pack Vendor :WES I-CUBE-Cesium 1.3.0
2023-03-24 16:58:40,465 [INFO] ThirdParty:1030 - CMSIS Pack Vendor :STMicroelectronics X-CUBE-SFXS2LP1 4.0.0
2023-03-24 16:58:40,465 [INFO] ThirdParty:1030 - CMSIS Pack Vendor :STMicroelectronics X-CUBE-BLE2 3.3.0
2023-03-24 16:58:40,465 [INFO] ThirdParty:1030 - CMSIS Pack Vendor :STMicroelectronics X-CUBE-TOF1 3.2.0
2023-03-24 16:58:40,465 [INFO] ThirdParty:1030 - CMSIS Pack Vendor :STMicroelectronics FP-ATR-ASTRA1 1.1.1
2023-03-24 16:58:40,466 [INFO] ThirdParty:1030 - CMSIS Pack Vendor :STMicroelectronics X-CUBE-AZRTOS-H7 3.0.0
2023-03-24 16:58:40,467 [INFO] LoadServerUpdatesThread:373 - End of LoadServerUpdate Thread
2023-03-24 16:58:55,883 [INFO] McuFinderGlobals:66 - Set McuFinderConnectedMode to true
2023-03-24 16:58:56,293 [INFO] ApiDb:448 - Save user favorites file C:\Users\user/.stm32cubeide/favorites.mcus.txt: 0 item(s)
2023-03-24 16:58:56,294 [INFO] ApiDb:452 - User favorites MCUs=[]
2023-03-24 16:59:21,687 [INFO] MainUpdater:2854 - connection check result : 10
2023-03-24 16:59:21,687 [INFO] McuFinderGlobals:66 - Set McuFinderConnectedMode to true
2023-03-24 16:59:22,177 [INFO] ServerAccessManage:473 - Download File mcusAds.json._tmp_
2023-03-24 16:59:22,298 [INFO] LoadUrlFilesThread:156 - End of LoadUrlFiles Thread
2023-03-24 16:59:22,665 [INFO] ServerAccessManage:473 - Download File cube-finder-db.zip
2023-03-24 16:59:56,402 [INFO] FileExtend:240 - Unzip File : cube-finder-db.zip
2023-03-24 16:59:56,402 [INFO] FileExtend:255 - Standard Zip Deflate
2023-03-24 16:59:57,292 [INFO] LoadUrlFilesThread:156 - End of LoadUrlFiles Thread
2023-03-24 16:59:57,705 [INFO] ServerAccessManage:473 - Download File crdb.zip
2023-03-24 16:59:58,485 [INFO] FileExtend:240 - Unzip File : crdb.zip
2023-03-24 16:59:58,485 [INFO] FileExtend:255 - Standard Zip Deflate
2023-03-24 16:59:58,636 [INFO] LoadUrlFilesThread:156 - End of LoadUrlFiles Thread
2023-03-24 16:59:58,780 [INFO] ServerAccessManage:473 - Download File tutoVideoDB.zip
2023-03-24 16:59:58,912 [INFO] FileExtend:240 - Unzip File : tutoVideoDB.zip
2023-03-24 16:59:58,912 [INFO] FileExtend:255 - Standard Zip Deflate
2023-03-24 16:59:59,044 [INFO] LoadUrlFilesThread:156 - End of LoadUrlFiles Thread
2023-03-24 16:59:59,048 [WARN] DbFile:41 - Overriding database path with different value: C:\Users\user\.stmcufinder\plugins\mcufinder/ => C:\Users\user\.stmcufinder\plugins\mcufinder
2023-03-24 16:59:59,137 [INFO] ServerAccessManage:473 - Download File api_config.json
2023-03-24 16:59:59,246 [INFO] LoadUrlFilesThread:156 - End of LoadUrlFiles Thread
2023-03-24 16:59:59,247 [INFO] DbMcusAds:53 - JSON generation date=Tue Mar 07 11:50:55 MSK 2023 (1678179055114)
2023-03-24 16:59:59,249 [INFO] ApiDb:448 - Save user favorites file C:\Users\user/.stm32cubeide/favorites.mcus.txt: 0 item(s)
2023-03-24 16:59:59,249 [INFO] ApiDb:452 - User favorites MCUs=[]
2023-03-24 16:59:59,250 [INFO] ApiDb:581 - Connected to CubeFinder SQLite database (C:\Users\user\.stmcufinder\plugins\mcufinder\mcu\cube-finder-db.db)
2023-03-24 16:59:59,307 [INFO] ApiDb:668 - CubeFinder database Data Model version=2.1
2023-03-24 16:59:59,307 [INFO] ApiDb:669 - CubeFinder database Configuration version=3.0.35
2023-03-24 16:59:59,308 [INFO] ApiDb:670 - CubeFinder database generation date=2023-03-10 (1678456172)
2023-03-24 16:59:59,308 [INFO] ApiDb:671 - CubeFinder database FW Pack versions=[FP-ATR-ASTRA1_V1.1.1, STM32Cube_FW_C0_V1.0.1, STM32Cube_FW_F0_V1.11.4, STM32Cube_FW_F3_V1.11.4, STM32Cube_FW_F4_V1.27.1, STM32Cube_FW_F7_V1.17.0, STM32Cube_FW_G0_V1.6.1, STM32Cube_FW_G4_V1.5.1, STM32Cube_FW_H5_V0.5.1, STM32Cube_FW_H5_V1.0.0, STM32Cube_FW_H7_V1.11.0, STM32Cube_FW_L0_V1.12.2, STM32Cube_FW_L5_V1.5.0, STM32Cube_FW_U5_V1.2.0, STM32Cube_FW_WBA_V1.0.0, STM32Cube_FW_WBA_V1.0.0RC1, STM32Cube_FW_WBA_V1.0.0RC3, STM32Cube_FW_WB_V1.15.0RC1, STM32Cube_FW_WB_V1.16.0, STM32Cube_FW_WB_V1.16.0RC2, STM32Cube_FW_WL_V1.3.0, X-CUBE-ALGOBUILD_V1.3.0, X-CUBE-ALS_V1.0.1, X-CUBE-AZRTOS-F4_V1.1.0, X-CUBE-AZRTOS-F7_V1.1.0, X-CUBE-AZRTOS-G0_V1.1.0, X-CUBE-AZRTOS-G4_V1.0.0, X-CUBE-AZRTOS-H7_V3.0.0, X-CUBE-AZRTOS-L4_V1.0.0, X-CUBE-AZRTOS-L5_V1.1.0, X-CUBE-AZRTOS-WB_V1.1.0, X-CUBE-AZRTOS-WL_V1.0.0, X-CUBE-BLE1_V6.2.4, X-CUBE-BLE2_V3.3.0, X-CUBE-BLEMGR_V1.3.0, X-CUBE-EEPRMA1_V4.1.0, X-CUBE-GNSS1_V6.0.0, X-CUBE-MEMS1_V9.1.0, X-CUBE-MEMS1_V9.4.0, X-CUBE-MEMS1_V9.5.0, X-CUBE-NFC4_V3.0.0, X-CUBE-NFC7_V1.0.0, X-CUBE-SFXS2LP1_V4.0.0, X-CUBE-SUBG2_V5.0.0]
2023-03-24 17:00:01,325 [INFO] ApiDb:240 - Found 297 in-development CPN: [B-G473E-ZEST1S, B-WB1M-WPAN1, B-WL5M-SUBG1, NUCLEO-C031C6, NUCLEO-H503RB, NUCLEO-H563ZI, NUCLEO-U545RE-Q, NUCLEO-U5A5ZJ-Q, NUCLEO-WBA52CG, STEVAL-PROTEUS1, STEVAL-STWINBX1, STM320518-EVAL, STM32C0116-DK, STM32C011D6Y3TR, STM32C011D6Y6TR, STM32C011F4P3, STM32C011F4P6, STM32C011F4U3, STM32C011F4U6TR, STM32C011F6P3, STM32C011F6P6, STM32C011F6U3, STM32C011F6U6TR, STM32C011J4M3, STM32C011J4M6, STM32C011J6M3, STM32C011J6M6, STM32C0316-DK, STM32C031C4T3, STM32C031C4T6, STM32C031C4U3, STM32C031C4U6, STM32C031C6T3, STM32C031C6T6, STM32C031C6U3, STM32C031C6U6, STM32C031F4P3, STM32C031F4P6, STM32C031F6P3, STM32C031F6P6, STM32C031G4U3, STM32C031G4U6, STM32C031G6U3, STM32C031G6U6, STM32C031K4T3, STM32C031K4T6, STM32C031K4U3, STM32C031K4U6, STM32C031K6T3, STM32C031K6T6, STM32C031K6U3, STM32C031K6U6, STM32G071K8TXN, STM32G071K8UXN, STM32G081GBU6N, STM32G081KBT6N, STM32G081KBUXN, STM32G0B1CCT6N, STM32G0B1KCT6, STM32G0B1NEY6TR, STM32G0B1RCT6N, STM32G0C1CCT6, STM32G0C1CCT6N, STM32G0C1CCU6N, STM32G0C1CET6N, STM32G0C1CEU6N, STM32G0C1KCT6, STM32G0C1NEY6TR, STM32G0C1RCI6N, STM32G0C1RCT6N, STM32G0C1REI6N, STM32G0C1RET6N, STM32G0C1VCI6, STM32G0C1VEI6, STM32G471CCT6, STM32G471CCU6, STM32G471CET3, STM32G471CET6, STM32G471CEU3, STM32G471CEU6, STM32G471MCT6, STM32G471MET3, STM32G471MET6, STM32G471MEY6TR, STM32G471QCT6, STM32G471QET3, STM32G471RCT6, STM32G471RET3, STM32G471RET6, STM32G471VCH6, STM32G471VCI6, STM32G471VCT6, STM32G471VEH3, STM32G471VEH6, STM32G471VEI3, STM32G471VEI6, STM32G471VET3, STM32G471VET6, STM32G474CCT6, STM32H503CBT6, STM32H503CBU6, STM32H503EBY6TR, STM32H503KBU6, STM32H503RBT6, STM32H562AGI6, STM32H562AII6, STM32H562IGK6, STM32H562IGT6, STM32H562IIK6, STM32H562IIT6, STM32H562RGT6, STM32H562RGV6, STM32H562RIT6, STM32H562RIV6, STM32H562VGT6, STM32H562VIT6, STM32H562ZGT6, STM32H562ZIT6, STM32H563AGI6, STM32H563AII3Q, STM32H563AII6, STM32H563IGK6, STM32H563IGT6, STM32H563IIK3Q, STM32H563IIK6, STM32H563IIT3Q, STM32H563IIT6, STM32H563MIY3QTR, STM32H563RGT6, STM32H563RGV6, STM32H563RIT6, STM32H563RIV6, STM32H563VGT6, STM32H563VIT3Q, STM32H563VIT6, STM32H563ZGT6, STM32H563ZIT3Q, STM32H563ZIT6, STM32H573AII3Q, STM32H573AII6, STM32H573I-DK, STM32H573IIK3Q, STM32H573IIK6, STM32H573IIT3Q, STM32H573IIT6, STM32H573MIY3QTR, STM32H573RIT6, STM32H573RIV6, STM32H573VIT3Q, STM32H573VIT6, STM32H573ZIT3Q, STM32H573ZIT6, STM32L4R5QGI6STR, STM32MP131AAE3, STM32MP131AAF3, STM32MP131AAG3, STM32MP131CAE3, STM32MP131CAF3, STM32MP131CAG3, STM32MP131DAE7, STM32MP131DAF7, STM32MP131DAG7, STM32MP131FAE7, STM32MP131FAF7, STM32MP131FAG7, STM32MP133AAE3, STM32MP133AAF3, STM32MP133AAG3, STM32MP133CAE3, STM32MP133CAF3, STM32MP133CAG3, STM32MP133DAE7, STM32MP133DAF7, STM32MP133DAG7, STM32MP133FAE7, STM32MP133FAF7, STM32MP133FAG7, STM32MP135AAE3, STM32MP135AAF3, STM32MP135AAG3, STM32MP135CAE3, STM32MP135CAF3, STM32MP135CAG3, STM32MP135DAE7, STM32MP135DAF7, STM32MP135DAG7, STM32MP135F-DK, STM32MP135FAE7, STM32MP135FAF7, STM32MP135FAF7T, STM32MP135FAF7U, STM32MP135FAG7, STM32U535CBT6, STM32U535CBT6Q, STM32U535CBU6, STM32U535CBU6Q, STM32U535CCT6, STM32U535CCT6Q, STM32U535CCU6, STM32U535CCU6Q, STM32U535CET6, STM32U535CET6Q, STM32U535CEU6, STM32U535CEU6Q, STM32U535JEY6QTR, STM32U535NCY6QTR, STM32U535NEY6QTR, STM32U535RBI6, STM32U535RBI6Q, STM32U535RBT6, STM32U535RBT6Q, STM32U535RCI6, STM32U535RCI6Q, STM32U535RCT6, STM32U535RCT6Q, STM32U535REI6, STM32U535REI6Q, STM32U535RET6, STM32U535RET6Q, STM32U535VCI6, STM32U535VCI6Q, STM32U535VCT6, STM32U535VCT6Q, STM32U535VEI6, STM32U535VEI6Q, STM32U535VET6, STM32U535VET6Q, STM32U545CET6, STM32U545CET6Q, STM32U545CEU6, STM32U545CEU6Q, STM32U545JEY6QTR, STM32U545NEY6QTR, STM32U545REI6, STM32U545REI6Q, STM32U545RET6, STM32U545RET6Q, STM32U545VEI6, STM32U545VEI6Q, STM32U545VET6, STM32U545VET6Q, STM32U595AIH6, STM32U595AIH6Q, STM32U595AJH6, STM32U595AJH6Q, STM32U595QII6, STM32U595QII6Q, STM32U595QJI6, STM32U595QJI6Q, STM32U595RIT6, STM32U595RIT6Q, STM32U595RJT6, STM32U595RJT6Q, STM32U595VIT6, STM32U595VIT6Q, STM32U595VJT6, STM32U595VJT6Q, STM32U595ZIT6, STM32U595ZIT6Q, STM32U595ZIY6QTR, STM32U595ZJT6, STM32U595ZJT6Q, STM32U595ZJY6QTR, STM32U599BJY6QTR, STM32U599NIH6Q, STM32U599NJH6Q, STM32U599VIT6Q, STM32U599VJT6, STM32U599VJT6Q, STM32U599ZIT6Q, STM32U599ZIY6QTR, STM32U599ZJT6Q, STM32U599ZJY6QTR, STM32U5A5AJH6, STM32U5A5AJH6Q, STM32U5A5QJI6, STM32U5A5QJI6Q, STM32U5A5RJT6, STM32U5A5RJT6Q, STM32U5A5VJT6, STM32U5A5VJT6Q, STM32U5A5ZJT6, STM32U5A5ZJT6Q, STM32U5A5ZJY6QTR, STM32U5A9BJY6QTR, STM32U5A9J-DK, STM32U5A9NJH6Q, STM32U5A9VJT6Q, STM32U5A9ZJT6Q, STM32U5A9ZJY6QTR, STM32WB1MMCH6, STM32WBA52CEU6, STM32WBA52CEU6T, STM32WBA52CGU6, STM32WBA52CGU6T, STM32WL5MOCH6, STM32WL5MOCH6TR]
2023-03-24 17:00:01,329 [INFO] DbMcus:216 - Found 3775 MCUs, 3775 are supported
2023-03-24 17:00:01,330 [INFO] ApiDb:423 - Load user favorites file C:\Users\user/.stm32cubeide/favorites.mcus.txt: 0 item(s)
2023-03-24 17:00:01,330 [INFO] ApiDb:427 - User favorites MCUs=[]
2023-03-24 17:00:01,330 [INFO] DbMcus:222 - Set 0 / 0 favorites MCUs
2023-03-24 17:00:01,585 [INFO] ApiDb:448 - Save user favorites file C:\Users\user/.stm32cubeide/favorites.boards.txt: 0 item(s)
2023-03-24 17:00:01,585 [INFO] ApiDb:452 - User favorites Boards=[]
2023-03-24 17:00:01,587 [INFO] ApiDb:581 - Connected to CubeFinder SQLite database (C:\Users\user\.stmcufinder\plugins\mcufinder\mcu\cube-finder-db.db)
2023-03-24 17:00:01,644 [INFO] ApiDb:668 - CubeFinder database Data Model version=2.1
2023-03-24 17:00:01,644 [INFO] ApiDb:669 - CubeFinder database Configuration version=3.0.35
2023-03-24 17:00:01,644 [INFO] ApiDb:670 - CubeFinder database generation date=2023-03-10 (1678456172)
2023-03-24 17:00:01,644 [INFO] ApiDb:671 - CubeFinder database FW Pack versions=[FP-ATR-ASTRA1_V1.1.1, STM32Cube_FW_C0_V1.0.1, STM32Cube_FW_F0_V1.11.4, STM32Cube_FW_F3_V1.11.4, STM32Cube_FW_F4_V1.27.1, STM32Cube_FW_F7_V1.17.0, STM32Cube_FW_G0_V1.6.1, STM32Cube_FW_G4_V1.5.1, STM32Cube_FW_H5_V0.5.1, STM32Cube_FW_H5_V1.0.0, STM32Cube_FW_H7_V1.11.0, STM32Cube_FW_L0_V1.12.2, STM32Cube_FW_L5_V1.5.0, STM32Cube_FW_U5_V1.2.0, STM32Cube_FW_WBA_V1.0.0, STM32Cube_FW_WBA_V1.0.0RC1, STM32Cube_FW_WBA_V1.0.0RC3, STM32Cube_FW_WB_V1.15.0RC1, STM32Cube_FW_WB_V1.16.0, STM32Cube_FW_WB_V1.16.0RC2, STM32Cube_FW_WL_V1.3.0, X-CUBE-ALGOBUILD_V1.3.0, X-CUBE-ALS_V1.0.1, X-CUBE-AZRTOS-F4_V1.1.0, X-CUBE-AZRTOS-F7_V1.1.0, X-CUBE-AZRTOS-G0_V1.1.0, X-CUBE-AZRTOS-G4_V1.0.0, X-CUBE-AZRTOS-H7_V3.0.0, X-CUBE-AZRTOS-L4_V1.0.0, X-CUBE-AZRTOS-L5_V1.1.0, X-CUBE-AZRTOS-WB_V1.1.0, X-CUBE-AZRTOS-WL_V1.0.0, X-CUBE-BLE1_V6.2.4, X-CUBE-BLE2_V3.3.0, X-CUBE-BLEMGR_V1.3.0, X-CUBE-EEPRMA1_V4.1.0, X-CUBE-GNSS1_V6.0.0, X-CUBE-MEMS1_V9.1.0, X-CUBE-MEMS1_V9.4.0, X-CUBE-MEMS1_V9.5.0, X-CUBE-NFC4_V3.0.0, X-CUBE-NFC7_V1.0.0, X-CUBE-SFXS2LP1_V4.0.0, X-CUBE-SUBG2_V5.0.0]
2023-03-24 17:00:01,713 [INFO] DbBoardsSqlite:226 - include board P-NUCLEO-WB55-NUCLEO as a kit item of type 'Nucleo-64'
2023-03-24 17:00:01,714 [INFO] DbBoardsSqlite:226 - include board P-NUCLEO-WB55-USBDONGLE as a kit item of type 'Nucleo USB Dongle'
2023-03-24 17:00:01,714 [INFO] DbBoardsSqlite:226 - include board STEVAL-IDP005V1 as a kit item of type 'Evaluation Board'
2023-03-24 17:00:01,715 [INFO] DbBoardsSqlite:226 - include board STEVAL-IDP005V2 as a kit item of type 'Evaluation Board'
2023-03-24 17:00:01,769 [INFO] ApiDb:240 - Found 297 in-development CPN: [B-G473E-ZEST1S, B-WB1M-WPAN1, B-WL5M-SUBG1, NUCLEO-C031C6, NUCLEO-H503RB, NUCLEO-H563ZI, NUCLEO-U545RE-Q, NUCLEO-U5A5ZJ-Q, NUCLEO-WBA52CG, STEVAL-PROTEUS1, STEVAL-STWINBX1, STM320518-EVAL, STM32C0116-DK, STM32C011D6Y3TR, STM32C011D6Y6TR, STM32C011F4P3, STM32C011F4P6, STM32C011F4U3, STM32C011F4U6TR, STM32C011F6P3, STM32C011F6P6, STM32C011F6U3, STM32C011F6U6TR, STM32C011J4M3, STM32C011J4M6, STM32C011J6M3, STM32C011J6M6, STM32C0316-DK, STM32C031C4T3, STM32C031C4T6, STM32C031C4U3, STM32C031C4U6, STM32C031C6T3, STM32C031C6T6, STM32C031C6U3, STM32C031C6U6, STM32C031F4P3, STM32C031F4P6, STM32C031F6P3, STM32C031F6P6, STM32C031G4U3, STM32C031G4U6, STM32C031G6U3, STM32C031G6U6, STM32C031K4T3, STM32C031K4T6, STM32C031K4U3, STM32C031K4U6, STM32C031K6T3, STM32C031K6T6, STM32C031K6U3, STM32C031K6U6, STM32G071K8TXN, STM32G071K8UXN, STM32G081GBU6N, STM32G081KBT6N, STM32G081KBUXN, STM32G0B1CCT6N, STM32G0B1KCT6, STM32G0B1NEY6TR, STM32G0B1RCT6N, STM32G0C1CCT6, STM32G0C1CCT6N, STM32G0C1CCU6N, STM32G0C1CET6N, STM32G0C1CEU6N, STM32G0C1KCT6, STM32G0C1NEY6TR, STM32G0C1RCI6N, STM32G0C1RCT6N, STM32G0C1REI6N, STM32G0C1RET6N, STM32G0C1VCI6, STM32G0C1VEI6, STM32G471CCT6, STM32G471CCU6, STM32G471CET3, STM32G471CET6, STM32G471CEU3, STM32G471CEU6, STM32G471MCT6, STM32G471MET3, STM32G471MET6, STM32G471MEY6TR, STM32G471QCT6, STM32G471QET3, STM32G471RCT6, STM32G471RET3, STM32G471RET6, STM32G471VCH6, STM32G471VCI6, STM32G471VCT6, STM32G471VEH3, STM32G471VEH6, STM32G471VEI3, STM32G471VEI6, STM32G471VET3, STM32G471VET6, STM32G474CCT6, STM32H503CBT6, STM32H503CBU6, STM32H503EBY6TR, STM32H503KBU6, STM32H503RBT6, STM32H562AGI6, STM32H562AII6, STM32H562IGK6, STM32H562IGT6, STM32H562IIK6, STM32H562IIT6, STM32H562RGT6, STM32H562RGV6, STM32H562RIT6, STM32H562RIV6, STM32H562VGT6, STM32H562VIT6, STM32H562ZGT6, STM32H562ZIT6, STM32H563AGI6, STM32H563AII3Q, STM32H563AII6, STM32H563IGK6, STM32H563IGT6, STM32H563IIK3Q, STM32H563IIK6, STM32H563IIT3Q, STM32H563IIT6, STM32H563MIY3QTR, STM32H563RGT6, STM32H563RGV6, STM32H563RIT6, STM32H563RIV6, STM32H563VGT6, STM32H563VIT3Q, STM32H563VIT6, STM32H563ZGT6, STM32H563ZIT3Q, STM32H563ZIT6, STM32H573AII3Q, STM32H573AII6, STM32H573I-DK, STM32H573IIK3Q, STM32H573IIK6, STM32H573IIT3Q, STM32H573IIT6, STM32H573MIY3QTR, STM32H573RIT6, STM32H573RIV6, STM32H573VIT3Q, STM32H573VIT6, STM32H573ZIT3Q, STM32H573ZIT6, STM32L4R5QGI6STR, STM32MP131AAE3, STM32MP131AAF3, STM32MP131AAG3, STM32MP131CAE3, STM32MP131CAF3, STM32MP131CAG3, STM32MP131DAE7, STM32MP131DAF7, STM32MP131DAG7, STM32MP131FAE7, STM32MP131FAF7, STM32MP131FAG7, STM32MP133AAE3, STM32MP133AAF3, STM32MP133AAG3, STM32MP133CAE3, STM32MP133CAF3, STM32MP133CAG3, STM32MP133DAE7, STM32MP133DAF7, STM32MP133DAG7, STM32MP133FAE7, STM32MP133FAF7, STM32MP133FAG7, STM32MP135AAE3, STM32MP135AAF3, STM32MP135AAG3, STM32MP135CAE3, STM32MP135CAF3, STM32MP135CAG3, STM32MP135DAE7, STM32MP135DAF7, STM32MP135DAG7, STM32MP135F-DK, STM32MP135FAE7, STM32MP135FAF7, STM32MP135FAF7T, STM32MP135FAF7U, STM32MP135FAG7, STM32U535CBT6, STM32U535CBT6Q, STM32U535CBU6, STM32U535CBU6Q, STM32U535CCT6, STM32U535CCT6Q, STM32U535CCU6, STM32U535CCU6Q, STM32U535CET6, STM32U535CET6Q, STM32U535CEU6, STM32U535CEU6Q, STM32U535JEY6QTR, STM32U535NCY6QTR, STM32U535NEY6QTR, STM32U535RBI6, STM32U535RBI6Q, STM32U535RBT6, STM32U535RBT6Q, STM32U535RCI6, STM32U535RCI6Q, STM32U535RCT6, STM32U535RCT6Q, STM32U535REI6, STM32U535REI6Q, STM32U535RET6, STM32U535RET6Q, STM32U535VCI6, STM32U535VCI6Q, STM32U535VCT6, STM32U535VCT6Q, STM32U535VEI6, STM32U535VEI6Q, STM32U535VET6, STM32U535VET6Q, STM32U545CET6, STM32U545CET6Q, STM32U545CEU6, STM32U545CEU6Q, STM32U545JEY6QTR, STM32U545NEY6QTR, STM32U545REI6, STM32U545REI6Q, STM32U545RET6, STM32U545RET6Q, STM32U545VEI6, STM32U545VEI6Q, STM32U545VET6, STM32U545VET6Q, STM32U595AIH6, STM32U595AIH6Q, STM32U595AJH6, STM32U595AJH6Q, STM32U595QII6, STM32U595QII6Q, STM32U595QJI6, STM32U595QJI6Q, STM32U595RIT6, STM32U595RIT6Q, STM32U595RJT6, STM32U595RJT6Q, STM32U595VIT6, STM32U595VIT6Q, STM32U595VJT6, STM32U595VJT6Q, STM32U595ZIT6, STM32U595ZIT6Q, STM32U595ZIY6QTR, STM32U595ZJT6, STM32U595ZJT6Q, STM32U595ZJY6QTR, STM32U599BJY6QTR, STM32U599NIH6Q, STM32U599NJH6Q, STM32U599VIT6Q, STM32U599VJT6, STM32U599VJT6Q, STM32U599ZIT6Q, STM32U599ZIY6QTR, STM32U599ZJT6Q, STM32U599ZJY6QTR, STM32U5A5AJH6, STM32U5A5AJH6Q, STM32U5A5QJI6, STM32U5A5QJI6Q, STM32U5A5RJT6, STM32U5A5RJT6Q, STM32U5A5VJT6, STM32U5A5VJT6Q, STM32U5A5ZJT6, STM32U5A5ZJT6Q, STM32U5A5ZJY6QTR, STM32U5A9BJY6QTR, STM32U5A9J-DK, STM32U5A9NJH6Q, STM32U5A9VJT6Q, STM32U5A9ZJT6Q, STM32U5A9ZJY6QTR, STM32WB1MMCH6, STM32WBA52CEU6, STM32WBA52CEU6T, STM32WBA52CGU6, STM32WBA52CGU6T, STM32WL5MOCH6, STM32WL5MOCH6TR]
2023-03-24 17:00:01,890 [INFO] BoardInfo:880 - No configuration file found for board P-NUCLEO-WB55
2023-03-24 17:00:01,891 [INFO] DbBoards:157 - Kit is not supported: P-NUCLEO-WB55
2023-03-24 17:00:01,896 [INFO] BoardInfo:880 - No configuration file found for board STEVAL-BFA001V1B
2023-03-24 17:00:01,896 [INFO] DbBoards:157 - Kit is not supported: STEVAL-BFA001V1B
2023-03-24 17:00:01,897 [INFO] BoardInfo:880 - No configuration file found for board STEVAL-BFA001V2B
2023-03-24 17:00:01,897 [INFO] DbBoards:157 - Kit is not supported: STEVAL-BFA001V2B
2023-03-24 17:00:02,033 [INFO] DbBoards:161 - Found 187 boards, 184 are supported
2023-03-24 17:00:02,036 [INFO] ApiDb:423 - Load user favorites file C:\Users\user/.stm32cubeide/favorites.boards.txt: 0 item(s)
2023-03-24 17:00:02,036 [INFO] ApiDb:427 - User favorites Boards=[]
2023-03-24 17:00:02,036 [INFO] DbBoards:190 - Set 0 / 0 favorites Boards
2023-03-24 17:00:02,425 [INFO] ServerAccessManage:473 - Download File 
2023-03-24 17:00:02,494 [INFO] LoadUrlFilesThread:185 - End of LoadServerUrlFiles without Thread
2023-03-24 17:00:02,494 [INFO] TargetSelectorAdapter:259 - Refresh data is successful
2023-03-24 17:00:02,497 [INFO] ApiDb:668 - CubeFinder database Data Model version=2.1
2023-03-24 17:00:02,497 [INFO] ApiDb:669 - CubeFinder database Configuration version=3.0.35
2023-03-24 17:00:02,497 [INFO] ApiDb:670 - CubeFinder database generation date=2023-03-10 (1678456172)
2023-03-24 17:00:02,497 [INFO] ApiDb:671 - CubeFinder database FW Pack versions=[FP-ATR-ASTRA1_V1.1.1, STM32Cube_FW_C0_V1.0.1, STM32Cube_FW_F0_V1.11.4, STM32Cube_FW_F3_V1.11.4, STM32Cube_FW_F4_V1.27.1, STM32Cube_FW_F7_V1.17.0, STM32Cube_FW_G0_V1.6.1, STM32Cube_FW_G4_V1.5.1, STM32Cube_FW_H5_V0.5.1, STM32Cube_FW_H5_V1.0.0, STM32Cube_FW_H7_V1.11.0, STM32Cube_FW_L0_V1.12.2, STM32Cube_FW_L5_V1.5.0, STM32Cube_FW_U5_V1.2.0, STM32Cube_FW_WBA_V1.0.0, STM32Cube_FW_WBA_V1.0.0RC1, STM32Cube_FW_WBA_V1.0.0RC3, STM32Cube_FW_WB_V1.15.0RC1, STM32Cube_FW_WB_V1.16.0, STM32Cube_FW_WB_V1.16.0RC2, STM32Cube_FW_WL_V1.3.0, X-CUBE-ALGOBUILD_V1.3.0, X-CUBE-ALS_V1.0.1, X-CUBE-AZRTOS-F4_V1.1.0, X-CUBE-AZRTOS-F7_V1.1.0, X-CUBE-AZRTOS-G0_V1.1.0, X-CUBE-AZRTOS-G4_V1.0.0, X-CUBE-AZRTOS-H7_V3.0.0, X-CUBE-AZRTOS-L4_V1.0.0, X-CUBE-AZRTOS-L5_V1.1.0, X-CUBE-AZRTOS-WB_V1.1.0, X-CUBE-AZRTOS-WL_V1.0.0, X-CUBE-BLE1_V6.2.4, X-CUBE-BLE2_V3.3.0, X-CUBE-BLEMGR_V1.3.0, X-CUBE-EEPRMA1_V4.1.0, X-CUBE-GNSS1_V6.0.0, X-CUBE-MEMS1_V9.1.0, X-CUBE-MEMS1_V9.4.0, X-CUBE-MEMS1_V9.5.0, X-CUBE-NFC4_V3.0.0, X-CUBE-NFC7_V1.0.0, X-CUBE-SFXS2LP1_V4.0.0, X-CUBE-SUBG2_V5.0.0]
2023-03-24 17:00:03,538 [INFO] DbExamplesSqlite:376 - Ignored 46 examples not supported by CubeIDE
2023-03-24 17:00:03,538 [INFO] DbExamplesSqlite:377 - Found 7328 examples active
2023-03-24 17:00:03,539 [INFO] DbExamplesSqlite:378 - Found 1095 examples obsolete
2023-03-24 17:00:03,539 [INFO] DbExamplesSqlite:379 - Found 0 examples under development
2023-03-24 17:00:03,539 [INFO] DbExamplesSqlite:380 - Found 77 examples not building
2023-03-24 17:00:03,540 [INFO] DbExamples:125 - Found 7359 examples
2023-03-24 17:00:03,554 [INFO] DbExamples:222 - Found 92 boards with related examples
2023-03-24 17:00:03,556 [INFO] DbExamples:235 - Found 78 MCUs with related examples
2023-03-24 17:00:03,583 [INFO] ApiDb:414 - User favorites file not found: C:\Users\user/.stm32cubeide/favorites.examples.txt
2023-03-24 17:00:03,583 [INFO] DbExamples:250 - Set 0 / 0 favorites Examples
2023-03-24 17:00:03,619 [INFO] McuFinderGlobals:66 - Set McuFinderConnectedMode to true
2023-03-24 17:00:03,620 [INFO] MultiScanPanel:200 - Auto-refresh data requested => check proxy status ongoing
2023-03-24 17:00:03,621 [INFO] FinderPluginLoader:95 - Searching for filters in installed packs
2023-03-24 17:00:04,776 [INFO] LoadUrlFilesThread:185 - End of LoadServerUrlFiles without Thread
2023-03-24 17:00:04,785 [INFO] DetailPanel:341 - Set advertising image to C:/Users/user/STM32Cube/Repository/\en.prom-stm32h5-mcu-finder.jpg
2023-03-24 17:03:40,900 [INFO] MainUpdater:2854 - connection check result : 10
2023-03-24 17:03:40,901 [INFO] MainUpdater:2854 - connection check result : 10
2023-03-24 17:03:40,915 [INFO] MicroXplorer:468 - Change Database Path : 
2023-03-24 17:03:40,916 [INFO] MicroXplorer:498 - Change Database Version : DB.6.0.80
2023-03-24 17:03:40,916 [WARN] ThirdParty:871 - waiting for thirdparty lock release [close project]
2023-03-24 17:03:40,916 [INFO] ThirdParty:873 - entering critical section [close project]
2023-03-24 17:03:40,917 [INFO] ThirdParty:883 - exiting critical section [close project]
2023-03-24 17:03:40,918 [INFO] PinOutPanel:1499 - setPackage(No Configuration,No Configuration)
2023-03-24 17:03:40,923 [INFO] UtilMem:75 - Begin LoadConfig() Used Memory: 516259408 Bytes (617611264)
2023-03-24 17:03:40,924 [INFO] MicroXplorer:468 - Change Database Path : 
2023-03-24 17:03:40,924 [INFO] MicroXplorer:498 - Change Database Version : DB.6.0.80
2023-03-24 17:03:40,924 [INFO] OpenFileManager:308 - Change cursor
2023-03-24 17:03:40,936 [WARN] IntegrityCheckThread:84 - waiting for thirdparty lock release [integrity check]
2023-03-24 17:03:40,937 [INFO] IntegrityCheckThread:86 - entering critical section [integrity check]
2023-03-24 17:03:41,123 [WARN] PackLoader:240 - Cannot read IP mode file for STMicroelectronics.X-CUBE-GNSS1.6.0.0
2023-03-24 17:03:41,152 [WARN] PackLoader:240 - Cannot read IP mode file for STMicroelectronics.X-CUBE-AZRTOS-F4.1.1.0
2023-03-24 17:03:41,183 [WARN] PackLoader:240 - Cannot read IP mode file for STMicroelectronics.X-CUBE-AZRTOS-F7.1.1.0
2023-03-24 17:03:41,192 [WARN] PackLoader:240 - Cannot read IP mode file for STMicroelectronics.X-CUBE-BLE1.6.2.4
2023-03-24 17:03:41,202 [WARN] PackLoader:240 - Cannot read IP mode file for emotas.I-CUBE-CANOPEN.1.1.3
2023-03-24 17:03:41,209 [WARN] PackLoader:240 - Cannot read IP mode file for STMicroelectronics.X-CUBE-BLEMGR.2.0.0
2023-03-24 17:03:41,218 [WARN] PackLoader:240 - Cannot read IP mode file for STMicroelectronics.X-CUBE-DISPLAY.3.0.0
2023-03-24 17:03:41,226 [WARN] PackLoader:240 - Cannot read IP mode file for wolfSSL.I-CUBE-wolfSSL.5.5.4
2023-03-24 17:03:41,231 [WARN] PackLoader:240 - Cannot read IP mode file for STMicroelectronics.X-CUBE-NFC7.1.0.0
2023-03-24 17:03:41,237 [WARN] PackLoader:240 - Cannot read IP mode file for STMicroelectronics.X-CUBE-EEPRMA1.4.1.0
2023-03-24 17:03:41,245 [WARN] PackLoader:240 - Cannot read IP mode file for WES.I-CUBE-Cesium.1.3.0
2023-03-24 17:03:41,251 [WARN] PackLoader:240 - Cannot read IP mode file for STMicroelectronics.X-CUBE-SFXS2LP1.4.0.0
2023-03-24 17:03:41,256 [WARN] PackLoader:240 - Cannot read IP mode file for STMicroelectronics.X-CUBE-BLE2.3.3.0
2023-03-24 17:03:41,267 [WARN] PackLoader:240 - Cannot read IP mode file for STMicroelectronics.X-CUBE-TOF1.3.2.0
2023-03-24 17:03:41,293 [WARN] PackLoader:240 - Cannot read IP mode file for STMicroelectronics.X-CUBE-AZRTOS-H7.3.0.0
2023-03-24 17:03:41,299 [WARN] PackLoader:240 - Cannot read IP mode file for STMicroelectronics.X-CUBE-ISPU.1.1.0
2023-03-24 17:03:41,307 [WARN] PackLoader:240 - Cannot read IP mode file for RoweBots.I-CUBE-UNISONRTOS.5.5.0-4
2023-03-24 17:03:41,312 [WARN] PackLoader:240 - Cannot read IP mode file for STMicroelectronics.X-CUBE-AI.8.0.0
2023-03-24 17:03:41,316 [WARN] PackLoader:240 - Cannot read IP mode file for STMicroelectronics.X-CUBE-FREERTOS.1.0.0
2023-03-24 17:03:41,319 [WARN] PackLoader:240 - Cannot read IP mode file for STMicroelectronics.X-CUBE-TOUCHGFX.4.21.1
2023-03-24 17:03:41,327 [WARN] PackLoader:240 - Cannot read IP mode file for STMicroelectronics.X-CUBE-ALGOBUILD.1.3.0
2023-03-24 17:03:41,345 [WARN] PackLoader:240 - Cannot read IP mode file for STMicroelectronics.X-CUBE-AZRTOS-L5.1.1.0
2023-03-24 17:03:41,361 [WARN] PackLoader:240 - Cannot read IP mode file for STMicroelectronics.X-CUBE-AZRTOS-G0.1.1.0
2023-03-24 17:03:41,373 [WARN] PackLoader:240 - Cannot read IP mode file for STMicroelectronics.X-CUBE-SUBG2.5.0.0
2023-03-24 17:03:41,383 [WARN] PackLoader:240 - Cannot read IP mode file for STMicroelectronics.X-CUBE-NFC4.3.0.0
2023-03-24 17:03:41,387 [WARN] PackLoader:240 - Cannot read IP mode file for STMicroelectronics.FP-ATR-ASTRA1.1.1.1
2023-03-24 17:03:41,401 [WARN] PackLoader:240 - Cannot read IP mode file for STMicroelectronics.X-CUBE-AZRTOS-G4.1.0.0
2023-03-24 17:03:41,410 [WARN] PackLoader:240 - Cannot read IP mode file for STMicroelectronics.FP-ATR-SIGFOX1.3.2.0
2023-03-24 17:03:41,425 [WARN] PackLoader:240 - Cannot read IP mode file for STMicroelectronics.X-CUBE-AZRTOS-L4.1.0.0
2023-03-24 17:03:41,436 [WARN] PackLoader:240 - Cannot read IP mode file for STMicroelectronics.X-CUBE-AZRTOS-WL.1.0.0
2023-03-24 17:03:41,441 [WARN] PackLoader:240 - Cannot read IP mode file for portGmbH.I-Cube-SoM-uGOAL.1.1.0
2023-03-24 17:03:41,445 [WARN] PackLoader:240 - Cannot read IP mode file for STMicroelectronics.X-CUBE-ALS.1.0.1
2023-03-24 17:03:41,502 [WARN] PackLoader:240 - Cannot read IP mode file for STMicroelectronics.X-CUBE-MEMS1.9.5.0
2023-03-24 17:03:41,649 [WARN] PackLoader:240 - Cannot read IP mode file for STMicroelectronics.X-CUBE-AZRTOS-WB.1.1.0
2023-03-24 17:03:41,701 [WARN] PackLoader:240 - Cannot read IP mode file for SEGGER.I-CUBE-embOS.1.3.1
2023-03-24 17:03:41,742 [INFO] ThirdParty:978 - Integrity check success = true
2023-03-24 17:03:41,742 [INFO] IntegrityCheckThread:100 - exiting critical section [integrity check]
2023-03-24 17:03:41,743 [INFO] IntegrityCheckThread:103 - End integrity checks thread
2023-03-24 17:03:41,781 [INFO] Mcu:1937 - Initializing MCU STM32F103C6Tx STM32F103C6Tx 
2023-03-24 17:03:41,783 [INFO] Mcu:1950 - No CPN specified => set CPN to STM32F103C6T6A
2023-03-24 17:03:42,546 [INFO] Context:659 - Trying to add GPIOservice into a context  which must be forbidden
2023-03-24 17:03:42,772 [INFO] ImportTextPane:194 - (OptionalMessage_ERROR) Unable to find key (Mcu.ThirdPartyNb) in loaded IOC file
2023-03-24 17:03:42,772 [INFO] ImportTextPane:194 - (OptionalMessage_ERROR) Unable to find key (Mcu.PinsNb) in loaded IOC file
2023-03-24 17:03:42,772 [INFO] ImportTextPane:194 - (OptionalMessage_ERROR) Unable to find key (Mcu.IPNb) in loaded IOC file
2023-03-24 17:03:42,852 [INFO] RtosManager:555 - Registered RTOS mode: class=CMSIS, group=RTOS, mode=CMSIS_V1, owner=FREERTOS
2023-03-24 17:03:42,853 [INFO] RtosManager:555 - Registered RTOS mode: class=CMSIS, group=RTOS2, mode=CMSIS_V2, owner=FREERTOS
2023-03-24 17:03:42,853 [INFO] RtosManager:555 - Registered RTOS mode: class=RTOS, group=Core, mode=CMSIS_V1, owner=FREERTOS
2023-03-24 17:03:42,853 [INFO] RtosManager:555 - Registered RTOS mode: class=RTOS, group=Core, mode=CMSIS_V2, owner=FREERTOS
2023-03-24 17:03:42,853 [WARN] ModelIntegratedComponent:184 - Missing modes for component STMicroelectronics:FreeRTOS:0.0.1:STMicroelectronics:RTOS:FreeRTOS:Core:::10.2.0:
2023-03-24 17:03:42,868 [WARN] ModelIntegratedComponent:63 - No mode defined for component null
2023-03-24 17:03:42,869 [WARN] ModelIntegratedComponent:63 - No mode defined for component null
2023-03-24 17:03:42,869 [WARN] ModelIntegratedComponent:63 - No mode defined for component null
2023-03-24 17:03:42,869 [WARN] ModelIntegratedComponent:63 - No mode defined for component null
2023-03-24 17:03:42,869 [WARN] ModelIntegratedComponent:63 - No mode defined for component null
2023-03-24 17:03:42,869 [WARN] ModelIntegratedComponent:63 - No mode defined for component null
2023-03-24 17:03:42,869 [WARN] ModelIntegratedComponent:63 - No mode defined for component null
2023-03-24 17:03:42,869 [WARN] ModelIntegratedComponent:63 - No mode defined for component null
2023-03-24 17:03:42,869 [WARN] ModelIntegratedComponent:63 - No mode defined for component null
2023-03-24 17:03:42,869 [WARN] ModelIntegratedComponent:63 - No mode defined for component null
2023-03-24 17:03:42,870 [WARN] ModelIntegratedComponent:63 - No mode defined for component null
2023-03-24 17:03:42,870 [WARN] ModelIntegratedComponent:63 - No mode defined for component null
2023-03-24 17:03:42,870 [WARN] ModelIntegratedComponent:63 - No mode defined for component null
2023-03-24 17:03:42,870 [WARN] ModelIntegratedComponent:63 - No mode defined for component null
2023-03-24 17:03:42,870 [WARN] ModelIntegratedComponent:63 - No mode defined for component null
2023-03-24 17:03:42,870 [WARN] ModelIntegratedComponent:63 - No mode defined for component null
2023-03-24 17:03:42,870 [WARN] ModelIntegratedComponent:63 - No mode defined for component null
2023-03-24 17:03:42,870 [WARN] ModelIntegratedComponent:63 - No mode defined for component null
2023-03-24 17:03:42,870 [WARN] ModelIntegratedComponent:63 - No mode defined for component null
2023-03-24 17:03:42,870 [WARN] ModelIntegratedComponent:63 - No mode defined for component null
2023-03-24 17:03:42,870 [WARN] ModelIntegratedComponent:63 - No mode defined for component null
2023-03-24 17:03:42,870 [WARN] ModelIntegratedComponent:63 - No mode defined for component null
2023-03-24 17:03:42,870 [WARN] ModelIntegratedComponent:63 - No mode defined for component null
2023-03-24 17:03:42,870 [WARN] ModelIntegratedComponent:63 - No mode defined for component null
2023-03-24 17:03:42,870 [WARN] ModelIntegratedComponent:63 - No mode defined for component null
2023-03-24 17:03:42,871 [WARN] ModelIntegratedComponent:63 - No mode defined for component null
2023-03-24 17:03:42,871 [WARN] ModelIntegratedComponent:63 - No mode defined for component null
2023-03-24 17:03:42,871 [WARN] ModelIntegratedComponent:63 - No mode defined for component null
2023-03-24 17:03:42,871 [WARN] ModelIntegratedComponent:63 - No mode defined for component null
2023-03-24 17:03:42,871 [WARN] ModelIntegratedComponent:63 - No mode defined for component null
2023-03-24 17:03:42,871 [WARN] ModelIntegratedComponent:63 - No mode defined for component null
2023-03-24 17:03:42,871 [WARN] ModelIntegratedComponent:63 - No mode defined for component null
2023-03-24 17:03:42,871 [WARN] ModelIntegratedComponent:63 - No mode defined for component null
2023-03-24 17:03:43,108 [INFO] ThirdPartyModel:298 - Start build external matchings
2023-03-24 17:03:43,491 [INFO] ThirdPartyModel:316 - End build external matchings
2023-03-24 17:03:43,681 [INFO] UtilMem:75 - End LoadConfig() Used Memory: 507125632 Bytes (617611264)
2023-03-24 17:03:43,702 [WARN] ThirdParty:833 - waiting for thirdparty lock release [change project]
2023-03-24 17:03:43,703 [INFO] ThirdParty:835 - entering critical section [change project]
2023-03-24 17:03:43,703 [INFO] ThirdParty:1030 - CMSIS Pack Vendor :STMicroelectronics X-CUBE-ISPU 1.1.0
2023-03-24 17:03:43,703 [INFO] ThirdParty:1030 - CMSIS Pack Vendor :RoweBots I-CUBE-UNISONRTOS 5.5.0-4
2023-03-24 17:03:43,704 [INFO] ThirdParty:1030 - CMSIS Pack Vendor :STMicroelectronics X-CUBE-GNSS1 6.0.0
2023-03-24 17:03:43,704 [INFO] ThirdParty:1030 - CMSIS Pack Vendor :STMicroelectronics USB_HOST 2.0.0
2023-03-24 17:03:43,704 [INFO] ThirdParty:1030 - CMSIS Pack Vendor :STMicroelectronics X-CUBE-AZRTOS-F4 1.1.0
2023-03-24 17:03:43,704 [INFO] ThirdParty:1030 - CMSIS Pack Vendor :STMicroelectronics LIBJPEG 8.0.0
2023-03-24 17:03:43,704 [INFO] ThirdParty:1030 - CMSIS Pack Vendor :STMicroelectronics USB_DEVICE 3.0.0
2023-03-24 17:03:43,704 [INFO] ThirdParty:1030 - CMSIS Pack Vendor :STMicroelectronics X-CUBE-AI 8.0.0
2023-03-24 17:03:43,704 [INFO] ThirdParty:1030 - CMSIS Pack Vendor :STMicroelectronics X-CUBE-FREERTOS 1.0.0
2023-03-24 17:03:43,705 [INFO] ThirdParty:1030 - CMSIS Pack Vendor :STMicroelectronics X-CUBE-TOUCHGFX 4.21.1
2023-03-24 17:03:43,705 [INFO] ThirdParty:1030 - CMSIS Pack Vendor :STMicroelectronics X-CUBE-AZRTOS-F7 1.1.0
2023-03-24 17:03:43,705 [INFO] ThirdParty:1030 - CMSIS Pack Vendor :STMicroelectronics USB_DEVICE 2.0.0
2023-03-24 17:03:43,705 [INFO] ThirdParty:1030 - CMSIS Pack Vendor :STMicroelectronics X-CUBE-ALGOBUILD 1.3.0
2023-03-24 17:03:43,705 [INFO] ThirdParty:1030 - CMSIS Pack Vendor :STMicroelectronics X-CUBE-BLE1 6.2.4
2023-03-24 17:03:43,705 [INFO] ThirdParty:1030 - CMSIS Pack Vendor :STMicroelectronics X-CUBE-AZRTOS-L5 1.1.0
2023-03-24 17:03:43,705 [INFO] ThirdParty:1030 - CMSIS Pack Vendor :STMicroelectronics FreeRTOS 0.0.1
2023-03-24 17:03:43,705 [INFO] ThirdParty:1030 - CMSIS Pack Vendor :emotas I-CUBE-CANOPEN 1.1.3
2023-03-24 17:03:43,705 [INFO] ThirdParty:1030 - CMSIS Pack Vendor :STMicroelectronics X-CUBE-AZRTOS-G0 1.1.0
2023-03-24 17:03:43,705 [INFO] ThirdParty:1030 - CMSIS Pack Vendor :STMicroelectronics X-CUBE-BLEMGR 2.0.0
2023-03-24 17:03:43,706 [INFO] ThirdParty:1030 - CMSIS Pack Vendor :STMicroelectronics X-CUBE-SUBG2 5.0.0
2023-03-24 17:03:43,706 [INFO] ThirdParty:1030 - CMSIS Pack Vendor :STMicroelectronics X-CUBE-NFC4 3.0.0
2023-03-24 17:03:43,706 [INFO] ThirdParty:1030 - CMSIS Pack Vendor :STMicroelectronics STM32_WPAN 1.0.0
2023-03-24 17:03:43,706 [INFO] ThirdParty:1030 - CMSIS Pack Vendor :STMicroelectronics lwIP 2.0.3
2023-03-24 17:03:43,706 [INFO] ThirdParty:1030 - CMSIS Pack Vendor :STMicroelectronics USB_HOST 1.0.0
2023-03-24 17:03:43,706 [INFO] ThirdParty:1030 - CMSIS Pack Vendor :STMicroelectronics PDM2PCM 3.1.0
2023-03-24 17:03:43,706 [INFO] ThirdParty:1030 - CMSIS Pack Vendor :STMicroelectronics FP-ATR-ASTRA1 1.1.1
2023-03-24 17:03:43,706 [INFO] ThirdParty:1030 - CMSIS Pack Vendor :STMicroelectronics PDM2PCM 3.3.0
2023-03-24 17:03:43,706 [INFO] ThirdParty:1030 - CMSIS Pack Vendor :STMicroelectronics X-CUBE-DISPLAY 3.0.0
2023-03-24 17:03:43,706 [INFO] ThirdParty:1030 - CMSIS Pack Vendor :STMicroelectronics X-CUBE-AZRTOS-G4 1.0.0
2023-03-24 17:03:43,706 [INFO] ThirdParty:1030 - CMSIS Pack Vendor :STMicroelectronics FP-ATR-SIGFOX1 3.2.0
2023-03-24 17:03:43,706 [INFO] ThirdParty:1030 - CMSIS Pack Vendor :wolfSSL I-CUBE-wolfSSL 5.5.4
2023-03-24 17:03:43,706 [INFO] ThirdParty:1030 - CMSIS Pack Vendor :STMicroelectronics X-CUBE-AZRTOS-L4 1.0.0
2023-03-24 17:03:43,706 [INFO] ThirdParty:1030 - CMSIS Pack Vendor :STMicroelectronics HAL Drivers 0.0.0
2023-03-24 17:03:43,706 [INFO] ThirdParty:1030 - CMSIS Pack Vendor :STMicroelectronics MBEDTLS 2.16.2
2023-03-24 17:03:43,707 [INFO] ThirdParty:1030 - CMSIS Pack Vendor :STMicroelectronics MBEDTLS 2.14.1
2023-03-24 17:03:43,707 [INFO] ThirdParty:1030 - CMSIS Pack Vendor :STMicroelectronics X-CUBE-NFC7 1.0.0
2023-03-24 17:03:43,707 [INFO] ThirdParty:1030 - CMSIS Pack Vendor :STMicroelectronics X-CUBE-AZRTOS-WL 1.0.0
2023-03-24 17:03:43,707 [INFO] ThirdParty:1030 - CMSIS Pack Vendor :STMicroelectronics X-CUBE-EEPRMA1 4.1.0
2023-03-24 17:03:43,707 [INFO] ThirdParty:1030 - CMSIS Pack Vendor :portGmbH I-Cube-SoM-uGOAL 1.1.0
2023-03-24 17:03:43,707 [INFO] ThirdParty:1030 - CMSIS Pack Vendor :STMicroelectronics X-CUBE-ALS 1.0.1
2023-03-24 17:03:43,707 [INFO] ThirdParty:1030 - CMSIS Pack Vendor :STMicroelectronics X-CUBE-MEMS1 9.5.0
2023-03-24 17:03:43,707 [INFO] ThirdParty:1030 - CMSIS Pack Vendor :STMicroelectronics ThreadX 1.0.0
2023-03-24 17:03:43,707 [INFO] ThirdParty:1030 - CMSIS Pack Vendor :STMicroelectronics X-CUBE-AZRTOS-WB 1.1.0
2023-03-24 17:03:43,707 [INFO] ThirdParty:1030 - CMSIS Pack Vendor :SEGGER I-CUBE-embOS 1.3.1
2023-03-24 17:03:43,708 [INFO] ThirdParty:1030 - CMSIS Pack Vendor :STMicroelectronics USB_DEVICE 1.0.0
2023-03-24 17:03:43,708 [INFO] ThirdParty:1030 - CMSIS Pack Vendor :STMicroelectronics ThreadX 0.0.2
2023-03-24 17:03:43,708 [INFO] ThirdParty:1030 - CMSIS Pack Vendor :WES I-CUBE-Cesium 1.3.0
2023-03-24 17:03:43,708 [INFO] ThirdParty:1030 - CMSIS Pack Vendor :STMicroelectronics lwIP 2.1.2
2023-03-24 17:03:43,708 [INFO] ThirdParty:1030 - CMSIS Pack Vendor :STMicroelectronics X-CUBE-SFXS2LP1 4.0.0
2023-03-24 17:03:43,708 [INFO] ThirdParty:1030 - CMSIS Pack Vendor :STMicroelectronics X-CUBE-BLE2 3.3.0
2023-03-24 17:03:43,708 [INFO] ThirdParty:1030 - CMSIS Pack Vendor :STMicroelectronics X-CUBE-TOF1 3.2.0
2023-03-24 17:03:43,708 [INFO] ThirdParty:1030 - CMSIS Pack Vendor :STMicroelectronics PDM2PCM 3.2.0
2023-03-24 17:03:43,708 [INFO] ThirdParty:1030 - CMSIS Pack Vendor :STMicroelectronics X-CUBE-AZRTOS-H7 3.0.0
2023-03-24 17:03:43,708 [INFO] ThirdParty:841 - exiting critical section [change project]
2023-03-24 17:03:43,988 [INFO] PinOutPanel:1499 - setPackage(No Configuration,No Configuration)
2023-03-24 17:03:43,990 [INFO] PinOutPanel:1499 - setPackage(STM32F103C6Tx,LQFP48)
2023-03-24 17:03:44,652 [INFO] UtilMem:75 - Before build in PCC Used Memory: 455381976 Bytes (617611264)
2023-03-24 17:03:45,519 [INFO] UtilMem:75 - After build in PCC Used Memory: 495602728 Bytes (617611264)
2023-03-24 17:03:45,555 [INFO] IPUIPlugin:80 - create IPUIPlugin
2023-03-24 17:03:45,556 [INFO] IPUIPlugin:80 - create IPUIPlugin
2023-03-24 17:03:45,556 [INFO] IPUIPlugin:80 - create IPUIPlugin
2023-03-24 17:03:45,556 [INFO] IPUIPlugin:80 - create IPUIPlugin
2023-03-24 17:03:45,556 [INFO] IPUIPlugin:80 - create IPUIPlugin
2023-03-24 17:03:45,556 [INFO] IPUIPlugin:80 - create IPUIPlugin
2023-03-24 17:03:45,556 [INFO] IPUIPlugin:80 - create IPUIPlugin
2023-03-24 17:03:45,557 [INFO] IPUIPlugin:80 - create IPUIPlugin
2023-03-24 17:03:45,557 [INFO] IPUIPlugin:80 - create IPUIPlugin
2023-03-24 17:03:45,557 [INFO] IPUIPlugin:80 - create IPUIPlugin
2023-03-24 17:03:45,557 [INFO] IPUIPlugin:80 - create IPUIPlugin
2023-03-24 17:03:45,558 [INFO] IPUIPlugin:80 - create IPUIPlugin
2023-03-24 17:03:45,558 [INFO] IPUIPlugin:80 - create IPUIPlugin
2023-03-24 17:03:45,558 [INFO] IPUIPlugin:80 - create IPUIPlugin
2023-03-24 17:03:45,558 [INFO] IPUIPlugin:80 - create IPUIPlugin
2023-03-24 17:03:45,559 [INFO] IPUIPlugin:80 - create IPUIPlugin
2023-03-24 17:03:45,559 [INFO] IPUIPlugin:80 - create IPUIPlugin
2023-03-24 17:03:45,559 [INFO] IPUIPlugin:80 - create IPUIPlugin
2023-03-24 17:03:45,560 [INFO] IPUIPlugin:80 - create IPUIPlugin
2023-03-24 17:03:45,560 [INFO] IPUIPlugin:80 - create IPUIPlugin
2023-03-24 17:03:45,560 [INFO] IPUIPlugin:80 - create IPUIPlugin
2023-03-24 17:03:45,561 [INFO] IPUIPlugin:80 - create IPUIPlugin
2023-03-24 17:03:45,561 [INFO] IPUIPlugin:80 - create IPUIPlugin
2023-03-24 17:03:45,760 [INFO] CADModel:165 - CPN selected for project levelSTM32F103C6T6A
2023-03-24 17:03:45,760 [INFO] CADModel:114 - Register for checkConnection events
2023-03-24 17:03:45,817 [INFO] OpenFileManager:328 - Restore cursor
2023-03-24 17:03:46,815 [INFO] UtilMem:75 - End SaveConfig() Used Memory: 505030840 Bytes (617611264)
2023-03-24 17:03:47,321 [INFO] ServerAccessManage:473 - Download File stm32cube_fw_f1_v180.zip
2023-03-24 17:05:44,993 [ERROR] FileExtend:455 - File entry not found
2023-03-24 17:05:44,994 [INFO] FileExtend:240 - Unzip File : stm32cube_fw_f1_v180.zip
2023-03-24 17:05:44,994 [INFO] FileExtend:255 - Standard Zip Deflate
2023-03-24 17:05:59,623 [INFO] ServerAccessManage:473 - Download File stm32cube_fw_f1_v184.zip
2023-03-24 17:06:50,302 [INFO] FileExtend:240 - Unzip File : stm32cube_fw_f1_v184.zip
2023-03-24 17:06:50,302 [INFO] FileExtend:255 - Standard Zip Deflate
2023-03-24 17:06:58,854 [INFO] LoadServerPackagesThread:196 - End of LoadServerPackages Thread
2023-03-24 17:06:59,008 [INFO] ThirdPartyModel:298 - Start build external matchings
2023-03-24 17:06:59,011 [INFO] UtilMem:75 - End SaveConfig() Used Memory: 618097280 Bytes (1073741824)
2023-03-24 17:06:59,397 [INFO] ThirdPartyModel:316 - End build external matchings
2023-03-24 17:06:59,407 [INFO] CheckServerUpdateThread:120 - End of CheckServer Thread
2023-03-24 17:06:59,886 [INFO] BlockDiagram:2759 - set Specific Code input for plugin: NVIC
2023-03-24 17:06:59,887 [INFO] BlockDiagram:2759 - set Specific Code input for plugin: RCC
2023-03-24 17:06:59,888 [INFO] CodeGenerator:793 - code generatio: config db path: C:\ST\STM32CubeIDE_1.12.0\STM32CubeIDE\plugins\com.st.stm32cube.common.mx_6.8.0.202302231600\\db\
2023-03-24 17:07:00,538 [INFO] CodeEngine:255 - oldGeneratedFile, C:\SYM32W1\lcd1\MXTmpFiles\license.tmp_save
2023-03-24 17:07:01,139 [INFO] CodeEngine:279 - Generated code: C:\SYM32W1\lcd1\MXTmpFiles\license.tmp
2023-03-24 17:07:01,152 [INFO] CodeEngine:255 - oldGeneratedFile, C:\SYM32W1\lcd1\Core\Src\stm32f1xx_it.c_save
2023-03-24 17:07:01,416 [INFO] CodeEngine:279 - Generated code: C:\SYM32W1\lcd1\Core\Src\stm32f1xx_it.c
2023-03-24 17:07:01,420 [INFO] CodeEngine:255 - oldGeneratedFile, C:\SYM32W1\lcd1\Core\Inc\stm32f1xx_it.h_save
2023-03-24 17:07:01,550 [INFO] CodeEngine:279 - Generated code: C:\SYM32W1\lcd1\Core\Inc\stm32f1xx_it.h
2023-03-24 17:07:01,642 [INFO] CodeEngine:255 - oldGeneratedFile, C:\SYM32W1\lcd1\Core\Src\stm32f1xx_hal_msp.c_save
2023-03-24 17:07:01,837 [INFO] CodeEngine:279 - Generated code: C:\SYM32W1\lcd1\Core\Src\stm32f1xx_hal_msp.c
2023-03-24 17:07:01,840 [INFO] CodeEngine:255 - oldGeneratedFile, C:\SYM32W1\lcd1\MXTmpFiles\system.tmp_save
2023-03-24 17:07:01,944 [INFO] CodeEngine:279 - Generated code: C:\SYM32W1\lcd1\MXTmpFiles\system.tmp
2023-03-24 17:07:01,954 [INFO] CodeEngine:311 - oldGeneratedFile, C:\SYM32W1\lcd1\Core\Inc\stm32f1xx_hal_conf.h_save
2023-03-24 17:07:02,099 [INFO] CodeEngine:335 - Generated code: C:\SYM32W1\lcd1\Core\Inc\stm32f1xx_hal_conf.h
2023-03-24 17:07:02,150 [INFO] CodeEngine:255 - oldGeneratedFile, C:\SYM32W1\lcd1\Core\Inc\main.h_save
2023-03-24 17:07:02,336 [INFO] CodeEngine:279 - Generated code: C:\SYM32W1\lcd1\Core\Inc\main.h
2023-03-24 17:07:02,339 [INFO] CodeEngine:255 - oldGeneratedFile, C:\SYM32W1\lcd1\Core\Src\main.c_save
2023-03-24 17:07:02,526 [INFO] CodeEngine:279 - Generated code: C:\SYM32W1\lcd1\Core\Src\main.c
2023-03-24 17:07:03,606 [INFO] ProjectBuilder:2996 - Time for Copy HAL[1] : 245mS.
2023-03-24 17:07:03,619 [INFO] ProjectBuilder:4304 - Project Generator version: 3.19.2
2023-03-24 17:07:03,948 [INFO] ConfigFileManager:1483 - The Die is : DIE412
2023-03-24 17:07:03,965 [INFO] ApiDbMcu:507 - Load IP Config File for FATFS
2023-03-24 17:07:04,008 [INFO] ApiDbMcu:507 - Load IP Config File for FREERTOS
2023-03-24 17:07:04,029 [INFO] ApiDbMcu:507 - Load IP Config File for USB_DEVICE
2023-03-24 17:07:05,247 [INFO] LogOutputStream:77 - [STDOUT_REDIRECT] 
2023-03-24 17:07:08,240 [INFO] ProjectBuilder:4505 - Time for Generating toolchain IDE Files: 4619mS.
2023-03-24 17:07:08,242 [INFO] ProjectBuilder:2867 - Time for Copy CMSIS : 1mS.
2023-03-24 17:07:08,244 [INFO] ProjectBuilder:2867 - Time for Copy CMSIS : 0mS.
2023-03-24 17:07:09,688 [INFO] McuFinderGlobals:66 - Set McuFinderConnectedMode to true
2023-03-24 17:07:09,689 [INFO] ApiDb:448 - Save user favorites file C:\Users\user/.stm32cubeide/favorites.mcus.txt: 0 item(s)
2023-03-24 17:07:09,689 [INFO] ApiDb:452 - User favorites MCUs=[]
2023-03-24 17:55:29,301 [INFO] UtilMem:75 - End SaveConfig() Used Memory: 222066664 Bytes (615514112)
2023-03-24 17:55:36,607 [INFO] UtilMem:75 - End SaveConfig() Used Memory: 354171320 Bytes (615514112)
2023-03-24 17:55:36,985 [INFO] BlockDiagram:2759 - set Specific Code input for plugin: NVIC
2023-03-24 17:55:36,985 [INFO] BlockDiagram:2759 - set Specific Code input for plugin: SYS
2023-03-24 17:55:36,986 [INFO] BlockDiagram:2759 - set Specific Code input for plugin: GPIO
2023-03-24 17:55:36,986 [INFO] BlockDiagram:2759 - set Specific Code input for plugin: RCC
2023-03-24 17:55:36,987 [INFO] CodeGenerator:793 - code generatio: config db path: C:\ST\STM32CubeIDE_1.12.0\STM32CubeIDE\plugins\com.st.stm32cube.common.mx_6.8.0.202302231600\\db\
2023-03-24 17:55:37,215 [INFO] CodeEngine:255 - oldGeneratedFile, C:\SYM32W1\lcd1\MXTmpFiles\license.tmp_save
2023-03-24 17:55:37,353 [INFO] CodeEngine:279 - Generated code: C:\SYM32W1\lcd1\MXTmpFiles\license.tmp
2023-03-24 17:55:37,392 [INFO] CodeEngine:255 - oldGeneratedFile, C:\SYM32W1\lcd1\MXTmpFiles\gpio.tmp_save
2023-03-24 17:55:37,539 [INFO] CodeEngine:279 - Generated code: C:\SYM32W1\lcd1\MXTmpFiles\gpio.tmp
2023-03-24 17:55:37,568 [INFO] CodeEngine:255 - oldGeneratedFile, C:\SYM32W1\lcd1\Core\Src\stm32f1xx_it.c_save
2023-03-24 17:55:37,859 [INFO] CodeEngine:279 - Generated code: C:\SYM32W1\lcd1\Core\Src\stm32f1xx_it.c
2023-03-24 17:55:37,864 [INFO] CodeEngine:255 - oldGeneratedFile, C:\SYM32W1\lcd1\Core\Inc\stm32f1xx_it.h_save
2023-03-24 17:55:37,939 [INFO] CodeEngine:279 - Generated code: C:\SYM32W1\lcd1\Core\Inc\stm32f1xx_it.h
2023-03-24 17:55:37,956 [INFO] CodeEngine:255 - oldGeneratedFile, C:\SYM32W1\lcd1\Core\Src\stm32f1xx_hal_msp.c_save
2023-03-24 17:55:38,220 [INFO] CodeEngine:279 - Generated code: C:\SYM32W1\lcd1\Core\Src\stm32f1xx_hal_msp.c
2023-03-24 17:55:38,227 [INFO] CodeEngine:255 - oldGeneratedFile, C:\SYM32W1\lcd1\MXTmpFiles\system.tmp_save
2023-03-24 17:55:38,308 [INFO] CodeEngine:279 - Generated code: C:\SYM32W1\lcd1\MXTmpFiles\system.tmp
2023-03-24 17:55:38,325 [INFO] CodeEngine:311 - oldGeneratedFile, C:\SYM32W1\lcd1\Core\Inc\stm32f1xx_hal_conf.h_save
2023-03-24 17:55:38,462 [INFO] CodeEngine:335 - Generated code: C:\SYM32W1\lcd1\Core\Inc\stm32f1xx_hal_conf.h
2023-03-24 17:55:38,521 [INFO] CodeEngine:255 - oldGeneratedFile, C:\SYM32W1\lcd1\Core\Inc\main.h_save
2023-03-24 17:55:38,657 [INFO] CodeEngine:279 - Generated code: C:\SYM32W1\lcd1\Core\Inc\main.h
2023-03-24 17:55:38,671 [INFO] CodeEngine:255 - oldGeneratedFile, C:\SYM32W1\lcd1\Core\Src\main.c_save
2023-03-24 17:55:38,803 [INFO] CodeEngine:279 - Generated code: C:\SYM32W1\lcd1\Core\Src\main.c
2023-03-24 17:55:39,613 [INFO] ProjectBuilder:2996 - Time for Copy HAL[1] : 184mS.
2023-03-24 17:55:39,617 [INFO] ProjectBuilder:4304 - Project Generator version: 3.19.2
2023-03-24 17:55:40,085 [INFO] ConfigFileManager:1483 - The Die is : DIE412
2023-03-24 17:55:41,813 [INFO] ProjectBuilder:4505 - Time for Generating toolchain IDE Files: 2196mS.
2023-03-24 17:55:41,814 [INFO] ProjectBuilder:2867 - Time for Copy CMSIS : 0mS.
2023-03-24 17:55:41,817 [INFO] ProjectBuilder:2867 - Time for Copy CMSIS : 0mS.
2023-03-24 18:15:44,821 [INFO] Activator:176 - 


2023-03-24 18:15:44,824 [INFO] Activator:177 - !SESSION log4j initialized
2023-03-24 18:15:50,362 [INFO] LogOutputStream:77 - [STDOUT_REDIRECT] 
2023-03-24 18:16:12,217 [ERROR] LogOutputStream:75 - [STDERR_REDIRECT] SLF4J: Failed to load class "org.slf4j.impl.StaticLoggerBinder".
2023-03-24 18:16:12,217 [ERROR] LogOutputStream:75 - [STDERR_REDIRECT] SLF4J: Defaulting to no-operation (NOP) logger implementation
2023-03-24 18:16:12,221 [ERROR] LogOutputStream:75 - [STDERR_REDIRECT] SLF4J: See http://www.slf4j.org/codes.html#StaticLoggerBinder for further details.
