2023-03-26 17:50:57,131 [INFO] Activator:176 - 


2023-03-26 17:50:57,137 [INFO] Activator:177 - !SESSION log4j initialized
2023-03-26 17:51:03,970 [INFO] LogOutputStream:77 - [STDOUT_REDIRECT] 
2023-03-26 17:51:16,849 [INFO] ApplicationProperties:184 - Using Application install path: C:\ST\STM32CubeIDE_1.12.0\STM32CubeIDE\plugins\com.st.stm32cube.common.mx_6.8.0.202302231600
2023-03-26 17:51:16,876 [INFO] DbMcusXml:78 - Set database path to: C:\ST\STM32CubeIDE_1.12.0\STM32CubeIDE\plugins\com.st.stm32cube.common.mx_6.8.0.202302231600\\db\/mcu/
2023-03-26 17:51:16,876 [INFO] ApiDb:274 - Set plugin database path to: C:\ST\STM32CubeIDE_1.12.0\STM32CubeIDE\plugins\com.st.stm32cube.common.mx_6.8.0.202302231600\\db\/plugins/boardmanager/
2023-03-26 17:51:16,878 [WARN] ApiDb:259 - Overriding images path with different value:  => C:\ST\STM32CubeIDE_1.12.0\STM32CubeIDE\plugins\com.st.stm32cube.common.mx_6.8.0.202302231600\\db\/plugins/mcufinder/images/
2023-03-26 17:51:16,894 [INFO] ApiDb:250 - Set database path to: C:\Users\user\.stmcufinder\plugins\mcufinder//mcu/
2023-03-26 17:51:16,896 [INFO] DbMcusAds:125 - Set database path to: C:\Users\user\.stmcufinder\plugins\mcufinder//mcu/
2023-03-26 17:51:16,924 [INFO] CrossReferenceDbSqlite:203 - Set database path to: C:\Users\user\.stmcufinder\plugins\mcufinder//mcu/cs/
2023-03-26 17:51:17,086 [INFO] RulesReader:64 - Compatibility file has been processed (293 Rules)
2023-03-26 17:51:17,214 [INFO] DbMcusXml:78 - Set database path to: C:\ST\STM32CubeIDE_1.12.0\STM32CubeIDE\plugins\com.st.stm32cube.common.mx_6.8.0.202302231600\\db\/mcu/
2023-03-26 17:51:17,215 [INFO] ApiDb:274 - Set plugin database path to: C:\ST\STM32CubeIDE_1.12.0\STM32CubeIDE\plugins\com.st.stm32cube.common.mx_6.8.0.202302231600\\db\/plugins/boardmanager/
2023-03-26 17:51:17,215 [INFO] ApiDb:261 - Set plugin images path to: C:\ST\STM32CubeIDE_1.12.0\STM32CubeIDE\plugins\com.st.stm32cube.common.mx_6.8.0.202302231600\\db\/plugins/mcufinder/images/
2023-03-26 17:51:17,216 [WARN] DbFile:41 - Overriding database path with different value: C:\Users\user\.stmcufinder\plugins\mcufinder/ => C:\Users\user\.stmcufinder\plugins\mcufinder
2023-03-26 17:51:17,216 [INFO] ApiDb:250 - Set database path to: C:\Users\user\.stmcufinder\plugins\mcufinder//mcu/
2023-03-26 17:51:17,217 [WARN] DbFile:41 - Overriding database path with different value: C:\Users\user\.stmcufinder\plugins\mcufinder/ => C:\Users\user\.stmcufinder\plugins\mcufinder
2023-03-26 17:51:17,217 [INFO] DbMcusAds:125 - Set database path to: C:\Users\user\.stmcufinder\plugins\mcufinder//mcu/
2023-03-26 17:51:17,217 [WARN] DbFile:41 - Overriding database path with different value: C:\Users\user\.stmcufinder\plugins\mcufinder/ => C:\Users\user\.stmcufinder\plugins\mcufinder
2023-03-26 17:51:17,217 [WARN] DbFile:41 - Overriding database path with different value: C:\Users\user\.stmcufinder\plugins\mcufinder/ => C:\Users\user\.stmcufinder\plugins\mcufinder
2023-03-26 17:51:17,218 [INFO] CrossReferenceDbSqlite:203 - Set database path to: C:\Users\user\.stmcufinder\plugins\mcufinder//mcu/cs/
2023-03-26 17:51:17,330 [INFO] MainPanel:253 - HeapMemory: 268435456
2023-03-26 17:51:17,466 [INFO] DbMcusXml:78 - Set database path to: C:\ST\STM32CubeIDE_1.12.0\STM32CubeIDE\plugins\com.st.stm32cube.common.mx_6.8.0.202302231600\\db\/mcu/
2023-03-26 17:51:17,467 [INFO] ApiDb:274 - Set plugin database path to: C:\ST\STM32CubeIDE_1.12.0\STM32CubeIDE\plugins\com.st.stm32cube.common.mx_6.8.0.202302231600\\db\/plugins/boardmanager/
2023-03-26 17:51:17,467 [INFO] ApiDb:261 - Set plugin images path to: C:\ST\STM32CubeIDE_1.12.0\STM32CubeIDE\plugins\com.st.stm32cube.common.mx_6.8.0.202302231600\\db\/plugins/mcufinder/images/
2023-03-26 17:51:17,468 [WARN] DbFile:41 - Overriding database path with different value: C:\Users\user\.stmcufinder\plugins\mcufinder/ => C:\Users\user\.stmcufinder\plugins\mcufinder
2023-03-26 17:51:17,468 [INFO] ApiDb:250 - Set database path to: C:\Users\user\.stmcufinder\plugins\mcufinder//mcu/
2023-03-26 17:51:17,468 [WARN] DbFile:41 - Overriding database path with different value: C:\Users\user\.stmcufinder\plugins\mcufinder/ => C:\Users\user\.stmcufinder\plugins\mcufinder
2023-03-26 17:51:17,469 [INFO] DbMcusAds:125 - Set database path to: C:\Users\user\.stmcufinder\plugins\mcufinder//mcu/
2023-03-26 17:51:17,469 [WARN] DbFile:41 - Overriding database path with different value: C:\Users\user\.stmcufinder\plugins\mcufinder/ => C:\Users\user\.stmcufinder\plugins\mcufinder
2023-03-26 17:51:17,469 [WARN] DbFile:41 - Overriding database path with different value: C:\Users\user\.stmcufinder\plugins\mcufinder/ => C:\Users\user\.stmcufinder\plugins\mcufinder
2023-03-26 17:51:17,469 [INFO] CrossReferenceDbSqlite:203 - Set database path to: C:\Users\user\.stmcufinder\plugins\mcufinder//mcu/cs/
2023-03-26 17:51:17,492 [INFO] ApplicationProperties:184 - Using Application install path: C:\ST\STM32CubeIDE_1.12.0\STM32CubeIDE\plugins\com.st.stm32cube.common.mx_6.8.0.202302231600
2023-03-26 17:51:17,495 [INFO] PluginManage:196 - Search for loadable plugins [exclusion list=, ]
2023-03-26 17:51:17,497 [INFO] PluginManage:310 - Check plugin analytics
2023-03-26 17:51:17,706 [INFO] AnalyticsPlugin:253 - Accepted Software Licenses: 
2023-03-26 17:51:17,706 [INFO] AnalyticsPlugin:255 - Accepted CMSIS Pack Licenses: 
2023-03-26 17:51:17,706 [INFO] AnalyticsPlugin:257 - Accepted Firmware Licenses: 
2023-03-26 17:51:17,713 [INFO] PluginManage:359 - Loaded plugin analytics (category:tool,tabindex:-1)
2023-03-26 17:51:17,713 [INFO] PluginManage:310 - Check plugin cadmodel
2023-03-26 17:51:17,733 [INFO] CADModel:105 - Init CAD model plugin
2023-03-26 17:51:17,734 [INFO] PluginManage:359 - Loaded plugin cadmodel (category:power,tabindex:5)
2023-03-26 17:51:17,734 [INFO] PluginManage:310 - Check plugin clock
2023-03-26 17:51:17,761 [INFO] PluginManage:359 - Loaded plugin clock (category:base,tabindex:2)
2023-03-26 17:51:17,761 [INFO] PluginManage:310 - Check plugin ddr
2023-03-26 17:51:17,766 [INFO] PluginManage:359 - Loaded plugin ddr (category:tool,tabindex:6)
2023-03-26 17:51:17,766 [INFO] PluginManage:310 - Check plugin filemanager
2023-03-26 17:51:17,933 [INFO] PluginManage:359 - Loaded plugin filemanager (category:base,tabindex:10)
2023-03-26 17:51:17,933 [INFO] PluginManage:310 - Check plugin ipmanager
2023-03-26 17:51:17,944 [INFO] PluginManage:359 - Loaded plugin ipmanager (category:base,tabindex:5)
2023-03-26 17:51:17,944 [INFO] PluginManage:310 - Check plugin lpbam
2023-03-26 17:51:17,966 [INFO] PluginManage:359 - Loaded plugin lpbam (category:base,tabindex:0)
2023-03-26 17:51:17,966 [INFO] PluginManage:310 - Check plugin pinoutandconfiguration
2023-03-26 17:51:17,987 [INFO] PluginManage:359 - Loaded plugin pinoutandconfiguration (category:base,tabindex:1)
2023-03-26 17:51:17,987 [INFO] PluginManage:310 - Check plugin pinoutconfig
2023-03-26 17:51:18,108 [WARN] SupportedApi:132 - Cannot load RTOS API schema: s4s-elt-must-match.1: The content of 'definitions' must match (annotation?, (simpleType | complexType)?, (unique | key | keyref)*)). A problem was found starting at: attribute.
2023-03-26 17:51:18,278 [INFO] PluginManage:359 - Loaded plugin pinoutconfig (category:base,tabindex:0)
2023-03-26 17:51:18,278 [INFO] PluginManage:310 - Check plugin power
2023-03-26 17:51:18,307 [INFO] PluginManage:359 - Loaded plugin power (category:power,tabindex:4)
2023-03-26 17:51:18,307 [INFO] PluginManage:310 - Check plugin projectmanager
2023-03-26 17:51:18,330 [INFO] PluginManage:359 - Loaded plugin projectmanager (category:projectmanager,tabindex:3)
2023-03-26 17:51:18,331 [INFO] PluginManage:310 - Check plugin thirdparty
2023-03-26 17:51:18,605 [INFO] PluginManage:359 - Loaded plugin thirdparty (category:base,tabindex:-1)
2023-03-26 17:51:18,605 [WARN] IntegrityCheckThread:84 - waiting for thirdparty lock release [integrity check]
2023-03-26 17:51:18,606 [INFO] PluginManage:310 - Check plugin tools
2023-03-26 17:51:18,606 [INFO] IntegrityCheckThread:86 - entering critical section [integrity check]
2023-03-26 17:51:18,608 [INFO] ThirdPartyUpdaterWithRetryManager:70 - Updater plugin not ready yet. [1/15]
2023-03-26 17:51:18,641 [INFO] PluginManage:359 - Loaded plugin tools (category:base,tabindex:7)
2023-03-26 17:51:18,642 [INFO] PluginManage:310 - Check plugin tutovideos
2023-03-26 17:51:18,937 [INFO] PluginManage:359 - Loaded plugin tutovideos (category:base,tabindex:-1)
2023-03-26 17:51:18,937 [INFO] PluginManage:310 - Check plugin updater
2023-03-26 17:51:18,957 [INFO] PluginManage:359 - Loaded plugin updater (category:base,tabindex:12)
2023-03-26 17:51:18,957 [INFO] PluginManage:283 - PluginManage : Loaded plugins [15]
2023-03-26 17:51:19,243 [INFO] PinOutPanel:1499 - setPackage(No Configuration,No Configuration)
2023-03-26 17:51:19,327 [INFO] CADModel:165 - CPN selected for project level
2023-03-26 17:51:19,327 [INFO] CADModel:114 - Register for checkConnection events
2023-03-26 17:51:19,362 [INFO] IPUIPlugin:80 - create IPUIPlugin
2023-03-26 17:51:19,362 [INFO] PluginManager:220 - loadIPPluginJar : add adc
2023-03-26 17:51:19,397 [INFO] IPUIPlugin:80 - create IPUIPlugin
2023-03-26 17:51:19,397 [INFO] PluginManager:220 - loadIPPluginJar : add aes
2023-03-26 17:51:19,437 [INFO] IPUIPlugin:80 - create IPUIPlugin
2023-03-26 17:51:19,437 [INFO] PluginManager:220 - loadIPPluginJar : add can
2023-03-26 17:51:19,461 [INFO] IPUIPlugin:80 - create IPUIPlugin
2023-03-26 17:51:19,462 [INFO] PluginManager:220 - loadIPPluginJar : add comp
2023-03-26 17:51:19,495 [INFO] IPUIPlugin:80 - create IPUIPlugin
2023-03-26 17:51:19,495 [INFO] PluginManager:220 - loadIPPluginJar : add cryp
2023-03-26 17:51:19,523 [INFO] IPUIPlugin:80 - create IPUIPlugin
2023-03-26 17:51:19,524 [INFO] PluginManager:220 - loadIPPluginJar : add dfsdm
2023-03-26 17:51:19,542 [INFO] IPUIPlugin:80 - create IPUIPlugin
2023-03-26 17:51:19,542 [INFO] PluginManager:220 - loadIPPluginJar : add dma
2023-03-26 17:51:19,583 [INFO] IPUIPlugin:80 - create IPUIPlugin
2023-03-26 17:51:19,584 [INFO] PluginManager:220 - loadIPPluginJar : add dma3
2023-03-26 17:51:19,605 [INFO] IPUIPlugin:80 - create IPUIPlugin
2023-03-26 17:51:19,605 [INFO] PluginManager:220 - loadIPPluginJar : add fatfs
2023-03-26 17:51:19,651 [INFO] IPUIPlugin:80 - create IPUIPlugin
2023-03-26 17:51:19,651 [INFO] PluginManager:220 - loadIPPluginJar : add fmc
2023-03-26 17:51:19,670 [INFO] IPUIPlugin:80 - create IPUIPlugin
2023-03-26 17:51:19,671 [INFO] PluginManager:220 - loadIPPluginJar : add freertos
2023-03-26 17:51:19,693 [INFO] IPUIPlugin:80 - create IPUIPlugin
2023-03-26 17:51:19,693 [INFO] PluginManager:220 - loadIPPluginJar : add genericplugin
2023-03-26 17:51:19,788 [INFO] IPUIPlugin:80 - create IPUIPlugin
2023-03-26 17:51:19,788 [INFO] PluginManager:220 - loadIPPluginJar : add gfxmmu
2023-03-26 17:51:19,917 [INFO] IPUIPlugin:80 - create IPUIPlugin
2023-03-26 17:51:19,917 [INFO] PluginManager:220 - loadIPPluginJar : add gic
2023-03-26 17:51:19,932 [INFO] IPUIPlugin:80 - create IPUIPlugin
2023-03-26 17:51:19,932 [INFO] PluginManager:220 - loadIPPluginJar : add gpio
2023-03-26 17:51:20,023 [INFO] IPUIPlugin:80 - create IPUIPlugin
2023-03-26 17:51:20,023 [INFO] PluginManager:220 - loadIPPluginJar : add gtzc
2023-03-26 17:51:20,055 [INFO] IPUIPlugin:80 - create IPUIPlugin
2023-03-26 17:51:20,056 [INFO] PluginManager:220 - loadIPPluginJar : add hash
2023-03-26 17:51:20,121 [INFO] IPUIPlugin:80 - create IPUIPlugin
2023-03-26 17:51:20,122 [INFO] PluginManager:220 - loadIPPluginJar : add i2c
2023-03-26 17:51:20,160 [INFO] IPUIPlugin:80 - create IPUIPlugin
2023-03-26 17:51:20,160 [INFO] PluginManager:220 - loadIPPluginJar : add i2s
2023-03-26 17:51:20,204 [INFO] IPUIPlugin:80 - create IPUIPlugin
2023-03-26 17:51:20,204 [INFO] PluginManager:220 - loadIPPluginJar : add i3c
2023-03-26 17:51:20,320 [INFO] IPUIPlugin:80 - create IPUIPlugin
2023-03-26 17:51:20,320 [INFO] PluginManager:220 - loadIPPluginJar : add ipddr
2023-03-26 17:51:20,408 [INFO] IPUIPlugin:80 - create IPUIPlugin
2023-03-26 17:51:20,409 [INFO] PluginManager:220 - loadIPPluginJar : add linkedlist
2023-03-26 17:51:20,442 [INFO] IPUIPlugin:80 - create IPUIPlugin
2023-03-26 17:51:20,443 [INFO] PluginManager:220 - loadIPPluginJar : add lorawan
2023-03-26 17:51:20,476 [INFO] IPUIPlugin:80 - create IPUIPlugin
2023-03-26 17:51:20,476 [INFO] PluginManager:220 - loadIPPluginJar : add ltdc
2023-03-26 17:51:20,493 [INFO] IPUIPlugin:80 - create IPUIPlugin
2023-03-26 17:51:20,493 [INFO] PluginManager:220 - loadIPPluginJar : add mdma
2023-03-26 17:51:20,508 [INFO] IPUIPlugin:80 - create IPUIPlugin
2023-03-26 17:51:20,508 [INFO] PluginManager:220 - loadIPPluginJar : add nvic
2023-03-26 17:51:20,544 [INFO] IPUIPlugin:80 - create IPUIPlugin
2023-03-26 17:51:20,544 [INFO] PluginManager:220 - loadIPPluginJar : add opamp
2023-03-26 17:51:20,603 [INFO] IPUIPlugin:80 - create IPUIPlugin
2023-03-26 17:51:20,603 [INFO] PluginManager:220 - loadIPPluginJar : add openamp
2023-03-26 17:51:20,647 [INFO] IPUIPlugin:80 - create IPUIPlugin
2023-03-26 17:51:20,647 [INFO] PluginManager:220 - loadIPPluginJar : add pdm2pcm
2023-03-26 17:51:20,664 [INFO] IPUIPlugin:80 - create IPUIPlugin
2023-03-26 17:51:20,668 [INFO] PluginManager:220 - loadIPPluginJar : add plateformsettings
2023-03-26 17:51:20,690 [INFO] IPUIPlugin:80 - create IPUIPlugin
2023-03-26 17:51:20,690 [INFO] PluginManager:220 - loadIPPluginJar : add quadspi
2023-03-26 17:51:20,705 [INFO] IPUIPlugin:80 - create IPUIPlugin
2023-03-26 17:51:20,705 [INFO] PluginManager:220 - loadIPPluginJar : add resmgrutility
2023-03-26 17:51:20,752 [INFO] IPUIPlugin:80 - create IPUIPlugin
2023-03-26 17:51:20,753 [INFO] PluginManager:220 - loadIPPluginJar : add sai
2023-03-26 17:51:20,791 [INFO] IPUIPlugin:80 - create IPUIPlugin
2023-03-26 17:51:20,791 [INFO] PluginManager:220 - loadIPPluginJar : add spi
2023-03-26 17:51:20,848 [INFO] IPUIPlugin:80 - create IPUIPlugin
2023-03-26 17:51:20,848 [INFO] PluginManager:220 - loadIPPluginJar : add stm32_wpan
2023-03-26 17:51:20,870 [INFO] IPUIPlugin:80 - create IPUIPlugin
2023-03-26 17:51:20,870 [INFO] PluginManager:220 - loadIPPluginJar : add tim
2023-03-26 17:51:20,926 [INFO] IPUIPlugin:80 - create IPUIPlugin
2023-03-26 17:51:20,926 [INFO] PluginManager:220 - loadIPPluginJar : add touchsensing
2023-03-26 17:51:20,950 [INFO] IPUIPlugin:80 - create IPUIPlugin
2023-03-26 17:51:20,950 [INFO] PluginManager:220 - loadIPPluginJar : add tracer_emb
2023-03-26 17:51:20,973 [INFO] IPUIPlugin:80 - create IPUIPlugin
2023-03-26 17:51:20,973 [INFO] PluginManager:220 - loadIPPluginJar : add ts
2023-03-26 17:51:20,995 [INFO] IPUIPlugin:80 - create IPUIPlugin
2023-03-26 17:51:20,995 [INFO] PluginManager:220 - loadIPPluginJar : add tsc
2023-03-26 17:51:21,016 [INFO] IPUIPlugin:80 - create IPUIPlugin
2023-03-26 17:51:21,016 [INFO] PluginManager:220 - loadIPPluginJar : add ucpd
2023-03-26 17:51:21,062 [INFO] IPUIPlugin:80 - create IPUIPlugin
2023-03-26 17:51:21,062 [INFO] PluginManager:220 - loadIPPluginJar : add usart
2023-03-26 17:51:21,104 [INFO] IPUIPlugin:80 - create IPUIPlugin
2023-03-26 17:51:21,104 [INFO] PluginManager:220 - loadIPPluginJar : add usbx
2023-03-26 17:51:21,237 [INFO] CADModel:165 - CPN selected for project level
2023-03-26 17:51:21,238 [INFO] CADModel:114 - Register for checkConnection events
2023-03-26 17:51:21,238 [FATAL] Updater:308 - Updater called before beeing initialized
2023-03-26 17:51:21,238 [ERROR] CADModel:125 - Updater not yet initialized, retry later 
2023-03-26 17:51:21,412 [INFO] CADModel:165 - CPN selected for project level
2023-03-26 17:51:21,412 [INFO] CADModel:114 - Register for checkConnection events
2023-03-26 17:51:21,412 [FATAL] Updater:308 - Updater called before beeing initialized
2023-03-26 17:51:21,412 [ERROR] CADModel:125 - Updater not yet initialized, retry later 
2023-03-26 17:51:21,416 [FATAL] Updater:308 - Updater called before beeing initialized
2023-03-26 17:51:21,560 [FATAL] Updater:308 - Updater called before beeing initialized
2023-03-26 17:51:21,574 [INFO] DbMcusAds:53 - JSON generation date=Tue Mar 07 11:50:55 MSK 2023 (1678179055114)
2023-03-26 17:51:21,574 [FATAL] Updater:308 - Updater called before beeing initialized
2023-03-26 17:51:21,611 [INFO] ThirdPartyUpdaterWithRetryManager:70 - Updater plugin not ready yet. [2/15]
2023-03-26 17:51:21,667 [WARN] DetailPanel:346 - Failed to get advertising image, set to default
2023-03-26 17:51:21,795 [FATAL] Updater:308 - Updater called before beeing initialized
2023-03-26 17:51:21,798 [FATAL] Updater:308 - Updater called before beeing initialized
2023-03-26 17:51:21,798 [FATAL] Updater:308 - Updater called before beeing initialized
2023-03-26 17:51:21,798 [WARN] DetailPanel:346 - Failed to get advertising image, set to default
2023-03-26 17:51:21,799 [FATAL] Updater:308 - Updater called before beeing initialized
2023-03-26 17:51:21,864 [ERROR] Updater:1120 - MainUpdater not yet initialized. External WinMGr cannot be set.
2023-03-26 17:51:21,874 [INFO] Updater:1056 - Updater Version found : 6.8.0
2023-03-26 17:51:21,898 [INFO] ApplicationProperties:184 - Using Application install path: C:\ST\STM32CubeIDE_1.12.0\STM32CubeIDE\plugins\com.st.stm32cube.common.mx_6.8.0.202302231600
2023-03-26 17:51:22,462 [INFO] MainUpdater:2854 - connection check result : 10
2023-03-26 17:51:22,463 [INFO] MainUpdater:283 - Updater Check For Update Now.
2023-03-26 17:51:22,463 [INFO] MicroXplorer:498 - Change Database Version : DB.6.0.80
2023-03-26 17:51:22,665 [INFO] CheckServerUpdateThread:120 - End of CheckServer Thread
2023-03-26 17:51:22,692 [INFO] MainUpdater:2854 - connection check result : 10
2023-03-26 17:51:22,699 [INFO] MainUpdater:2854 - connection check result : 10
2023-03-26 17:51:22,882 [INFO] MicroXplorer:468 - Change Database Path : 
2023-03-26 17:51:22,883 [INFO] MicroXplorer:498 - Change Database Version : DB.6.0.80
2023-03-26 17:51:22,883 [WARN] ThirdParty:871 - waiting for thirdparty lock release [close project]
2023-03-26 17:51:24,765 [WARN] PackLoader:240 - Cannot read IP mode file for STMicroelectronics.X-CUBE-GNSS1.6.0.0
2023-03-26 17:51:24,808 [WARN] PackLoader:240 - Cannot read IP mode file for STMicroelectronics.X-CUBE-AZRTOS-F4.1.1.0
2023-03-26 17:51:24,851 [WARN] PackLoader:240 - Cannot read IP mode file for STMicroelectronics.X-CUBE-AZRTOS-F7.1.1.0
2023-03-26 17:51:24,869 [WARN] PackLoader:240 - Cannot read IP mode file for STMicroelectronics.X-CUBE-BLE1.6.2.4
2023-03-26 17:51:24,913 [WARN] PackLoader:240 - Cannot read IP mode file for emotas.I-CUBE-CANOPEN.1.1.3
2023-03-26 17:51:24,930 [WARN] PackLoader:240 - Cannot read IP mode file for STMicroelectronics.X-CUBE-BLEMGR.2.0.0
2023-03-26 17:51:24,948 [WARN] PackLoader:240 - Cannot read IP mode file for STMicroelectronics.X-CUBE-DISPLAY.3.0.0
2023-03-26 17:51:24,967 [WARN] PackLoader:240 - Cannot read IP mode file for wolfSSL.I-CUBE-wolfSSL.5.5.4
2023-03-26 17:51:24,978 [WARN] PackLoader:240 - Cannot read IP mode file for STMicroelectronics.X-CUBE-NFC7.1.0.0
2023-03-26 17:51:24,993 [WARN] PackLoader:240 - Cannot read IP mode file for STMicroelectronics.X-CUBE-EEPRMA1.4.1.0
2023-03-26 17:51:25,009 [WARN] PackLoader:240 - Cannot read IP mode file for WES.I-CUBE-Cesium.1.3.0
2023-03-26 17:51:25,024 [WARN] PackLoader:240 - Cannot read IP mode file for STMicroelectronics.X-CUBE-SFXS2LP1.4.0.0
2023-03-26 17:51:25,038 [WARN] PackLoader:240 - Cannot read IP mode file for STMicroelectronics.X-CUBE-BLE2.3.3.0
2023-03-26 17:51:25,057 [WARN] PackLoader:240 - Cannot read IP mode file for STMicroelectronics.X-CUBE-TOF1.3.2.0
2023-03-26 17:51:25,099 [WARN] PackLoader:240 - Cannot read IP mode file for STMicroelectronics.X-CUBE-AZRTOS-H7.3.0.0
2023-03-26 17:51:25,116 [WARN] PackLoader:240 - Cannot read IP mode file for STMicroelectronics.X-CUBE-ISPU.1.1.0
2023-03-26 17:51:25,132 [WARN] PackLoader:240 - Cannot read IP mode file for RoweBots.I-CUBE-UNISONRTOS.5.5.0-4
2023-03-26 17:51:25,144 [WARN] PackLoader:240 - Cannot read IP mode file for STMicroelectronics.X-CUBE-AI.8.0.0
2023-03-26 17:51:25,156 [WARN] PackLoader:240 - Cannot read IP mode file for STMicroelectronics.X-CUBE-FREERTOS.1.0.0
2023-03-26 17:51:25,169 [WARN] PackLoader:240 - Cannot read IP mode file for STMicroelectronics.X-CUBE-TOUCHGFX.4.21.1
2023-03-26 17:51:25,183 [WARN] PackLoader:240 - Cannot read IP mode file for STMicroelectronics.X-CUBE-ALGOBUILD.1.3.0
2023-03-26 17:51:25,212 [WARN] PackLoader:240 - Cannot read IP mode file for STMicroelectronics.X-CUBE-AZRTOS-L5.1.1.0
2023-03-26 17:51:25,248 [WARN] PackLoader:240 - Cannot read IP mode file for STMicroelectronics.X-CUBE-AZRTOS-G0.1.1.0
2023-03-26 17:51:25,275 [WARN] PackLoader:240 - Cannot read IP mode file for STMicroelectronics.X-CUBE-SUBG2.5.0.0
2023-03-26 17:51:25,300 [WARN] PackLoader:240 - Cannot read IP mode file for STMicroelectronics.X-CUBE-NFC4.3.0.0
2023-03-26 17:51:25,316 [WARN] PackLoader:240 - Cannot read IP mode file for STMicroelectronics.FP-ATR-ASTRA1.1.1.1
2023-03-26 17:51:25,340 [WARN] PackLoader:240 - Cannot read IP mode file for STMicroelectronics.X-CUBE-AZRTOS-G4.1.0.0
2023-03-26 17:51:25,354 [WARN] PackLoader:240 - Cannot read IP mode file for STMicroelectronics.FP-ATR-SIGFOX1.3.2.0
2023-03-26 17:51:25,385 [WARN] PackLoader:240 - Cannot read IP mode file for STMicroelectronics.X-CUBE-AZRTOS-L4.1.0.0
2023-03-26 17:51:25,411 [WARN] PackLoader:240 - Cannot read IP mode file for STMicroelectronics.X-CUBE-AZRTOS-WL.1.0.0
2023-03-26 17:51:25,430 [WARN] PackLoader:240 - Cannot read IP mode file for portGmbH.I-Cube-SoM-uGOAL.1.1.0
2023-03-26 17:51:25,443 [WARN] PackLoader:240 - Cannot read IP mode file for STMicroelectronics.X-CUBE-ALS.1.0.1
2023-03-26 17:51:25,521 [WARN] PackLoader:240 - Cannot read IP mode file for STMicroelectronics.X-CUBE-MEMS1.9.5.0
2023-03-26 17:51:25,665 [WARN] PackLoader:240 - Cannot read IP mode file for STMicroelectronics.X-CUBE-AZRTOS-WB.1.1.0
2023-03-26 17:51:25,736 [WARN] PackLoader:240 - Cannot read IP mode file for SEGGER.I-CUBE-embOS.1.3.1
2023-03-26 17:51:25,797 [INFO] ThirdParty:978 - Integrity check success = true
2023-03-26 17:51:25,797 [INFO] IntegrityCheckThread:100 - exiting critical section [integrity check]
2023-03-26 17:51:25,797 [INFO] IntegrityCheckThread:103 - End integrity checks thread
2023-03-26 17:51:25,797 [INFO] ThirdParty:873 - entering critical section [close project]
2023-03-26 17:51:25,798 [INFO] ThirdParty:883 - exiting critical section [close project]
2023-03-26 17:51:25,803 [INFO] PinOutPanel:1499 - setPackage(No Configuration,No Configuration)
2023-03-26 17:51:25,810 [INFO] UtilMem:75 - Begin LoadConfig() Used Memory: 157310760 Bytes (268435456)
2023-03-26 17:51:25,812 [INFO] MicroXplorer:468 - Change Database Path : 
2023-03-26 17:51:25,812 [INFO] MicroXplorer:498 - Change Database Version : DB.6.0.80
2023-03-26 17:51:25,812 [INFO] OpenFileManager:308 - Change cursor
2023-03-26 17:51:25,903 [INFO] Mcu:1937 - Initializing MCU STM32F103C(4-6)Tx STM32F103C6Tx STM32F103C6T6A
2023-03-26 17:51:26,952 [ERROR] LogOutputStream:75 - [STDERR_REDIRECT] SLF4J: Failed to load class "org.slf4j.impl.StaticLoggerBinder".
2023-03-26 17:51:26,953 [ERROR] LogOutputStream:75 - [STDERR_REDIRECT] SLF4J: Defaulting to no-operation (NOP) logger implementation
2023-03-26 17:51:26,957 [ERROR] LogOutputStream:75 - [STDERR_REDIRECT] SLF4J: See http://www.slf4j.org/codes.html#StaticLoggerBinder for further details.
2023-03-26 17:51:27,075 [INFO] Context:659 - Trying to add GPIOservice into a context  which must be forbidden
2023-03-26 17:51:27,542 [INFO] RtosManager:555 - Registered RTOS mode: class=CMSIS, group=RTOS, mode=CMSIS_V1, owner=FREERTOS
2023-03-26 17:51:27,542 [INFO] RtosManager:555 - Registered RTOS mode: class=CMSIS, group=RTOS2, mode=CMSIS_V2, owner=FREERTOS
2023-03-26 17:51:27,542 [INFO] RtosManager:555 - Registered RTOS mode: class=RTOS, group=Core, mode=CMSIS_V1, owner=FREERTOS
2023-03-26 17:51:27,542 [INFO] RtosManager:555 - Registered RTOS mode: class=RTOS, group=Core, mode=CMSIS_V2, owner=FREERTOS
2023-03-26 17:51:27,542 [WARN] ModelIntegratedComponent:184 - Missing modes for component STMicroelectronics:FreeRTOS:0.0.1:STMicroelectronics:RTOS:FreeRTOS:Core:::10.2.0:
2023-03-26 17:51:27,564 [WARN] ModelIntegratedComponent:63 - No mode defined for component null
2023-03-26 17:51:27,564 [WARN] ModelIntegratedComponent:63 - No mode defined for component null
2023-03-26 17:51:27,564 [WARN] ModelIntegratedComponent:63 - No mode defined for component null
2023-03-26 17:51:27,565 [WARN] ModelIntegratedComponent:63 - No mode defined for component null
2023-03-26 17:51:27,565 [WARN] ModelIntegratedComponent:63 - No mode defined for component null
2023-03-26 17:51:27,565 [WARN] ModelIntegratedComponent:63 - No mode defined for component null
2023-03-26 17:51:27,565 [WARN] ModelIntegratedComponent:63 - No mode defined for component null
2023-03-26 17:51:27,565 [WARN] ModelIntegratedComponent:63 - No mode defined for component null
2023-03-26 17:51:27,565 [WARN] ModelIntegratedComponent:63 - No mode defined for component null
2023-03-26 17:51:27,565 [WARN] ModelIntegratedComponent:63 - No mode defined for component null
2023-03-26 17:51:27,565 [WARN] ModelIntegratedComponent:63 - No mode defined for component null
2023-03-26 17:51:27,565 [WARN] ModelIntegratedComponent:63 - No mode defined for component null
2023-03-26 17:51:27,566 [WARN] ModelIntegratedComponent:63 - No mode defined for component null
2023-03-26 17:51:27,566 [WARN] ModelIntegratedComponent:63 - No mode defined for component null
2023-03-26 17:51:27,566 [WARN] ModelIntegratedComponent:63 - No mode defined for component null
2023-03-26 17:51:27,566 [WARN] ModelIntegratedComponent:63 - No mode defined for component null
2023-03-26 17:51:27,566 [WARN] ModelIntegratedComponent:63 - No mode defined for component null
2023-03-26 17:51:27,566 [WARN] ModelIntegratedComponent:63 - No mode defined for component null
2023-03-26 17:51:27,566 [WARN] ModelIntegratedComponent:63 - No mode defined for component null
2023-03-26 17:51:27,566 [WARN] ModelIntegratedComponent:63 - No mode defined for component null
2023-03-26 17:51:27,566 [WARN] ModelIntegratedComponent:63 - No mode defined for component null
2023-03-26 17:51:27,567 [WARN] ModelIntegratedComponent:63 - No mode defined for component null
2023-03-26 17:51:27,567 [WARN] ModelIntegratedComponent:63 - No mode defined for component null
2023-03-26 17:51:27,567 [WARN] ModelIntegratedComponent:63 - No mode defined for component null
2023-03-26 17:51:27,567 [WARN] ModelIntegratedComponent:63 - No mode defined for component null
2023-03-26 17:51:27,567 [WARN] ModelIntegratedComponent:63 - No mode defined for component null
2023-03-26 17:51:27,567 [WARN] ModelIntegratedComponent:63 - No mode defined for component null
2023-03-26 17:51:27,567 [WARN] ModelIntegratedComponent:63 - No mode defined for component null
2023-03-26 17:51:27,567 [WARN] ModelIntegratedComponent:63 - No mode defined for component null
2023-03-26 17:51:27,567 [WARN] ModelIntegratedComponent:63 - No mode defined for component null
2023-03-26 17:51:27,567 [WARN] ModelIntegratedComponent:63 - No mode defined for component null
2023-03-26 17:51:27,567 [WARN] ModelIntegratedComponent:63 - No mode defined for component null
2023-03-26 17:51:27,567 [WARN] ModelIntegratedComponent:63 - No mode defined for component null
2023-03-26 17:51:27,763 [INFO] ThirdPartyModel:298 - Start build external matchings
2023-03-26 17:51:27,976 [INFO] ThirdPartyModel:316 - End build external matchings
2023-03-26 17:51:28,194 [INFO] UtilMem:75 - End LoadConfig() Used Memory: 216287080 Bytes (268435456)
2023-03-26 17:51:28,345 [INFO] ApiDb:581 - Connected to CubeFinder SQLite database (C:\Users\user\.stmcufinder\plugins\mcufinder\mcu\cube-finder-db.db)
2023-03-26 17:51:28,514 [INFO] ApiDb:668 - CubeFinder database Data Model version=2.1
2023-03-26 17:51:28,514 [INFO] ApiDb:669 - CubeFinder database Configuration version=3.0.35
2023-03-26 17:51:28,514 [INFO] ApiDb:670 - CubeFinder database generation date=2023-03-10 (1678456172)
2023-03-26 17:51:28,514 [INFO] ApiDb:671 - CubeFinder database FW Pack versions=[FP-ATR-ASTRA1_V1.1.1, STM32Cube_FW_C0_V1.0.1, STM32Cube_FW_F0_V1.11.4, STM32Cube_FW_F3_V1.11.4, STM32Cube_FW_F4_V1.27.1, STM32Cube_FW_F7_V1.17.0, STM32Cube_FW_G0_V1.6.1, STM32Cube_FW_G4_V1.5.1, STM32Cube_FW_H5_V0.5.1, STM32Cube_FW_H5_V1.0.0, STM32Cube_FW_H7_V1.11.0, STM32Cube_FW_L0_V1.12.2, STM32Cube_FW_L5_V1.5.0, STM32Cube_FW_U5_V1.2.0, STM32Cube_FW_WBA_V1.0.0, STM32Cube_FW_WBA_V1.0.0RC1, STM32Cube_FW_WBA_V1.0.0RC3, STM32Cube_FW_WB_V1.15.0RC1, STM32Cube_FW_WB_V1.16.0, STM32Cube_FW_WB_V1.16.0RC2, STM32Cube_FW_WL_V1.3.0, X-CUBE-ALGOBUILD_V1.3.0, X-CUBE-ALS_V1.0.1, X-CUBE-AZRTOS-F4_V1.1.0, X-CUBE-AZRTOS-F7_V1.1.0, X-CUBE-AZRTOS-G0_V1.1.0, X-CUBE-AZRTOS-G4_V1.0.0, X-CUBE-AZRTOS-H7_V3.0.0, X-CUBE-AZRTOS-L4_V1.0.0, X-CUBE-AZRTOS-L5_V1.1.0, X-CUBE-AZRTOS-WB_V1.1.0, X-CUBE-AZRTOS-WL_V1.0.0, X-CUBE-BLE1_V6.2.4, X-CUBE-BLE2_V3.3.0, X-CUBE-BLEMGR_V1.3.0, X-CUBE-EEPRMA1_V4.1.0, X-CUBE-GNSS1_V6.0.0, X-CUBE-MEMS1_V9.1.0, X-CUBE-MEMS1_V9.4.0, X-CUBE-MEMS1_V9.5.0, X-CUBE-NFC4_V3.0.0, X-CUBE-NFC7_V1.0.0, X-CUBE-SFXS2LP1_V4.0.0, X-CUBE-SUBG2_V5.0.0]
2023-03-26 17:51:32,175 [INFO] ApiDb:240 - Found 297 in-development CPN: [B-G473E-ZEST1S, B-WB1M-WPAN1, B-WL5M-SUBG1, NUCLEO-C031C6, NUCLEO-H503RB, NUCLEO-H563ZI, NUCLEO-U545RE-Q, NUCLEO-U5A5ZJ-Q, NUCLEO-WBA52CG, STEVAL-PROTEUS1, STEVAL-STWINBX1, STM320518-EVAL, STM32C0116-DK, STM32C011D6Y3TR, STM32C011D6Y6TR, STM32C011F4P3, STM32C011F4P6, STM32C011F4U3, STM32C011F4U6TR, STM32C011F6P3, STM32C011F6P6, STM32C011F6U3, STM32C011F6U6TR, STM32C011J4M3, STM32C011J4M6, STM32C011J6M3, STM32C011J6M6, STM32C0316-DK, STM32C031C4T3, STM32C031C4T6, STM32C031C4U3, STM32C031C4U6, STM32C031C6T3, STM32C031C6T6, STM32C031C6U3, STM32C031C6U6, STM32C031F4P3, STM32C031F4P6, STM32C031F6P3, STM32C031F6P6, STM32C031G4U3, STM32C031G4U6, STM32C031G6U3, STM32C031G6U6, STM32C031K4T3, STM32C031K4T6, STM32C031K4U3, STM32C031K4U6, STM32C031K6T3, STM32C031K6T6, STM32C031K6U3, STM32C031K6U6, STM32G071K8TXN, STM32G071K8UXN, STM32G081GBU6N, STM32G081KBT6N, STM32G081KBUXN, STM32G0B1CCT6N, STM32G0B1KCT6, STM32G0B1NEY6TR, STM32G0B1RCT6N, STM32G0C1CCT6, STM32G0C1CCT6N, STM32G0C1CCU6N, STM32G0C1CET6N, STM32G0C1CEU6N, STM32G0C1KCT6, STM32G0C1NEY6TR, STM32G0C1RCI6N, STM32G0C1RCT6N, STM32G0C1REI6N, STM32G0C1RET6N, STM32G0C1VCI6, STM32G0C1VEI6, STM32G471CCT6, STM32G471CCU6, STM32G471CET3, STM32G471CET6, STM32G471CEU3, STM32G471CEU6, STM32G471MCT6, STM32G471MET3, STM32G471MET6, STM32G471MEY6TR, STM32G471QCT6, STM32G471QET3, STM32G471RCT6, STM32G471RET3, STM32G471RET6, STM32G471VCH6, STM32G471VCI6, STM32G471VCT6, STM32G471VEH3, STM32G471VEH6, STM32G471VEI3, STM32G471VEI6, STM32G471VET3, STM32G471VET6, STM32G474CCT6, STM32H503CBT6, STM32H503CBU6, STM32H503EBY6TR, STM32H503KBU6, STM32H503RBT6, STM32H562AGI6, STM32H562AII6, STM32H562IGK6, STM32H562IGT6, STM32H562IIK6, STM32H562IIT6, STM32H562RGT6, STM32H562RGV6, STM32H562RIT6, STM32H562RIV6, STM32H562VGT6, STM32H562VIT6, STM32H562ZGT6, STM32H562ZIT6, STM32H563AGI6, STM32H563AII3Q, STM32H563AII6, STM32H563IGK6, STM32H563IGT6, STM32H563IIK3Q, STM32H563IIK6, STM32H563IIT3Q, STM32H563IIT6, STM32H563MIY3QTR, STM32H563RGT6, STM32H563RGV6, STM32H563RIT6, STM32H563RIV6, STM32H563VGT6, STM32H563VIT3Q, STM32H563VIT6, STM32H563ZGT6, STM32H563ZIT3Q, STM32H563ZIT6, STM32H573AII3Q, STM32H573AII6, STM32H573I-DK, STM32H573IIK3Q, STM32H573IIK6, STM32H573IIT3Q, STM32H573IIT6, STM32H573MIY3QTR, STM32H573RIT6, STM32H573RIV6, STM32H573VIT3Q, STM32H573VIT6, STM32H573ZIT3Q, STM32H573ZIT6, STM32L4R5QGI6STR, STM32MP131AAE3, STM32MP131AAF3, STM32MP131AAG3, STM32MP131CAE3, STM32MP131CAF3, STM32MP131CAG3, STM32MP131DAE7, STM32MP131DAF7, STM32MP131DAG7, STM32MP131FAE7, STM32MP131FAF7, STM32MP131FAG7, STM32MP133AAE3, STM32MP133AAF3, STM32MP133AAG3, STM32MP133CAE3, STM32MP133CAF3, STM32MP133CAG3, STM32MP133DAE7, STM32MP133DAF7, STM32MP133DAG7, STM32MP133FAE7, STM32MP133FAF7, STM32MP133FAG7, STM32MP135AAE3, STM32MP135AAF3, STM32MP135AAG3, STM32MP135CAE3, STM32MP135CAF3, STM32MP135CAG3, STM32MP135DAE7, STM32MP135DAF7, STM32MP135DAG7, STM32MP135F-DK, STM32MP135FAE7, STM32MP135FAF7, STM32MP135FAF7T, STM32MP135FAF7U, STM32MP135FAG7, STM32U535CBT6, STM32U535CBT6Q, STM32U535CBU6, STM32U535CBU6Q, STM32U535CCT6, STM32U535CCT6Q, STM32U535CCU6, STM32U535CCU6Q, STM32U535CET6, STM32U535CET6Q, STM32U535CEU6, STM32U535CEU6Q, STM32U535JEY6QTR, STM32U535NCY6QTR, STM32U535NEY6QTR, STM32U535RBI6, STM32U535RBI6Q, STM32U535RBT6, STM32U535RBT6Q, STM32U535RCI6, STM32U535RCI6Q, STM32U535RCT6, STM32U535RCT6Q, STM32U535REI6, STM32U535REI6Q, STM32U535RET6, STM32U535RET6Q, STM32U535VCI6, STM32U535VCI6Q, STM32U535VCT6, STM32U535VCT6Q, STM32U535VEI6, STM32U535VEI6Q, STM32U535VET6, STM32U535VET6Q, STM32U545CET6, STM32U545CET6Q, STM32U545CEU6, STM32U545CEU6Q, STM32U545JEY6QTR, STM32U545NEY6QTR, STM32U545REI6, STM32U545REI6Q, STM32U545RET6, STM32U545RET6Q, STM32U545VEI6, STM32U545VEI6Q, STM32U545VET6, STM32U545VET6Q, STM32U595AIH6, STM32U595AIH6Q, STM32U595AJH6, STM32U595AJH6Q, STM32U595QII6, STM32U595QII6Q, STM32U595QJI6, STM32U595QJI6Q, STM32U595RIT6, STM32U595RIT6Q, STM32U595RJT6, STM32U595RJT6Q, STM32U595VIT6, STM32U595VIT6Q, STM32U595VJT6, STM32U595VJT6Q, STM32U595ZIT6, STM32U595ZIT6Q, STM32U595ZIY6QTR, STM32U595ZJT6, STM32U595ZJT6Q, STM32U595ZJY6QTR, STM32U599BJY6QTR, STM32U599NIH6Q, STM32U599NJH6Q, STM32U599VIT6Q, STM32U599VJT6, STM32U599VJT6Q, STM32U599ZIT6Q, STM32U599ZIY6QTR, STM32U599ZJT6Q, STM32U599ZJY6QTR, STM32U5A5AJH6, STM32U5A5AJH6Q, STM32U5A5QJI6, STM32U5A5QJI6Q, STM32U5A5RJT6, STM32U5A5RJT6Q, STM32U5A5VJT6, STM32U5A5VJT6Q, STM32U5A5ZJT6, STM32U5A5ZJT6Q, STM32U5A5ZJY6QTR, STM32U5A9BJY6QTR, STM32U5A9J-DK, STM32U5A9NJH6Q, STM32U5A9VJT6Q, STM32U5A9ZJT6Q, STM32U5A9ZJY6QTR, STM32WB1MMCH6, STM32WBA52CEU6, STM32WBA52CEU6T, STM32WBA52CGU6, STM32WBA52CGU6T, STM32WL5MOCH6, STM32WL5MOCH6TR]
2023-03-26 17:51:32,180 [INFO] DbMcus:216 - Found 3775 MCUs, 3775 are supported
2023-03-26 17:51:32,184 [INFO] ApiDb:423 - Load user favorites file C:\Users\user/.stm32cubeide/favorites.mcus.txt: 0 item(s)
2023-03-26 17:51:32,184 [INFO] ApiDb:427 - User favorites MCUs=[]
2023-03-26 17:51:32,184 [INFO] DbMcus:222 - Set 0 / 0 favorites MCUs
2023-03-26 17:51:32,610 [WARN] ThirdParty:833 - waiting for thirdparty lock release [change project]
2023-03-26 17:51:32,610 [INFO] ThirdParty:835 - entering critical section [change project]
2023-03-26 17:51:32,611 [INFO] ThirdParty:1030 - CMSIS Pack Vendor :STMicroelectronics X-CUBE-ISPU 1.1.0
2023-03-26 17:51:32,611 [INFO] ThirdParty:1030 - CMSIS Pack Vendor :RoweBots I-CUBE-UNISONRTOS 5.5.0-4
2023-03-26 17:51:32,611 [INFO] ThirdParty:1030 - CMSIS Pack Vendor :STMicroelectronics X-CUBE-GNSS1 6.0.0
2023-03-26 17:51:32,611 [INFO] ThirdParty:1030 - CMSIS Pack Vendor :STMicroelectronics USB_HOST 2.0.0
2023-03-26 17:51:32,611 [INFO] ThirdParty:1030 - CMSIS Pack Vendor :STMicroelectronics X-CUBE-AZRTOS-F4 1.1.0
2023-03-26 17:51:32,611 [INFO] ThirdParty:1030 - CMSIS Pack Vendor :STMicroelectronics LIBJPEG 8.0.0
2023-03-26 17:51:32,611 [INFO] ThirdParty:1030 - CMSIS Pack Vendor :STMicroelectronics USB_DEVICE 3.0.0
2023-03-26 17:51:32,611 [INFO] ThirdParty:1030 - CMSIS Pack Vendor :STMicroelectronics X-CUBE-AI 8.0.0
2023-03-26 17:51:32,611 [INFO] ThirdParty:1030 - CMSIS Pack Vendor :STMicroelectronics X-CUBE-FREERTOS 1.0.0
2023-03-26 17:51:32,611 [INFO] ThirdParty:1030 - CMSIS Pack Vendor :STMicroelectronics X-CUBE-TOUCHGFX 4.21.1
2023-03-26 17:51:32,612 [INFO] ThirdParty:1030 - CMSIS Pack Vendor :STMicroelectronics X-CUBE-AZRTOS-F7 1.1.0
2023-03-26 17:51:32,612 [INFO] ThirdParty:1030 - CMSIS Pack Vendor :STMicroelectronics USB_DEVICE 2.0.0
2023-03-26 17:51:32,612 [INFO] ThirdParty:1030 - CMSIS Pack Vendor :STMicroelectronics X-CUBE-ALGOBUILD 1.3.0
2023-03-26 17:51:32,612 [INFO] ThirdParty:1030 - CMSIS Pack Vendor :STMicroelectronics X-CUBE-BLE1 6.2.4
2023-03-26 17:51:32,612 [INFO] ThirdParty:1030 - CMSIS Pack Vendor :STMicroelectronics X-CUBE-AZRTOS-L5 1.1.0
2023-03-26 17:51:32,612 [INFO] ThirdParty:1030 - CMSIS Pack Vendor :STMicroelectronics FreeRTOS 0.0.1
2023-03-26 17:51:32,612 [INFO] ThirdParty:1030 - CMSIS Pack Vendor :emotas I-CUBE-CANOPEN 1.1.3
2023-03-26 17:51:32,612 [INFO] ThirdParty:1030 - CMSIS Pack Vendor :STMicroelectronics X-CUBE-AZRTOS-G0 1.1.0
2023-03-26 17:51:32,612 [INFO] ThirdParty:1030 - CMSIS Pack Vendor :STMicroelectronics X-CUBE-BLEMGR 2.0.0
2023-03-26 17:51:32,612 [INFO] ThirdParty:1030 - CMSIS Pack Vendor :STMicroelectronics X-CUBE-SUBG2 5.0.0
2023-03-26 17:51:32,613 [INFO] ThirdParty:1030 - CMSIS Pack Vendor :STMicroelectronics X-CUBE-NFC4 3.0.0
2023-03-26 17:51:32,613 [INFO] ThirdParty:1030 - CMSIS Pack Vendor :STMicroelectronics STM32_WPAN 1.0.0
2023-03-26 17:51:32,613 [INFO] ThirdParty:1030 - CMSIS Pack Vendor :STMicroelectronics lwIP 2.0.3
2023-03-26 17:51:32,613 [INFO] ThirdParty:1030 - CMSIS Pack Vendor :STMicroelectronics USB_HOST 1.0.0
2023-03-26 17:51:32,613 [INFO] ThirdParty:1030 - CMSIS Pack Vendor :STMicroelectronics PDM2PCM 3.1.0
2023-03-26 17:51:32,613 [INFO] ThirdParty:1030 - CMSIS Pack Vendor :STMicroelectronics FP-ATR-ASTRA1 1.1.1
2023-03-26 17:51:32,613 [INFO] ThirdParty:1030 - CMSIS Pack Vendor :STMicroelectronics PDM2PCM 3.3.0
2023-03-26 17:51:32,613 [INFO] ThirdParty:1030 - CMSIS Pack Vendor :STMicroelectronics X-CUBE-DISPLAY 3.0.0
2023-03-26 17:51:32,613 [INFO] ThirdParty:1030 - CMSIS Pack Vendor :STMicroelectronics X-CUBE-AZRTOS-G4 1.0.0
2023-03-26 17:51:32,613 [INFO] ThirdParty:1030 - CMSIS Pack Vendor :STMicroelectronics FP-ATR-SIGFOX1 3.2.0
2023-03-26 17:51:32,613 [INFO] ThirdParty:1030 - CMSIS Pack Vendor :wolfSSL I-CUBE-wolfSSL 5.5.4
2023-03-26 17:51:32,613 [INFO] ThirdParty:1030 - CMSIS Pack Vendor :STMicroelectronics X-CUBE-AZRTOS-L4 1.0.0
2023-03-26 17:51:32,613 [INFO] ThirdParty:1030 - CMSIS Pack Vendor :STMicroelectronics HAL Drivers 0.0.0
2023-03-26 17:51:32,614 [INFO] ThirdParty:1030 - CMSIS Pack Vendor :STMicroelectronics MBEDTLS 2.16.2
2023-03-26 17:51:32,614 [INFO] ThirdParty:1030 - CMSIS Pack Vendor :STMicroelectronics MBEDTLS 2.14.1
2023-03-26 17:51:32,614 [INFO] ThirdParty:1030 - CMSIS Pack Vendor :STMicroelectronics X-CUBE-NFC7 1.0.0
2023-03-26 17:51:32,614 [INFO] ThirdParty:1030 - CMSIS Pack Vendor :STMicroelectronics X-CUBE-AZRTOS-WL 1.0.0
2023-03-26 17:51:32,614 [INFO] ThirdParty:1030 - CMSIS Pack Vendor :STMicroelectronics X-CUBE-EEPRMA1 4.1.0
2023-03-26 17:51:32,614 [INFO] ThirdParty:1030 - CMSIS Pack Vendor :portGmbH I-Cube-SoM-uGOAL 1.1.0
2023-03-26 17:51:32,614 [INFO] ThirdParty:1030 - CMSIS Pack Vendor :STMicroelectronics X-CUBE-ALS 1.0.1
2023-03-26 17:51:32,614 [INFO] ThirdParty:1030 - CMSIS Pack Vendor :STMicroelectronics X-CUBE-MEMS1 9.5.0
2023-03-26 17:51:32,614 [INFO] ThirdParty:1030 - CMSIS Pack Vendor :STMicroelectronics ThreadX 1.0.0
2023-03-26 17:51:32,614 [INFO] ThirdParty:1030 - CMSIS Pack Vendor :STMicroelectronics X-CUBE-AZRTOS-WB 1.1.0
2023-03-26 17:51:32,614 [INFO] ThirdParty:1030 - CMSIS Pack Vendor :SEGGER I-CUBE-embOS 1.3.1
2023-03-26 17:51:32,614 [INFO] ThirdParty:1030 - CMSIS Pack Vendor :STMicroelectronics USB_DEVICE 1.0.0
2023-03-26 17:51:32,614 [INFO] ThirdParty:1030 - CMSIS Pack Vendor :STMicroelectronics ThreadX 0.0.2
2023-03-26 17:51:32,614 [INFO] ThirdParty:1030 - CMSIS Pack Vendor :WES I-CUBE-Cesium 1.3.0
2023-03-26 17:51:32,614 [INFO] ThirdParty:1030 - CMSIS Pack Vendor :STMicroelectronics lwIP 2.1.2
2023-03-26 17:51:32,615 [INFO] ThirdParty:1030 - CMSIS Pack Vendor :STMicroelectronics X-CUBE-SFXS2LP1 4.0.0
2023-03-26 17:51:32,615 [INFO] ThirdParty:1030 - CMSIS Pack Vendor :STMicroelectronics X-CUBE-BLE2 3.3.0
2023-03-26 17:51:32,615 [INFO] ThirdParty:1030 - CMSIS Pack Vendor :STMicroelectronics X-CUBE-TOF1 3.2.0
2023-03-26 17:51:32,615 [INFO] ThirdParty:1030 - CMSIS Pack Vendor :STMicroelectronics PDM2PCM 3.2.0
2023-03-26 17:51:32,615 [INFO] ThirdParty:1030 - CMSIS Pack Vendor :STMicroelectronics X-CUBE-AZRTOS-H7 3.0.0
2023-03-26 17:51:32,615 [INFO] ThirdParty:841 - exiting critical section [change project]
2023-03-26 17:51:32,971 [INFO] PinOutPanel:1499 - setPackage(No Configuration,No Configuration)
2023-03-26 17:51:32,974 [INFO] PinOutPanel:1499 - setPackage(STM32F103C6Tx,LQFP48)
2023-03-26 17:51:33,639 [INFO] UtilMem:75 - Before build in PCC Used Memory: 185186848 Bytes (288358400)
2023-03-26 17:51:34,682 [INFO] UtilMem:75 - After build in PCC Used Memory: 184797328 Bytes (288358400)
2023-03-26 17:51:34,732 [INFO] IPUIPlugin:80 - create IPUIPlugin
2023-03-26 17:51:34,732 [INFO] IPUIPlugin:80 - create IPUIPlugin
2023-03-26 17:51:34,732 [INFO] IPUIPlugin:80 - create IPUIPlugin
2023-03-26 17:51:34,732 [INFO] IPUIPlugin:80 - create IPUIPlugin
2023-03-26 17:51:34,733 [INFO] IPUIPlugin:80 - create IPUIPlugin
2023-03-26 17:51:34,733 [INFO] IPUIPlugin:80 - create IPUIPlugin
2023-03-26 17:51:34,733 [INFO] IPUIPlugin:80 - create IPUIPlugin
2023-03-26 17:51:34,733 [INFO] IPUIPlugin:80 - create IPUIPlugin
2023-03-26 17:51:34,733 [INFO] IPUIPlugin:80 - create IPUIPlugin
2023-03-26 17:51:34,734 [INFO] IPUIPlugin:80 - create IPUIPlugin
2023-03-26 17:51:34,734 [INFO] IPUIPlugin:80 - create IPUIPlugin
2023-03-26 17:51:34,734 [INFO] IPUIPlugin:80 - create IPUIPlugin
2023-03-26 17:51:34,735 [INFO] IPUIPlugin:80 - create IPUIPlugin
2023-03-26 17:51:34,735 [INFO] IPUIPlugin:80 - create IPUIPlugin
2023-03-26 17:51:34,735 [INFO] IPUIPlugin:80 - create IPUIPlugin
2023-03-26 17:51:34,736 [INFO] IPUIPlugin:80 - create IPUIPlugin
2023-03-26 17:51:34,736 [INFO] IPUIPlugin:80 - create IPUIPlugin
2023-03-26 17:51:34,736 [INFO] IPUIPlugin:80 - create IPUIPlugin
2023-03-26 17:51:34,737 [INFO] IPUIPlugin:80 - create IPUIPlugin
2023-03-26 17:51:34,737 [INFO] IPUIPlugin:80 - create IPUIPlugin
2023-03-26 17:51:34,737 [INFO] IPUIPlugin:80 - create IPUIPlugin
2023-03-26 17:51:34,738 [INFO] IPUIPlugin:80 - create IPUIPlugin
2023-03-26 17:51:34,739 [INFO] IPUIPlugin:80 - create IPUIPlugin
2023-03-26 17:51:34,965 [INFO] CADModel:165 - CPN selected for project levelSTM32F103C6T6A
2023-03-26 17:51:34,965 [INFO] CADModel:114 - Register for checkConnection events
2023-03-26 17:51:35,023 [INFO] OpenFileManager:328 - Restore cursor
2023-03-26 17:55:09,340 [INFO] UtilMem:75 - End SaveConfig() Used Memory: 520627160 Bytes (588251136)
2023-03-26 17:55:15,861 [INFO] UtilMem:75 - End SaveConfig() Used Memory: 466523304 Bytes (588251136)
2023-03-26 17:55:16,587 [INFO] BlockDiagram:2759 - set Specific Code input for plugin: NVIC
2023-03-26 17:55:16,588 [INFO] BlockDiagram:2759 - set Specific Code input for plugin: SYS
2023-03-26 17:55:16,588 [INFO] BlockDiagram:2759 - set Specific Code input for plugin: GPIO
2023-03-26 17:55:16,588 [INFO] BlockDiagram:2759 - set Specific Code input for plugin: RCC
2023-03-26 17:55:16,590 [INFO] CodeGenerator:793 - code generatio: config db path: C:\ST\STM32CubeIDE_1.12.0\STM32CubeIDE\plugins\com.st.stm32cube.common.mx_6.8.0.202302231600\\db\
2023-03-26 17:55:17,110 [INFO] CodeEngine:255 - oldGeneratedFile, C:\SYM32W1\lcd1\MXTmpFiles\license.tmp_save
2023-03-26 17:55:17,651 [INFO] CodeEngine:279 - Generated code: C:\SYM32W1\lcd1\MXTmpFiles\license.tmp
2023-03-26 17:55:17,773 [INFO] CodeEngine:255 - oldGeneratedFile, C:\SYM32W1\lcd1\MXTmpFiles\gpio.tmp_save
2023-03-26 17:55:17,959 [INFO] CodeEngine:279 - Generated code: C:\SYM32W1\lcd1\MXTmpFiles\gpio.tmp
2023-03-26 17:55:18,018 [INFO] CodeEngine:255 - oldGeneratedFile, C:\SYM32W1\lcd1\Core\Src\stm32f1xx_it.c_save
2023-03-26 17:55:18,193 [INFO] CodeEngine:279 - Generated code: C:\SYM32W1\lcd1\Core\Src\stm32f1xx_it.c
2023-03-26 17:55:18,206 [INFO] CodeEngine:255 - oldGeneratedFile, C:\SYM32W1\lcd1\Core\Inc\stm32f1xx_it.h_save
2023-03-26 17:55:18,338 [INFO] CodeEngine:279 - Generated code: C:\SYM32W1\lcd1\Core\Inc\stm32f1xx_it.h
2023-03-26 17:55:18,374 [INFO] CodeEngine:255 - oldGeneratedFile, C:\SYM32W1\lcd1\Core\Src\stm32f1xx_hal_msp.c_save
2023-03-26 17:55:18,574 [INFO] CodeEngine:279 - Generated code: C:\SYM32W1\lcd1\Core\Src\stm32f1xx_hal_msp.c
2023-03-26 17:55:18,583 [INFO] CodeEngine:255 - oldGeneratedFile, C:\SYM32W1\lcd1\MXTmpFiles\system.tmp_save
2023-03-26 17:55:18,679 [INFO] CodeEngine:279 - Generated code: C:\SYM32W1\lcd1\MXTmpFiles\system.tmp
2023-03-26 17:55:18,705 [INFO] CodeEngine:311 - oldGeneratedFile, C:\SYM32W1\lcd1\Core\Inc\stm32f1xx_hal_conf.h_save
2023-03-26 17:55:18,850 [INFO] CodeEngine:335 - Generated code: C:\SYM32W1\lcd1\Core\Inc\stm32f1xx_hal_conf.h
2023-03-26 17:55:18,921 [INFO] CodeEngine:255 - oldGeneratedFile, C:\SYM32W1\lcd1\Core\Inc\main.h_save
2023-03-26 17:55:19,064 [INFO] CodeEngine:279 - Generated code: C:\SYM32W1\lcd1\Core\Inc\main.h
2023-03-26 17:55:19,082 [INFO] CodeEngine:255 - oldGeneratedFile, C:\SYM32W1\lcd1\Core\Src\main.c_save
2023-03-26 17:55:19,273 [INFO] CodeEngine:279 - Generated code: C:\SYM32W1\lcd1\Core\Src\main.c
2023-03-26 17:55:20,378 [INFO] ProjectBuilder:2996 - Time for Copy HAL[1] : 287mS.
2023-03-26 17:55:20,394 [INFO] ProjectBuilder:4304 - Project Generator version: 3.19.2
2023-03-26 17:55:20,853 [INFO] ConfigFileManager:1483 - The Die is : DIE412
2023-03-26 17:55:20,876 [INFO] ApiDbMcu:507 - Load IP Config File for FATFS
2023-03-26 17:55:20,928 [INFO] ApiDbMcu:507 - Load IP Config File for FREERTOS
2023-03-26 17:55:20,979 [INFO] ApiDbMcu:507 - Load IP Config File for USB_DEVICE
2023-03-26 17:55:22,473 [INFO] LogOutputStream:77 - [STDOUT_REDIRECT] 
2023-03-26 17:55:24,199 [INFO] ProjectBuilder:4505 - Time for Generating toolchain IDE Files: 3804mS.
2023-03-26 17:55:24,200 [INFO] ProjectBuilder:2867 - Time for Copy CMSIS : 1mS.
2023-03-26 17:55:24,202 [INFO] ProjectBuilder:2867 - Time for Copy CMSIS : 0mS.
